<?xml version="1.0" encoding="UTF-8"?>
<robot generator="Robot 7.4.1 (Python 3.11.9 on win32)" generated="2026-02-20T12:02:38.001419" rpa="false" schemaversion="5">
<suite id="s1" name="E2E flow" source="C:\Users\kalla\PycharmProjects\PythonProject\tricentis_project\robot\tests\E2E_flow.robot">
<test id="s1-t1" name="Complete E2E Flow for Rohith" line="19">
<kw name="Open Browser To Application" owner="common" type="SETUP">
<kw name="Open Browser" owner="SeleniumLibrary">
<msg time="2026-02-20T12:02:39.210719" level="INFO">Opening browser 'edge' to base url 'https://demowebshop.tricentis.com'.</msg>
<arg>${BASE_URL}</arg>
<arg>${BROWSER}</arg>
<doc>Opens a new browser instance to the optional ``url``.</doc>
<status status="PASS" start="2026-02-20T12:02:39.209466" elapsed="5.884777"/>
</kw>
<kw name="Maximize Browser Window" owner="SeleniumLibrary">
<doc>Maximizes current browser window.</doc>
<status status="PASS" start="2026-02-20T12:02:45.095753" elapsed="0.112444"/>
</kw>
<kw name="Set Selenium Timeout" owner="SeleniumLibrary">
<arg>10s</arg>
<doc>Sets the timeout that is used by various keywords.</doc>
<status status="PASS" start="2026-02-20T12:02:45.208197" elapsed="0.020236"/>
</kw>
<kw name="Set Selenium Implicit Wait" owner="SeleniumLibrary">
<arg>2s</arg>
<doc>Sets the implicit wait value used by Selenium.</doc>
<status status="PASS" start="2026-02-20T12:02:45.231972" elapsed="0.010627"/>
</kw>
<kw name="Set Selenium Speed" owner="SeleniumLibrary">
<arg>0</arg>
<doc>Sets the delay that is waited after each Selenium command.</doc>
<status status="PASS" start="2026-02-20T12:02:45.243599" elapsed="0.000000"/>
</kw>
<status status="PASS" start="2026-02-20T12:02:39.208471" elapsed="6.036640"/>
</kw>
<kw name="Execute Complete Flow">
<kw name="Log" owner="BuiltIn">
<msg time="2026-02-20T12:02:45.253152" level="INFO">===== Starting Complete E2E Flow =====</msg>
<arg>===== Starting Complete E2E Flow =====</arg>
<doc>Logs the given message with the given level.</doc>
<status status="PASS" start="2026-02-20T12:02:45.252155" elapsed="0.001996"/>
</kw>
<kw name="Register New User" owner="register_keywords">
<kw name="Generate Random String" owner="String">
<msg time="2026-02-20T12:02:45.264702" level="INFO">${random} = 8470</msg>
<var>${random}</var>
<arg>4</arg>
<arg>[NUMBERS]</arg>
<doc>Generates a string with a desired ``length`` from the given ``chars``.</doc>
<status status="PASS" start="2026-02-20T12:02:45.260690" elapsed="0.007106"/>
</kw>
<kw name="Split String" owner="String">
<msg time="2026-02-20T12:02:45.270811" level="INFO">${parts} = ['rohith', 'test.com']</msg>
<var>${parts}</var>
<arg>${email}</arg>
<arg>@</arg>
<doc>Splits the ``string`` using ``separator`` as a delimiter string.</doc>
<status status="PASS" start="2026-02-20T12:02:45.267796" elapsed="0.003015"/>
</kw>
<kw name="Set Variable" owner="BuiltIn">
<msg time="2026-02-20T12:02:45.281365" level="INFO">${unique_email} = rohith8470@test.com</msg>
<var>${unique_email}</var>
<arg>${parts[0]}${random}@${parts[1]}</arg>
<doc>Returns the given values which can then be assigned to a variables.</doc>
<status status="PASS" start="2026-02-20T12:02:45.271810" elapsed="0.009555"/>
</kw>
<kw name="Log" owner="BuiltIn">
<msg time="2026-02-20T12:02:45.283363" level="INFO">===== Step: Starting Registration for rohith8470@test.com =====</msg>
<arg>===== Step: Starting Registration for ${unique_email} =====</arg>
<doc>Logs the given message with the given level.</doc>
<status status="PASS" start="2026-02-20T12:02:45.281365" elapsed="0.001998"/>
</kw>
<kw name="Click Link" owner="SeleniumLibrary">
<msg time="2026-02-20T12:02:45.286373" level="INFO">Clicking link 'xpath://a[text()='Register']'.</msg>
<arg>xpath://a[text()='Register']</arg>
<doc>Clicks a link identified by ``locator``.</doc>
<status status="PASS" start="2026-02-20T12:02:45.284375" elapsed="0.773674"/>
</kw>
<kw name="Wait Until Element Is Visible" owner="SeleniumLibrary">
<arg>id:FirstName</arg>
<arg>10s</arg>
<doc>Waits until the element ``locator`` is visible.</doc>
<status status="PASS" start="2026-02-20T12:02:46.059321" elapsed="0.045082"/>
</kw>
<kw name="Click Element" owner="SeleniumLibrary">
<msg time="2026-02-20T12:02:46.105439" level="INFO">Clicking element 'id:gender-female'.</msg>
<arg>id:gender-female</arg>
<doc>Click the element identified by ``locator``.</doc>
<status status="PASS" start="2026-02-20T12:02:46.104403" elapsed="0.140250"/>
</kw>
<kw name="Input Text" owner="SeleniumLibrary">
<msg time="2026-02-20T12:02:46.245919" level="INFO">Typing text 'Rohith' into text field 'id:FirstName'.</msg>
<arg>id:FirstName</arg>
<arg>${firstname}</arg>
<doc>Types the given ``text`` into the text field identified by ``locator``.</doc>
<status status="PASS" start="2026-02-20T12:02:46.244653" elapsed="0.230076"/>
</kw>
<kw name="Input Text" owner="SeleniumLibrary">
<msg time="2026-02-20T12:02:46.474729" level="INFO">Typing text 'V.H' into text field 'id:LastName'.</msg>
<arg>id:LastName</arg>
<arg>${lastname}</arg>
<doc>Types the given ``text`` into the text field identified by ``locator``.</doc>
<status status="PASS" start="2026-02-20T12:02:46.474729" elapsed="0.175869"/>
</kw>
<kw name="Input Text" owner="SeleniumLibrary">
<msg time="2026-02-20T12:02:46.652032" level="INFO">Typing text 'rohith8470@test.com' into text field 'id:Email'.</msg>
<arg>id:Email</arg>
<arg>${unique_email}</arg>
<doc>Types the given ``text`` into the text field identified by ``locator``.</doc>
<status status="PASS" start="2026-02-20T12:02:46.650598" elapsed="0.168378"/>
</kw>
<kw name="Input Text" owner="SeleniumLibrary">
<msg time="2026-02-20T12:02:46.820490" level="INFO">Typing text 'Test@123' into text field 'id:Password'.</msg>
<arg>id:Password</arg>
<arg>${password}</arg>
<doc>Types the given ``text`` into the text field identified by ``locator``.</doc>
<status status="PASS" start="2026-02-20T12:02:46.818976" elapsed="0.177625"/>
</kw>
<kw name="Input Text" owner="SeleniumLibrary">
<msg time="2026-02-20T12:02:46.998598" level="INFO">Typing text 'Test@123' into text field 'id:ConfirmPassword'.</msg>
<arg>id:ConfirmPassword</arg>
<arg>${confirm_password}</arg>
<doc>Types the given ``text`` into the text field identified by ``locator``.</doc>
<status status="PASS" start="2026-02-20T12:02:46.997601" elapsed="0.183690"/>
</kw>
<kw name="Click Button" owner="SeleniumLibrary">
<msg time="2026-02-20T12:02:47.184294" level="INFO">Clicking button 'id:register-button'.</msg>
<arg>id:register-button</arg>
<doc>Clicks the button identified by ``locator``.</doc>
<status status="PASS" start="2026-02-20T12:02:47.182813" elapsed="1.547035"/>
</kw>
<kw name="Wait Until Page Contains" owner="SeleniumLibrary">
<arg>Your registration completed</arg>
<arg>10s</arg>
<doc>Waits until ``text`` appears on the current page.</doc>
<status status="PASS" start="2026-02-20T12:02:48.731068" elapsed="0.030689"/>
</kw>
<kw name="Log" owner="BuiltIn">
<msg time="2026-02-20T12:02:48.764366" level="INFO">===== Registration Successful for rohith8470@test.com =====</msg>
<arg>===== Registration Successful for ${unique_email} =====</arg>
<doc>Logs the given message with the given level.</doc>
<status status="PASS" start="2026-02-20T12:02:48.763305" elapsed="0.001597"/>
</kw>
<return>
<value>${unique_email}</value>
<status status="PASS" start="2026-02-20T12:02:48.764902" elapsed="0.000000"/>
</return>
<msg time="2026-02-20T12:02:48.764902" level="INFO">${generated_email} = rohith8470@test.com</msg>
<var>${generated_email}</var>
<arg>${firstname}</arg>
<arg>${lastname}</arg>
<arg>${email}</arg>
<arg>${password}</arg>
<arg>${confirm_password}</arg>
<status status="PASS" start="2026-02-20T12:02:45.255663" elapsed="3.509239"/>
</kw>
<kw name="Logout User" owner="logout_keywords">
<kw name="Log" owner="BuiltIn">
<msg time="2026-02-20T12:02:48.767937" level="INFO">===== Step: Logging Out =====</msg>
<arg>===== Step: Logging Out =====</arg>
<doc>Logs the given message with the given level.</doc>
<status status="PASS" start="2026-02-20T12:02:48.766924" elapsed="0.001013"/>
</kw>
<kw name="Wait Until Element Is Visible" owner="SeleniumLibrary">
<arg>xpath://a[text()='Log out']</arg>
<arg>10s</arg>
<doc>Waits until the element ``locator`` is visible.</doc>
<status status="PASS" start="2026-02-20T12:02:48.769469" elapsed="0.034851"/>
</kw>
<kw name="Click Link" owner="SeleniumLibrary">
<msg time="2026-02-20T12:02:48.805830" level="INFO">Clicking link 'Log out'.</msg>
<arg>Log out</arg>
<doc>Clicks a link identified by ``locator``.</doc>
<status status="PASS" start="2026-02-20T12:02:48.805830" elapsed="1.136735"/>
</kw>
<kw name="Wait Until Element Is Visible" owner="SeleniumLibrary">
<arg>xpath://a[text()='Log in']</arg>
<arg>10s</arg>
<doc>Waits until the element ``locator`` is visible.</doc>
<status status="PASS" start="2026-02-20T12:02:49.943529" elapsed="0.035299"/>
</kw>
<kw name="Log" owner="BuiltIn">
<msg time="2026-02-20T12:02:49.981034" level="INFO">===== Logout Successful =====</msg>
<arg>===== Logout Successful =====</arg>
<doc>Logs the given message with the given level.</doc>
<status status="PASS" start="2026-02-20T12:02:49.980044" elapsed="0.000990"/>
</kw>
<status status="PASS" start="2026-02-20T12:02:48.765924" elapsed="1.215110"/>
</kw>
<kw name="Login User" owner="login_keywords">
<kw name="Log" owner="BuiltIn">
<msg time="2026-02-20T12:02:49.984705" level="INFO">===== Step: Logging in as rohith8470@test.com =====</msg>
<arg>===== Step: Logging in as ${email} =====</arg>
<doc>Logs the given message with the given level.</doc>
<status status="PASS" start="2026-02-20T12:02:49.983694" elapsed="0.002027"/>
</kw>
<kw name="Click Link" owner="SeleniumLibrary">
<msg time="2026-02-20T12:02:49.985721" level="INFO">Clicking link 'Log in'.</msg>
<arg>Log in</arg>
<doc>Clicks a link identified by ``locator``.</doc>
<status status="PASS" start="2026-02-20T12:02:49.985721" elapsed="0.593704"/>
</kw>
<kw name="Wait Until Element Is Visible" owner="SeleniumLibrary">
<arg>id:Email</arg>
<arg>10s</arg>
<doc>Waits until the element ``locator`` is visible.</doc>
<status status="PASS" start="2026-02-20T12:02:50.579425" elapsed="0.025756"/>
</kw>
<kw name="Input Text" owner="SeleniumLibrary">
<msg time="2026-02-20T12:02:50.606182" level="INFO">Typing text 'rohith8470@test.com' into text field 'id:Email'.</msg>
<arg>id:Email</arg>
<arg>${email}</arg>
<doc>Types the given ``text`` into the text field identified by ``locator``.</doc>
<status status="PASS" start="2026-02-20T12:02:50.605181" elapsed="0.129953"/>
</kw>
<kw name="Input Text" owner="SeleniumLibrary">
<msg time="2026-02-20T12:02:50.736149" level="INFO">Typing text 'Test@123' into text field 'id:Password'.</msg>
<arg>id:Password</arg>
<arg>${password}</arg>
<doc>Types the given ``text`` into the text field identified by ``locator``.</doc>
<status status="PASS" start="2026-02-20T12:02:50.736149" elapsed="0.178292"/>
</kw>
<kw name="Click Button" owner="SeleniumLibrary">
<msg time="2026-02-20T12:02:50.915457" level="INFO">Clicking button 'xpath://input[@value='Log in']'.</msg>
<arg>xpath://input[@value='Log in']</arg>
<doc>Clicks the button identified by ``locator``.</doc>
<status status="PASS" start="2026-02-20T12:02:50.915457" elapsed="0.908745"/>
</kw>
<kw name="Wait Until Element Is Visible" owner="SeleniumLibrary">
<arg>xpath://a[text()='Log out']</arg>
<arg>10s</arg>
<doc>Waits until the element ``locator`` is visible.</doc>
<status status="PASS" start="2026-02-20T12:02:51.824202" elapsed="0.050742"/>
</kw>
<kw name="Log" owner="BuiltIn">
<msg time="2026-02-20T12:02:51.876452" level="INFO">===== Login Successful for rohith8470@test.com =====</msg>
<arg>===== Login Successful for ${email} =====</arg>
<doc>Logs the given message with the given level.</doc>
<status status="PASS" start="2026-02-20T12:02:51.874944" elapsed="0.001508"/>
</kw>
<arg>${generated_email}</arg>
<arg>${password}</arg>
<status status="PASS" start="2026-02-20T12:02:49.982673" elapsed="1.893779"/>
</kw>
<kw name="Search Product" owner="search_keywords">
<kw name="Log" owner="BuiltIn">
<msg time="2026-02-20T12:02:51.878475" level="INFO">===== Step: Searching for 14.1-inch Laptop =====</msg>
<arg>===== Step: Searching for ${search_item} =====</arg>
<doc>Logs the given message with the given level.</doc>
<status status="PASS" start="2026-02-20T12:02:51.877469" elapsed="0.001006"/>
</kw>
<kw name="Wait Until Element Is Visible" owner="SeleniumLibrary">
<arg>id:small-searchterms</arg>
<arg>10s</arg>
<doc>Waits until the element ``locator`` is visible.</doc>
<status status="PASS" start="2026-02-20T12:02:51.879461" elapsed="0.033683"/>
</kw>
<kw name="Input Text" owner="SeleniumLibrary">
<msg time="2026-02-20T12:02:51.914545" level="INFO">Typing text '14.1-inch Laptop' into text field 'id:small-searchterms'.</msg>
<arg>id:small-searchterms</arg>
<arg>${search_item}</arg>
<doc>Types the given ``text`` into the text field identified by ``locator``.</doc>
<status status="PASS" start="2026-02-20T12:02:51.914545" elapsed="0.208156"/>
</kw>
<kw name="Click Button" owner="SeleniumLibrary">
<msg time="2026-02-20T12:02:52.123692" level="INFO">Clicking button 'xpath://input[@value='Search']'.</msg>
<arg>xpath://input[@value='Search']</arg>
<doc>Clicks the button identified by ``locator``.</doc>
<status status="PASS" start="2026-02-20T12:02:52.123692" elapsed="0.902479"/>
</kw>
<kw name="Wait Until Page Contains" owner="SeleniumLibrary">
<arg>${search_item}</arg>
<arg>10s</arg>
<doc>Waits until ``text`` appears on the current page.</doc>
<status status="PASS" start="2026-02-20T12:02:53.026171" elapsed="0.023791"/>
</kw>
<kw name="Page Should Contain" owner="SeleniumLibrary">
<msg time="2026-02-20T12:02:53.071182" level="INFO">Current page contains text '14.1-inch Laptop'.</msg>
<arg>${search_item}</arg>
<doc>Verifies that current page contains ``text``.</doc>
<status status="PASS" start="2026-02-20T12:02:53.049962" elapsed="0.021220"/>
</kw>
<arg>${search_item}</arg>
<status status="PASS" start="2026-02-20T12:02:51.877469" elapsed="1.193713"/>
</kw>
<kw name="Open First Product Details" owner="product_details_keywords">
<kw name="Log" owner="BuiltIn">
<msg time="2026-02-20T12:02:53.073216" level="INFO">Opening first product from search results</msg>
<arg>Opening first product from search results</arg>
<doc>Logs the given message with the given level.</doc>
<status status="PASS" start="2026-02-20T12:02:53.072203" elapsed="0.001013"/>
</kw>
<kw name="Wait Until Page Contains Element" owner="SeleniumLibrary">
<arg>css:.product-item</arg>
<arg>15s</arg>
<doc>Waits until the element ``locator`` appears on the current page.</doc>
<status status="PASS" start="2026-02-20T12:02:53.073216" elapsed="0.018274"/>
</kw>
<kw name="Click Element" owner="SeleniumLibrary">
<msg time="2026-02-20T12:02:53.092497" level="INFO">Clicking element 'xpath:(//h2[@class='product-title']/a)[1]'.</msg>
<arg>xpath:(//h2[@class='product-title']/a)[1]</arg>
<doc>Click the element identified by ``locator``.</doc>
<status status="PASS" start="2026-02-20T12:02:53.092497" elapsed="0.920665"/>
</kw>
<kw name="Wait Until Page Contains Element" owner="SeleniumLibrary">
<arg>css:.product-name</arg>
<arg>15s</arg>
<doc>Waits until the element ``locator`` appears on the current page.</doc>
<status status="PASS" start="2026-02-20T12:02:54.014280" elapsed="0.022471"/>
</kw>
<kw name="Log" owner="BuiltIn">
<msg time="2026-02-20T12:02:54.037750" level="INFO">===== Product Details Page Loaded =====</msg>
<arg>===== Product Details Page Loaded =====</arg>
<doc>Logs the given message with the given level.</doc>
<status status="PASS" start="2026-02-20T12:02:54.036751" elapsed="0.000999"/>
</kw>
<status status="PASS" start="2026-02-20T12:02:53.072203" elapsed="0.966548"/>
</kw>
<kw name="Add Product To Cart" owner="add_to_cart_keywords">
<kw name="Log" owner="BuiltIn">
<msg time="2026-02-20T12:02:54.040780" level="INFO">Adding product to cart</msg>
<arg>Adding product to cart</arg>
<doc>Logs the given message with the given level.</doc>
<status status="PASS" start="2026-02-20T12:02:54.039751" elapsed="0.001029"/>
</kw>
<kw name="Click Element" owner="SeleniumLibrary">
<msg time="2026-02-20T12:02:54.041795" level="INFO">Clicking element 'xpath://input[contains(@class,'add-to-cart-button')]'.</msg>
<arg>xpath://input[contains(@class,'add-to-cart-button')]</arg>
<doc>Click the element identified by ``locator``.</doc>
<status status="PASS" start="2026-02-20T12:02:54.041795" elapsed="0.143800"/>
</kw>
<kw name="Wait Until Page Contains" owner="SeleniumLibrary">
<arg>The product has been added</arg>
<arg>10s</arg>
<doc>Waits until ``text`` appears on the current page.</doc>
<status status="PASS" start="2026-02-20T12:02:54.186629" elapsed="0.355568"/>
</kw>
<kw name="Log" owner="BuiltIn">
<msg time="2026-02-20T12:02:54.544202" level="INFO">===== Product Added To Cart Successfully =====</msg>
<arg>===== Product Added To Cart Successfully =====</arg>
<doc>Logs the given message with the given level.</doc>
<status status="PASS" start="2026-02-20T12:02:54.543213" elapsed="0.000989"/>
</kw>
<status status="PASS" start="2026-02-20T12:02:54.038751" elapsed="0.505451"/>
</kw>
<kw name="Open Cart" owner="update_cart">
<kw name="Log" owner="BuiltIn">
<msg time="2026-02-20T12:02:54.546747" level="INFO">Opening shopping cart</msg>
<arg>Opening shopping cart</arg>
<doc>Logs the given message with the given level.</doc>
<status status="PASS" start="2026-02-20T12:02:54.545214" elapsed="0.001533"/>
</kw>
<kw name="Wait Until Element Is Not Visible" owner="SeleniumLibrary">
<arg>css:div.bar-notification.success</arg>
<arg>5s</arg>
<doc>Waits until the element ``locator`` is not visible.</doc>
<status status="PASS" start="2026-02-20T12:02:54.546747" elapsed="4.091164"/>
</kw>
<kw name="Click Element" owner="SeleniumLibrary">
<msg time="2026-02-20T12:02:58.639747" level="INFO">Clicking element 'class:ico-cart'.</msg>
<arg>class:ico-cart</arg>
<doc>Click the element identified by ``locator``.</doc>
<status status="PASS" start="2026-02-20T12:02:58.639747" elapsed="0.837352"/>
</kw>
<kw name="Wait Until Element Is Visible" owner="SeleniumLibrary">
<arg>class:qty-input</arg>
<arg>5s</arg>
<doc>Waits until the element ``locator`` is visible.</doc>
<status status="PASS" start="2026-02-20T12:02:59.477099" elapsed="0.037194"/>
</kw>
<kw name="Log" owner="BuiltIn">
<msg time="2026-02-20T12:02:59.515293" level="INFO">===== Cart Page Opened Successfully =====</msg>
<arg>===== Cart Page Opened Successfully =====</arg>
<doc>Logs the given message with the given level.</doc>
<status status="PASS" start="2026-02-20T12:02:59.514293" elapsed="0.001000"/>
</kw>
<status status="PASS" start="2026-02-20T12:02:54.545214" elapsed="4.970079"/>
</kw>
<kw name="Update Cart Quantity" owner="update_cart">
<kw name="Log" owner="BuiltIn">
<msg time="2026-02-20T12:02:59.516293" level="INFO">Updating quantity to: 2</msg>
<arg>Updating quantity to: ${quantity}</arg>
<doc>Logs the given message with the given level.</doc>
<status status="PASS" start="2026-02-20T12:02:59.516293" elapsed="0.001001"/>
</kw>
<kw name="Wait Until Element Is Visible" owner="SeleniumLibrary">
<arg>class:qty-input</arg>
<arg>10s</arg>
<doc>Waits until the element ``locator`` is visible.</doc>
<status status="PASS" start="2026-02-20T12:02:59.517294" elapsed="0.024919"/>
</kw>
<kw name="Clear Element Text" owner="SeleniumLibrary">
<arg>class:qty-input</arg>
<doc>Clears the value of the text-input-element identified by ``locator``.</doc>
<status status="PASS" start="2026-02-20T12:02:59.542213" elapsed="0.064507"/>
</kw>
<kw name="Input Text" owner="SeleniumLibrary">
<msg time="2026-02-20T12:02:59.608894" level="INFO">Typing text '2' into text field 'class:qty-input'.</msg>
<arg>class:qty-input</arg>
<arg>${quantity}</arg>
<doc>Types the given ``text`` into the text field identified by ``locator``.</doc>
<status status="PASS" start="2026-02-20T12:02:59.607893" elapsed="0.158260"/>
</kw>
<kw name="Click Button" owner="SeleniumLibrary">
<msg time="2026-02-20T12:02:59.767187" level="INFO">Clicking button 'name:updatecart'.</msg>
<arg>name:updatecart</arg>
<doc>Clicks the button identified by ``locator``.</doc>
<status status="PASS" start="2026-02-20T12:02:59.766153" elapsed="0.858092"/>
</kw>
<kw name="Wait Until Page Contains" owner="SeleniumLibrary">
<arg>Shopping cart</arg>
<arg>10s</arg>
<doc>Waits until ``text`` appears on the current page.</doc>
<status status="PASS" start="2026-02-20T12:03:00.625449" elapsed="0.023414"/>
</kw>
<kw name="Log" owner="BuiltIn">
<msg time="2026-02-20T12:03:00.649846" level="INFO">===== Quantity Updated Successfully =====</msg>
<arg>===== Quantity Updated Successfully =====</arg>
<doc>Logs the given message with the given level.</doc>
<status status="PASS" start="2026-02-20T12:03:00.648863" elapsed="0.000983"/>
</kw>
<arg>${quantity}</arg>
<status status="PASS" start="2026-02-20T12:02:59.515293" elapsed="1.134553"/>
</kw>
<kw name="Remove Item From Cart" owner="remove_from_cart_keywords">
<kw name="Log" owner="BuiltIn">
<msg time="2026-02-20T12:03:00.651866" level="INFO">===== Step: Removing Item from Cart =====</msg>
<arg>===== Step: Removing Item from Cart =====</arg>
<doc>Logs the given message with the given level.</doc>
<status status="PASS" start="2026-02-20T12:03:00.650861" elapsed="0.001005"/>
</kw>
<kw name="Wait Until Element Is Visible" owner="SeleniumLibrary">
<arg>name:removefromcart</arg>
<arg>10s</arg>
<doc>Waits until the element ``locator`` is visible.</doc>
<status status="PASS" start="2026-02-20T12:03:00.651866" elapsed="0.034442"/>
</kw>
<kw name="Select Checkbox" owner="SeleniumLibrary">
<msg time="2026-02-20T12:03:00.687288" level="INFO">Selecting checkbox 'name:removefromcart'.</msg>
<arg>name:removefromcart</arg>
<doc>Selects the checkbox identified by ``locator``.</doc>
<status status="PASS" start="2026-02-20T12:03:00.686308" elapsed="0.162582"/>
</kw>
<kw name="Click Button" owner="SeleniumLibrary">
<msg time="2026-02-20T12:03:00.849891" level="INFO">Clicking button 'name:updatecart'.</msg>
<arg>name:updatecart</arg>
<doc>Clicks the button identified by ``locator``.</doc>
<status status="PASS" start="2026-02-20T12:03:00.848890" elapsed="0.547532"/>
</kw>
<kw name="Wait Until Page Contains" owner="SeleniumLibrary">
<arg>Your Shopping Cart is empty!</arg>
<arg>10s</arg>
<doc>Waits until ``text`` appears on the current page.</doc>
<status status="PASS" start="2026-02-20T12:03:01.396422" elapsed="0.216194"/>
</kw>
<kw name="Log" owner="BuiltIn">
<msg time="2026-02-20T12:03:01.613621" level="INFO">===== Cart Cleared =====</msg>
<arg>===== Cart Cleared =====</arg>
<doc>Logs the given message with the given level.</doc>
<status status="PASS" start="2026-02-20T12:03:01.613621" elapsed="0.000000"/>
</kw>
<status status="PASS" start="2026-02-20T12:03:00.649846" elapsed="0.963775"/>
</kw>
<kw name="Logout User" owner="logout_keywords">
<kw name="Log" owner="BuiltIn">
<msg time="2026-02-20T12:03:01.614622" level="INFO">===== Step: Logging Out =====</msg>
<arg>===== Step: Logging Out =====</arg>
<doc>Logs the given message with the given level.</doc>
<status status="PASS" start="2026-02-20T12:03:01.614622" elapsed="0.000999"/>
</kw>
<kw name="Wait Until Element Is Visible" owner="SeleniumLibrary">
<arg>xpath://a[text()='Log out']</arg>
<arg>10s</arg>
<doc>Waits until the element ``locator`` is visible.</doc>
<status status="PASS" start="2026-02-20T12:03:01.615621" elapsed="0.030936"/>
</kw>
<kw name="Click Link" owner="SeleniumLibrary">
<msg time="2026-02-20T12:03:01.647551" level="INFO">Clicking link 'Log out'.</msg>
<arg>Log out</arg>
<doc>Clicks a link identified by ``locator``.</doc>
<status status="PASS" start="2026-02-20T12:03:01.647551" elapsed="1.061867"/>
</kw>
<kw name="Wait Until Element Is Visible" owner="SeleniumLibrary">
<arg>xpath://a[text()='Log in']</arg>
<arg>10s</arg>
<doc>Waits until the element ``locator`` is visible.</doc>
<status status="PASS" start="2026-02-20T12:03:02.709418" elapsed="0.029565"/>
</kw>
<kw name="Log" owner="BuiltIn">
<msg time="2026-02-20T12:03:02.740550" level="INFO">===== Logout Successful =====</msg>
<arg>===== Logout Successful =====</arg>
<doc>Logs the given message with the given level.</doc>
<status status="PASS" start="2026-02-20T12:03:02.740550" elapsed="0.001014"/>
</kw>
<status status="PASS" start="2026-02-20T12:03:01.614622" elapsed="1.126942"/>
</kw>
<arg>firstname=Rohith</arg>
<arg>lastname=V.H</arg>
<arg>email=rohith@test.com</arg>
<arg>password=Test@123</arg>
<arg>confirm_password=Test@123</arg>
<arg>search_item=14.1-inch Laptop</arg>
<arg>quantity=2</arg>
<status status="PASS" start="2026-02-20T12:02:45.248140" elapsed="17.493424"/>
</kw>
<kw name="Close Browser Session" owner="common" type="TEARDOWN">
<kw name="Close All Browsers" owner="SeleniumLibrary">
<doc>Closes all open browsers and resets the browser cache.</doc>
<status status="PASS" start="2026-02-20T12:03:02.743559" elapsed="2.595378"/>
</kw>
<status status="PASS" start="2026-02-20T12:03:02.742562" elapsed="2.596375"/>
</kw>
<status status="PASS" start="2026-02-20T12:02:39.204939" elapsed="26.135008"/>
</test>
<test id="s1-t2" name="Complete E2E Flow for Pavani" line="19">
<kw name="Open Browser To Application" owner="common" type="SETUP">
<kw name="Open Browser" owner="SeleniumLibrary">
<msg time="2026-02-20T12:03:05.345498" level="INFO">Opening browser 'edge' to base url 'https://demowebshop.tricentis.com'.</msg>
<arg>${BASE_URL}</arg>
<arg>${BROWSER}</arg>
<doc>Opens a new browser instance to the optional ``url``.</doc>
<status status="PASS" start="2026-02-20T12:03:05.344498" elapsed="5.598920"/>
</kw>
<kw name="Maximize Browser Window" owner="SeleniumLibrary">
<doc>Maximizes current browser window.</doc>
<status status="PASS" start="2026-02-20T12:03:10.944438" elapsed="0.083575"/>
</kw>
<kw name="Set Selenium Timeout" owner="SeleniumLibrary">
<arg>10s</arg>
<doc>Sets the timeout that is used by various keywords.</doc>
<status status="PASS" start="2026-02-20T12:03:11.029028" elapsed="0.009037"/>
</kw>
<kw name="Set Selenium Implicit Wait" owner="SeleniumLibrary">
<arg>2s</arg>
<doc>Sets the implicit wait value used by Selenium.</doc>
<status status="PASS" start="2026-02-20T12:03:11.039577" elapsed="0.003116"/>
</kw>
<kw name="Set Selenium Speed" owner="SeleniumLibrary">
<arg>0</arg>
<doc>Sets the delay that is waited after each Selenium command.</doc>
<status status="PASS" start="2026-02-20T12:03:11.042693" elapsed="0.000000"/>
</kw>
<status status="PASS" start="2026-02-20T12:03:05.344498" elapsed="5.698195"/>
</kw>
<kw name="Execute Complete Flow">
<kw name="Log" owner="BuiltIn">
<msg time="2026-02-20T12:03:11.046324" level="INFO">===== Starting Complete E2E Flow =====</msg>
<arg>===== Starting Complete E2E Flow =====</arg>
<doc>Logs the given message with the given level.</doc>
<status status="PASS" start="2026-02-20T12:03:11.045322" elapsed="0.001002"/>
</kw>
<kw name="Register New User" owner="register_keywords">
<kw name="Generate Random String" owner="String">
<msg time="2026-02-20T12:03:11.048834" level="INFO">${random} = 1065</msg>
<var>${random}</var>
<arg>4</arg>
<arg>[NUMBERS]</arg>
<doc>Generates a string with a desired ``length`` from the given ``chars``.</doc>
<status status="PASS" start="2026-02-20T12:03:11.048323" elapsed="0.000511"/>
</kw>
<kw name="Split String" owner="String">
<msg time="2026-02-20T12:03:11.048834" level="INFO">${parts} = ['pavani', 'test.com']</msg>
<var>${parts}</var>
<arg>${email}</arg>
<arg>@</arg>
<doc>Splits the ``string`` using ``separator`` as a delimiter string.</doc>
<status status="PASS" start="2026-02-20T12:03:11.048834" elapsed="0.000000"/>
</kw>
<kw name="Set Variable" owner="BuiltIn">
<msg time="2026-02-20T12:03:11.053373" level="INFO">${unique_email} = pavani1065@test.com</msg>
<var>${unique_email}</var>
<arg>${parts[0]}${random}@${parts[1]}</arg>
<doc>Returns the given values which can then be assigned to a variables.</doc>
<status status="PASS" start="2026-02-20T12:03:11.050350" elapsed="0.003023"/>
</kw>
<kw name="Log" owner="BuiltIn">
<msg time="2026-02-20T12:03:11.054375" level="INFO">===== Step: Starting Registration for pavani1065@test.com =====</msg>
<arg>===== Step: Starting Registration for ${unique_email} =====</arg>
<doc>Logs the given message with the given level.</doc>
<status status="PASS" start="2026-02-20T12:03:11.053373" elapsed="0.001002"/>
</kw>
<kw name="Click Link" owner="SeleniumLibrary">
<msg time="2026-02-20T12:03:11.055389" level="INFO">Clicking link 'xpath://a[text()='Register']'.</msg>
<arg>xpath://a[text()='Register']</arg>
<doc>Clicks a link identified by ``locator``.</doc>
<status status="PASS" start="2026-02-20T12:03:11.055389" elapsed="0.686218"/>
</kw>
<kw name="Wait Until Element Is Visible" owner="SeleniumLibrary">
<arg>id:FirstName</arg>
<arg>10s</arg>
<doc>Waits until the element ``locator`` is visible.</doc>
<status status="PASS" start="2026-02-20T12:03:11.742641" elapsed="0.042973"/>
</kw>
<kw name="Click Element" owner="SeleniumLibrary">
<msg time="2026-02-20T12:03:11.786130" level="INFO">Clicking element 'id:gender-female'.</msg>
<arg>id:gender-female</arg>
<doc>Click the element identified by ``locator``.</doc>
<status status="PASS" start="2026-02-20T12:03:11.786130" elapsed="0.141789"/>
</kw>
<kw name="Input Text" owner="SeleniumLibrary">
<msg time="2026-02-20T12:03:11.928926" level="INFO">Typing text 'Pavani' into text field 'id:FirstName'.</msg>
<arg>id:FirstName</arg>
<arg>${firstname}</arg>
<doc>Types the given ``text`` into the text field identified by ``locator``.</doc>
<status status="PASS" start="2026-02-20T12:03:11.928926" elapsed="0.296545"/>
</kw>
<kw name="Input Text" owner="SeleniumLibrary">
<msg time="2026-02-20T12:03:12.226471" level="INFO">Typing text 'Kalla' into text field 'id:LastName'.</msg>
<arg>id:LastName</arg>
<arg>${lastname}</arg>
<doc>Types the given ``text`` into the text field identified by ``locator``.</doc>
<status status="PASS" start="2026-02-20T12:03:12.225471" elapsed="0.166727"/>
</kw>
<kw name="Input Text" owner="SeleniumLibrary">
<msg time="2026-02-20T12:03:12.392712" level="INFO">Typing text 'pavani1065@test.com' into text field 'id:Email'.</msg>
<arg>id:Email</arg>
<arg>${unique_email}</arg>
<doc>Types the given ``text`` into the text field identified by ``locator``.</doc>
<status status="PASS" start="2026-02-20T12:03:12.392198" elapsed="0.192423"/>
</kw>
<kw name="Input Text" owner="SeleniumLibrary">
<msg time="2026-02-20T12:03:12.586160" level="INFO">Typing text 'Test@456' into text field 'id:Password'.</msg>
<arg>id:Password</arg>
<arg>${password}</arg>
<doc>Types the given ``text`` into the text field identified by ``locator``.</doc>
<status status="PASS" start="2026-02-20T12:03:12.584621" elapsed="0.154989"/>
</kw>
<kw name="Input Text" owner="SeleniumLibrary">
<msg time="2026-02-20T12:03:12.741147" level="INFO">Typing text 'Test@456' into text field 'id:ConfirmPassword'.</msg>
<arg>id:ConfirmPassword</arg>
<arg>${confirm_password}</arg>
<doc>Types the given ``text`` into the text field identified by ``locator``.</doc>
<status status="PASS" start="2026-02-20T12:03:12.739610" elapsed="0.159996"/>
</kw>
<kw name="Click Button" owner="SeleniumLibrary">
<msg time="2026-02-20T12:03:12.901143" level="INFO">Clicking button 'id:register-button'.</msg>
<arg>id:register-button</arg>
<doc>Clicks the button identified by ``locator``.</doc>
<status status="PASS" start="2026-02-20T12:03:12.899606" elapsed="1.115064"/>
</kw>
<kw name="Wait Until Page Contains" owner="SeleniumLibrary">
<arg>Your registration completed</arg>
<arg>10s</arg>
<doc>Waits until ``text`` appears on the current page.</doc>
<status status="PASS" start="2026-02-20T12:03:14.014670" elapsed="0.039774"/>
</kw>
<kw name="Log" owner="BuiltIn">
<msg time="2026-02-20T12:03:14.055514" level="INFO">===== Registration Successful for pavani1065@test.com =====</msg>
<arg>===== Registration Successful for ${unique_email} =====</arg>
<doc>Logs the given message with the given level.</doc>
<status status="PASS" start="2026-02-20T12:03:14.054444" elapsed="0.001070"/>
</kw>
<return>
<value>${unique_email}</value>
<status status="PASS" start="2026-02-20T12:03:14.055514" elapsed="0.000000"/>
</return>
<msg time="2026-02-20T12:03:14.055514" level="INFO">${generated_email} = pavani1065@test.com</msg>
<var>${generated_email}</var>
<arg>${firstname}</arg>
<arg>${lastname}</arg>
<arg>${email}</arg>
<arg>${password}</arg>
<arg>${confirm_password}</arg>
<status status="PASS" start="2026-02-20T12:03:11.047322" elapsed="3.008192"/>
</kw>
<kw name="Logout User" owner="logout_keywords">
<kw name="Log" owner="BuiltIn">
<msg time="2026-02-20T12:03:14.057035" level="INFO">===== Step: Logging Out =====</msg>
<arg>===== Step: Logging Out =====</arg>
<doc>Logs the given message with the given level.</doc>
<status status="PASS" start="2026-02-20T12:03:14.057035" elapsed="0.000000"/>
</kw>
<kw name="Wait Until Element Is Visible" owner="SeleniumLibrary">
<arg>xpath://a[text()='Log out']</arg>
<arg>10s</arg>
<doc>Waits until the element ``locator`` is visible.</doc>
<status status="PASS" start="2026-02-20T12:03:14.057035" elapsed="0.033096"/>
</kw>
<kw name="Click Link" owner="SeleniumLibrary">
<msg time="2026-02-20T12:03:14.090131" level="INFO">Clicking link 'Log out'.</msg>
<arg>Log out</arg>
<doc>Clicks a link identified by ``locator``.</doc>
<status status="PASS" start="2026-02-20T12:03:14.090131" elapsed="0.934359"/>
</kw>
<kw name="Wait Until Element Is Visible" owner="SeleniumLibrary">
<arg>xpath://a[text()='Log in']</arg>
<arg>10s</arg>
<doc>Waits until the element ``locator`` is visible.</doc>
<status status="PASS" start="2026-02-20T12:03:15.025517" elapsed="0.036404"/>
</kw>
<kw name="Log" owner="BuiltIn">
<msg time="2026-02-20T12:03:15.063935" level="INFO">===== Logout Successful =====</msg>
<arg>===== Logout Successful =====</arg>
<doc>Logs the given message with the given level.</doc>
<status status="PASS" start="2026-02-20T12:03:15.062937" elapsed="0.000998"/>
</kw>
<status status="PASS" start="2026-02-20T12:03:14.056514" elapsed="1.007421"/>
</kw>
<kw name="Login User" owner="login_keywords">
<kw name="Log" owner="BuiltIn">
<msg time="2026-02-20T12:03:15.066444" level="INFO">===== Step: Logging in as pavani1065@test.com =====</msg>
<arg>===== Step: Logging in as ${email} =====</arg>
<doc>Logs the given message with the given level.</doc>
<status status="PASS" start="2026-02-20T12:03:15.064933" elapsed="0.001511"/>
</kw>
<kw name="Click Link" owner="SeleniumLibrary">
<msg time="2026-02-20T12:03:15.067465" level="INFO">Clicking link 'Log in'.</msg>
<arg>Log in</arg>
<doc>Clicks a link identified by ``locator``.</doc>
<status status="PASS" start="2026-02-20T12:03:15.066444" elapsed="0.609839"/>
</kw>
<kw name="Wait Until Element Is Visible" owner="SeleniumLibrary">
<arg>id:Email</arg>
<arg>10s</arg>
<doc>Waits until the element ``locator`` is visible.</doc>
<status status="PASS" start="2026-02-20T12:03:15.676283" elapsed="0.028427"/>
</kw>
<kw name="Input Text" owner="SeleniumLibrary">
<msg time="2026-02-20T12:03:15.705716" level="INFO">Typing text 'pavani1065@test.com' into text field 'id:Email'.</msg>
<arg>id:Email</arg>
<arg>${email}</arg>
<doc>Types the given ``text`` into the text field identified by ``locator``.</doc>
<status status="PASS" start="2026-02-20T12:03:15.704710" elapsed="0.150182"/>
</kw>
<kw name="Input Text" owner="SeleniumLibrary">
<msg time="2026-02-20T12:03:15.855890" level="INFO">Typing text 'Test@456' into text field 'id:Password'.</msg>
<arg>id:Password</arg>
<arg>${password}</arg>
<doc>Types the given ``text`` into the text field identified by ``locator``.</doc>
<status status="PASS" start="2026-02-20T12:03:15.854892" elapsed="0.149037"/>
</kw>
<kw name="Click Button" owner="SeleniumLibrary">
<msg time="2026-02-20T12:03:16.005397" level="INFO">Clicking button 'xpath://input[@value='Log in']'.</msg>
<arg>xpath://input[@value='Log in']</arg>
<doc>Clicks the button identified by ``locator``.</doc>
<status status="PASS" start="2026-02-20T12:03:16.005397" elapsed="1.054953"/>
</kw>
<kw name="Wait Until Element Is Visible" owner="SeleniumLibrary">
<arg>xpath://a[text()='Log out']</arg>
<arg>10s</arg>
<doc>Waits until the element ``locator`` is visible.</doc>
<status status="PASS" start="2026-02-20T12:03:17.060350" elapsed="0.034711"/>
</kw>
<kw name="Log" owner="BuiltIn">
<msg time="2026-02-20T12:03:17.096572" level="INFO">===== Login Successful for pavani1065@test.com =====</msg>
<arg>===== Login Successful for ${email} =====</arg>
<doc>Logs the given message with the given level.</doc>
<status status="PASS" start="2026-02-20T12:03:17.095061" elapsed="0.001511"/>
</kw>
<arg>${generated_email}</arg>
<arg>${password}</arg>
<status status="PASS" start="2026-02-20T12:03:15.064933" elapsed="2.031639"/>
</kw>
<kw name="Search Product" owner="search_keywords">
<kw name="Log" owner="BuiltIn">
<msg time="2026-02-20T12:03:17.098589" level="INFO">===== Step: Searching for Blue Jeans =====</msg>
<arg>===== Step: Searching for ${search_item} =====</arg>
<doc>Logs the given message with the given level.</doc>
<status status="PASS" start="2026-02-20T12:03:17.098589" elapsed="0.000000"/>
</kw>
<kw name="Wait Until Element Is Visible" owner="SeleniumLibrary">
<arg>id:small-searchterms</arg>
<arg>10s</arg>
<doc>Waits until the element ``locator`` is visible.</doc>
<status status="PASS" start="2026-02-20T12:03:17.099591" elapsed="0.032026"/>
</kw>
<kw name="Input Text" owner="SeleniumLibrary">
<msg time="2026-02-20T12:03:17.132599" level="INFO">Typing text 'Blue Jeans' into text field 'id:small-searchterms'.</msg>
<arg>id:small-searchterms</arg>
<arg>${search_item}</arg>
<doc>Types the given ``text`` into the text field identified by ``locator``.</doc>
<status status="PASS" start="2026-02-20T12:03:17.131617" elapsed="0.173339"/>
</kw>
<kw name="Click Button" owner="SeleniumLibrary">
<msg time="2026-02-20T12:03:17.306465" level="INFO">Clicking button 'xpath://input[@value='Search']'.</msg>
<arg>xpath://input[@value='Search']</arg>
<doc>Clicks the button identified by ``locator``.</doc>
<status status="PASS" start="2026-02-20T12:03:17.306465" elapsed="1.052107"/>
</kw>
<kw name="Wait Until Page Contains" owner="SeleniumLibrary">
<arg>${search_item}</arg>
<arg>10s</arg>
<doc>Waits until ``text`` appears on the current page.</doc>
<status status="PASS" start="2026-02-20T12:03:18.358572" elapsed="0.026612"/>
</kw>
<kw name="Page Should Contain" owner="SeleniumLibrary">
<msg time="2026-02-20T12:03:18.403896" level="INFO">Current page contains text 'Blue Jeans'.</msg>
<arg>${search_item}</arg>
<doc>Verifies that current page contains ``text``.</doc>
<status status="PASS" start="2026-02-20T12:03:18.385184" elapsed="0.018712"/>
</kw>
<arg>${search_item}</arg>
<status status="PASS" start="2026-02-20T12:03:17.097588" elapsed="1.306308"/>
</kw>
<kw name="Open First Product Details" owner="product_details_keywords">
<kw name="Log" owner="BuiltIn">
<msg time="2026-02-20T12:03:18.406295" level="INFO">Opening first product from search results</msg>
<arg>Opening first product from search results</arg>
<doc>Logs the given message with the given level.</doc>
<status status="PASS" start="2026-02-20T12:03:18.404895" elapsed="0.001400"/>
</kw>
<kw name="Wait Until Page Contains Element" owner="SeleniumLibrary">
<arg>css:.product-item</arg>
<arg>15s</arg>
<doc>Waits until the element ``locator`` appears on the current page.</doc>
<status status="PASS" start="2026-02-20T12:03:18.406295" elapsed="0.018112"/>
</kw>
<kw name="Click Element" owner="SeleniumLibrary">
<msg time="2026-02-20T12:03:18.425411" level="INFO">Clicking element 'xpath:(//h2[@class='product-title']/a)[1]'.</msg>
<arg>xpath:(//h2[@class='product-title']/a)[1]</arg>
<doc>Click the element identified by ``locator``.</doc>
<status status="PASS" start="2026-02-20T12:03:18.424407" elapsed="0.956995"/>
</kw>
<kw name="Wait Until Page Contains Element" owner="SeleniumLibrary">
<arg>css:.product-name</arg>
<arg>15s</arg>
<doc>Waits until the element ``locator`` appears on the current page.</doc>
<status status="PASS" start="2026-02-20T12:03:19.381402" elapsed="0.023440"/>
</kw>
<kw name="Log" owner="BuiltIn">
<msg time="2026-02-20T12:03:19.405841" level="INFO">===== Product Details Page Loaded =====</msg>
<arg>===== Product Details Page Loaded =====</arg>
<doc>Logs the given message with the given level.</doc>
<status status="PASS" start="2026-02-20T12:03:19.404842" elapsed="0.000999"/>
</kw>
<status status="PASS" start="2026-02-20T12:03:18.404895" elapsed="1.000946"/>
</kw>
<kw name="Add Product To Cart" owner="add_to_cart_keywords">
<kw name="Log" owner="BuiltIn">
<msg time="2026-02-20T12:03:19.406843" level="INFO">Adding product to cart</msg>
<arg>Adding product to cart</arg>
<doc>Logs the given message with the given level.</doc>
<status status="PASS" start="2026-02-20T12:03:19.406843" elapsed="0.000000"/>
</kw>
<kw name="Click Element" owner="SeleniumLibrary">
<msg time="2026-02-20T12:03:19.407837" level="INFO">Clicking element 'xpath://input[contains(@class,'add-to-cart-button')]'.</msg>
<arg>xpath://input[contains(@class,'add-to-cart-button')]</arg>
<doc>Click the element identified by ``locator``.</doc>
<status status="PASS" start="2026-02-20T12:03:19.407837" elapsed="0.127672"/>
</kw>
<kw name="Wait Until Page Contains" owner="SeleniumLibrary">
<arg>The product has been added</arg>
<arg>10s</arg>
<doc>Waits until ``text`` appears on the current page.</doc>
<status status="PASS" start="2026-02-20T12:03:19.537013" elapsed="0.340129"/>
</kw>
<kw name="Log" owner="BuiltIn">
<msg time="2026-02-20T12:03:19.878499" level="INFO">===== Product Added To Cart Successfully =====</msg>
<arg>===== Product Added To Cart Successfully =====</arg>
<doc>Logs the given message with the given level.</doc>
<status status="PASS" start="2026-02-20T12:03:19.878499" elapsed="0.000000"/>
</kw>
<status status="PASS" start="2026-02-20T12:03:19.405841" elapsed="0.472658"/>
</kw>
<kw name="Open Cart" owner="update_cart">
<kw name="Log" owner="BuiltIn">
<msg time="2026-02-20T12:03:19.879499" level="INFO">Opening shopping cart</msg>
<arg>Opening shopping cart</arg>
<doc>Logs the given message with the given level.</doc>
<status status="PASS" start="2026-02-20T12:03:19.879499" elapsed="0.000000"/>
</kw>
<kw name="Wait Until Element Is Not Visible" owner="SeleniumLibrary">
<arg>css:div.bar-notification.success</arg>
<arg>5s</arg>
<doc>Waits until the element ``locator`` is not visible.</doc>
<status status="PASS" start="2026-02-20T12:03:19.880498" elapsed="4.216864"/>
</kw>
<kw name="Click Element" owner="SeleniumLibrary">
<msg time="2026-02-20T12:03:24.098694" level="INFO">Clicking element 'class:ico-cart'.</msg>
<arg>class:ico-cart</arg>
<doc>Click the element identified by ``locator``.</doc>
<status status="PASS" start="2026-02-20T12:03:24.098694" elapsed="0.830388"/>
</kw>
<kw name="Wait Until Element Is Visible" owner="SeleniumLibrary">
<arg>class:qty-input</arg>
<arg>5s</arg>
<doc>Waits until the element ``locator`` is visible.</doc>
<status status="PASS" start="2026-02-20T12:03:24.930084" elapsed="0.042522"/>
</kw>
<kw name="Log" owner="BuiltIn">
<msg time="2026-02-20T12:03:24.974123" level="INFO">===== Cart Page Opened Successfully =====</msg>
<arg>===== Cart Page Opened Successfully =====</arg>
<doc>Logs the given message with the given level.</doc>
<status status="PASS" start="2026-02-20T12:03:24.972606" elapsed="0.001517"/>
</kw>
<status status="PASS" start="2026-02-20T12:03:19.879499" elapsed="5.094624"/>
</kw>
<kw name="Update Cart Quantity" owner="update_cart">
<kw name="Log" owner="BuiltIn">
<msg time="2026-02-20T12:03:24.976124" level="INFO">Updating quantity to: 1</msg>
<arg>Updating quantity to: ${quantity}</arg>
<doc>Logs the given message with the given level.</doc>
<status status="PASS" start="2026-02-20T12:03:24.975131" elapsed="0.000993"/>
</kw>
<kw name="Wait Until Element Is Visible" owner="SeleniumLibrary">
<arg>class:qty-input</arg>
<arg>10s</arg>
<doc>Waits until the element ``locator`` is visible.</doc>
<status status="PASS" start="2026-02-20T12:03:24.977124" elapsed="0.026289"/>
</kw>
<kw name="Clear Element Text" owner="SeleniumLibrary">
<arg>class:qty-input</arg>
<doc>Clears the value of the text-input-element identified by ``locator``.</doc>
<status status="PASS" start="2026-02-20T12:03:25.004670" elapsed="0.080550"/>
</kw>
<kw name="Input Text" owner="SeleniumLibrary">
<msg time="2026-02-20T12:03:25.086314" level="INFO">Typing text '1' into text field 'class:qty-input'.</msg>
<arg>class:qty-input</arg>
<arg>${quantity}</arg>
<doc>Types the given ``text`` into the text field identified by ``locator``.</doc>
<status status="PASS" start="2026-02-20T12:03:25.086314" elapsed="0.141177"/>
</kw>
<kw name="Click Button" owner="SeleniumLibrary">
<msg time="2026-02-20T12:03:25.229002" level="INFO">Clicking button 'name:updatecart'.</msg>
<arg>name:updatecart</arg>
<doc>Clicks the button identified by ``locator``.</doc>
<status status="PASS" start="2026-02-20T12:03:25.229002" elapsed="0.794752"/>
</kw>
<kw name="Wait Until Page Contains" owner="SeleniumLibrary">
<arg>Shopping cart</arg>
<arg>10s</arg>
<doc>Waits until ``text`` appears on the current page.</doc>
<status status="PASS" start="2026-02-20T12:03:26.025105" elapsed="0.022907"/>
</kw>
<kw name="Log" owner="BuiltIn">
<msg time="2026-02-20T12:03:26.049027" level="INFO">===== Quantity Updated Successfully =====</msg>
<arg>===== Quantity Updated Successfully =====</arg>
<doc>Logs the given message with the given level.</doc>
<status status="PASS" start="2026-02-20T12:03:26.048012" elapsed="0.001015"/>
</kw>
<arg>${quantity}</arg>
<status status="PASS" start="2026-02-20T12:03:24.975131" elapsed="1.073896"/>
</kw>
<kw name="Remove Item From Cart" owner="remove_from_cart_keywords">
<kw name="Log" owner="BuiltIn">
<msg time="2026-02-20T12:03:26.051541" level="INFO">===== Step: Removing Item from Cart =====</msg>
<arg>===== Step: Removing Item from Cart =====</arg>
<doc>Logs the given message with the given level.</doc>
<status status="PASS" start="2026-02-20T12:03:26.050029" elapsed="0.001512"/>
</kw>
<kw name="Wait Until Element Is Visible" owner="SeleniumLibrary">
<arg>name:removefromcart</arg>
<arg>10s</arg>
<doc>Waits until the element ``locator`` is visible.</doc>
<status status="PASS" start="2026-02-20T12:03:26.051541" elapsed="0.033939"/>
</kw>
<kw name="Select Checkbox" owner="SeleniumLibrary">
<msg time="2026-02-20T12:03:26.086479" level="INFO">Selecting checkbox 'name:removefromcart'.</msg>
<arg>name:removefromcart</arg>
<doc>Selects the checkbox identified by ``locator``.</doc>
<status status="PASS" start="2026-02-20T12:03:26.086479" elapsed="0.161917"/>
</kw>
<kw name="Click Button" owner="SeleniumLibrary">
<msg time="2026-02-20T12:03:26.249376" level="INFO">Clicking button 'name:updatecart'.</msg>
<arg>name:updatecart</arg>
<doc>Clicks the button identified by ``locator``.</doc>
<status status="PASS" start="2026-02-20T12:03:26.249376" elapsed="0.132864"/>
</kw>
<kw name="Wait Until Page Contains" owner="SeleniumLibrary">
<arg>Your Shopping Cart is empty!</arg>
<arg>10s</arg>
<doc>Waits until ``text`` appears on the current page.</doc>
<status status="PASS" start="2026-02-20T12:03:26.382240" elapsed="0.674953"/>
</kw>
<kw name="Log" owner="BuiltIn">
<msg time="2026-02-20T12:03:27.058193" level="INFO">===== Cart Cleared =====</msg>
<arg>===== Cart Cleared =====</arg>
<doc>Logs the given message with the given level.</doc>
<status status="PASS" start="2026-02-20T12:03:27.058193" elapsed="0.000000"/>
</kw>
<status status="PASS" start="2026-02-20T12:03:26.050029" elapsed="1.008164"/>
</kw>
<kw name="Logout User" owner="logout_keywords">
<kw name="Log" owner="BuiltIn">
<msg time="2026-02-20T12:03:27.060192" level="INFO">===== Step: Logging Out =====</msg>
<arg>===== Step: Logging Out =====</arg>
<doc>Logs the given message with the given level.</doc>
<status status="PASS" start="2026-02-20T12:03:27.059192" elapsed="0.001000"/>
</kw>
<kw name="Wait Until Element Is Visible" owner="SeleniumLibrary">
<arg>xpath://a[text()='Log out']</arg>
<arg>10s</arg>
<doc>Waits until the element ``locator`` is visible.</doc>
<status status="PASS" start="2026-02-20T12:03:27.060192" elapsed="0.035196"/>
</kw>
<kw name="Click Link" owner="SeleniumLibrary">
<msg time="2026-02-20T12:03:27.096937" level="INFO">Clicking link 'Log out'.</msg>
<arg>Log out</arg>
<doc>Clicks a link identified by ``locator``.</doc>
<status status="PASS" start="2026-02-20T12:03:27.096937" elapsed="1.075929"/>
</kw>
<kw name="Wait Until Element Is Visible" owner="SeleniumLibrary">
<arg>xpath://a[text()='Log in']</arg>
<arg>10s</arg>
<doc>Waits until the element ``locator`` is visible.</doc>
<status status="PASS" start="2026-02-20T12:03:28.174378" elapsed="0.061060"/>
</kw>
<kw name="Log" owner="BuiltIn">
<msg time="2026-02-20T12:03:28.236534" level="INFO">===== Logout Successful =====</msg>
<arg>===== Logout Successful =====</arg>
<doc>Logs the given message with the given level.</doc>
<status status="PASS" start="2026-02-20T12:03:28.236534" elapsed="0.001511"/>
</kw>
<status status="PASS" start="2026-02-20T12:03:27.059192" elapsed="1.178853"/>
</kw>
<arg>firstname=Pavani</arg>
<arg>lastname=Kalla</arg>
<arg>email=pavani@test.com</arg>
<arg>password=Test@456</arg>
<arg>confirm_password=Test@456</arg>
<arg>search_item=Blue Jeans</arg>
<arg>quantity=1</arg>
<status status="PASS" start="2026-02-20T12:03:11.044131" elapsed="17.193914"/>
</kw>
<kw name="Close Browser Session" owner="common" type="TEARDOWN">
<kw name="Close All Browsers" owner="SeleniumLibrary">
<doc>Closes all open browsers and resets the browser cache.</doc>
<status status="PASS" start="2026-02-20T12:03:28.239629" elapsed="2.576958"/>
</kw>
<status status="PASS" start="2026-02-20T12:03:28.238045" elapsed="2.578542"/>
</kw>
<status status="PASS" start="2026-02-20T12:03:05.341478" elapsed="25.476566"/>
</test>
<test id="s1-t3" name="Complete E2E Flow for Sana" line="19">
<kw name="Open Browser To Application" owner="common" type="SETUP">
<kw name="Open Browser" owner="SeleniumLibrary">
<msg time="2026-02-20T12:03:30.822630" level="INFO">Opening browser 'edge' to base url 'https://demowebshop.tricentis.com'.</msg>
<arg>${BASE_URL}</arg>
<arg>${BROWSER}</arg>
<doc>Opens a new browser instance to the optional ``url``.</doc>
<status status="PASS" start="2026-02-20T12:03:30.822630" elapsed="5.493679"/>
</kw>
<kw name="Maximize Browser Window" owner="SeleniumLibrary">
<doc>Maximizes current browser window.</doc>
<status status="PASS" start="2026-02-20T12:03:36.317420" elapsed="0.082540"/>
</kw>
<kw name="Set Selenium Timeout" owner="SeleniumLibrary">
<arg>10s</arg>
<doc>Sets the timeout that is used by various keywords.</doc>
<status status="PASS" start="2026-02-20T12:03:36.400971" elapsed="0.002679"/>
</kw>
<kw name="Set Selenium Implicit Wait" owner="SeleniumLibrary">
<arg>2s</arg>
<doc>Sets the implicit wait value used by Selenium.</doc>
<status status="PASS" start="2026-02-20T12:03:36.403650" elapsed="0.003010"/>
</kw>
<kw name="Set Selenium Speed" owner="SeleniumLibrary">
<arg>0</arg>
<doc>Sets the delay that is waited after each Selenium command.</doc>
<status status="PASS" start="2026-02-20T12:03:36.406660" elapsed="0.001352"/>
</kw>
<status status="PASS" start="2026-02-20T12:03:30.821043" elapsed="5.586969"/>
</kw>
<kw name="Execute Complete Flow">
<kw name="Log" owner="BuiltIn">
<msg time="2026-02-20T12:03:36.411010" level="INFO">===== Starting Complete E2E Flow =====</msg>
<arg>===== Starting Complete E2E Flow =====</arg>
<doc>Logs the given message with the given level.</doc>
<status status="PASS" start="2026-02-20T12:03:36.409500" elapsed="0.001510"/>
</kw>
<kw name="Register New User" owner="register_keywords">
<kw name="Generate Random String" owner="String">
<msg time="2026-02-20T12:03:36.413367" level="INFO">${random} = 0285</msg>
<var>${random}</var>
<arg>4</arg>
<arg>[NUMBERS]</arg>
<doc>Generates a string with a desired ``length`` from the given ``chars``.</doc>
<status status="PASS" start="2026-02-20T12:03:36.412366" elapsed="0.001001"/>
</kw>
<kw name="Split String" owner="String">
<msg time="2026-02-20T12:03:36.413367" level="INFO">${parts} = ['sana', 'test.com']</msg>
<var>${parts}</var>
<arg>${email}</arg>
<arg>@</arg>
<doc>Splits the ``string`` using ``separator`` as a delimiter string.</doc>
<status status="PASS" start="2026-02-20T12:03:36.413367" elapsed="0.000000"/>
</kw>
<kw name="Set Variable" owner="BuiltIn">
<msg time="2026-02-20T12:03:36.417210" level="INFO">${unique_email} = sana0285@test.com</msg>
<var>${unique_email}</var>
<arg>${parts[0]}${random}@${parts[1]}</arg>
<doc>Returns the given values which can then be assigned to a variables.</doc>
<status status="PASS" start="2026-02-20T12:03:36.414625" elapsed="0.002585"/>
</kw>
<kw name="Log" owner="BuiltIn">
<msg time="2026-02-20T12:03:36.417210" level="INFO">===== Step: Starting Registration for sana0285@test.com =====</msg>
<arg>===== Step: Starting Registration for ${unique_email} =====</arg>
<doc>Logs the given message with the given level.</doc>
<status status="PASS" start="2026-02-20T12:03:36.417210" elapsed="0.001365"/>
</kw>
<kw name="Click Link" owner="SeleniumLibrary">
<msg time="2026-02-20T12:03:36.419572" level="INFO">Clicking link 'xpath://a[text()='Register']'.</msg>
<arg>xpath://a[text()='Register']</arg>
<doc>Clicks a link identified by ``locator``.</doc>
<status status="PASS" start="2026-02-20T12:03:36.418575" elapsed="0.656558"/>
</kw>
<kw name="Wait Until Element Is Visible" owner="SeleniumLibrary">
<arg>id:FirstName</arg>
<arg>10s</arg>
<doc>Waits until the element ``locator`` is visible.</doc>
<status status="PASS" start="2026-02-20T12:03:37.076131" elapsed="0.060050"/>
</kw>
<kw name="Click Element" owner="SeleniumLibrary">
<msg time="2026-02-20T12:03:37.136181" level="INFO">Clicking element 'id:gender-female'.</msg>
<arg>id:gender-female</arg>
<doc>Click the element identified by ``locator``.</doc>
<status status="PASS" start="2026-02-20T12:03:37.136181" elapsed="0.135728"/>
</kw>
<kw name="Input Text" owner="SeleniumLibrary">
<msg time="2026-02-20T12:03:37.271909" level="INFO">Typing text 'Sana' into text field 'id:FirstName'.</msg>
<arg>id:FirstName</arg>
<arg>${firstname}</arg>
<doc>Types the given ``text`` into the text field identified by ``locator``.</doc>
<status status="PASS" start="2026-02-20T12:03:37.271909" elapsed="0.230351"/>
</kw>
<kw name="Input Text" owner="SeleniumLibrary">
<msg time="2026-02-20T12:03:37.504263" level="INFO">Typing text 'Bano' into text field 'id:LastName'.</msg>
<arg>id:LastName</arg>
<arg>${lastname}</arg>
<doc>Types the given ``text`` into the text field identified by ``locator``.</doc>
<status status="PASS" start="2026-02-20T12:03:37.503260" elapsed="0.185896"/>
</kw>
<kw name="Input Text" owner="SeleniumLibrary">
<msg time="2026-02-20T12:03:37.691187" level="INFO">Typing text 'sana0285@test.com' into text field 'id:Email'.</msg>
<arg>id:Email</arg>
<arg>${unique_email}</arg>
<doc>Types the given ``text`` into the text field identified by ``locator``.</doc>
<status status="PASS" start="2026-02-20T12:03:37.690172" elapsed="0.161506"/>
</kw>
<kw name="Input Text" owner="SeleniumLibrary">
<msg time="2026-02-20T12:03:37.851678" level="INFO">Typing text 'Test@789' into text field 'id:Password'.</msg>
<arg>id:Password</arg>
<arg>${password}</arg>
<doc>Types the given ``text`` into the text field identified by ``locator``.</doc>
<status status="PASS" start="2026-02-20T12:03:37.851678" elapsed="0.163275"/>
</kw>
<kw name="Input Text" owner="SeleniumLibrary">
<msg time="2026-02-20T12:03:38.015985" level="INFO">Typing text 'Test@789' into text field 'id:ConfirmPassword'.</msg>
<arg>id:ConfirmPassword</arg>
<arg>${confirm_password}</arg>
<doc>Types the given ``text`` into the text field identified by ``locator``.</doc>
<status status="PASS" start="2026-02-20T12:03:38.015985" elapsed="0.152457"/>
</kw>
<kw name="Click Button" owner="SeleniumLibrary">
<msg time="2026-02-20T12:03:38.168951" level="INFO">Clicking button 'id:register-button'.</msg>
<arg>id:register-button</arg>
<doc>Clicks the button identified by ``locator``.</doc>
<status status="PASS" start="2026-02-20T12:03:38.168951" elapsed="1.072604"/>
</kw>
<kw name="Wait Until Page Contains" owner="SeleniumLibrary">
<arg>Your registration completed</arg>
<arg>10s</arg>
<doc>Waits until ``text`` appears on the current page.</doc>
<status status="PASS" start="2026-02-20T12:03:39.243065" elapsed="0.023715"/>
</kw>
<kw name="Log" owner="BuiltIn">
<msg time="2026-02-20T12:03:39.267786" level="INFO">===== Registration Successful for sana0285@test.com =====</msg>
<arg>===== Registration Successful for ${unique_email} =====</arg>
<doc>Logs the given message with the given level.</doc>
<status status="PASS" start="2026-02-20T12:03:39.266780" elapsed="0.001006"/>
</kw>
<return>
<value>${unique_email}</value>
<status status="PASS" start="2026-02-20T12:03:39.267786" elapsed="0.000000"/>
</return>
<msg time="2026-02-20T12:03:39.268798" level="INFO">${generated_email} = sana0285@test.com</msg>
<var>${generated_email}</var>
<arg>${firstname}</arg>
<arg>${lastname}</arg>
<arg>${email}</arg>
<arg>${password}</arg>
<arg>${confirm_password}</arg>
<status status="PASS" start="2026-02-20T12:03:36.411010" elapsed="2.857788"/>
</kw>
<kw name="Logout User" owner="logout_keywords">
<kw name="Log" owner="BuiltIn">
<msg time="2026-02-20T12:03:39.269804" level="INFO">===== Step: Logging Out =====</msg>
<arg>===== Step: Logging Out =====</arg>
<doc>Logs the given message with the given level.</doc>
<status status="PASS" start="2026-02-20T12:03:39.269804" elapsed="0.000000"/>
</kw>
<kw name="Wait Until Element Is Visible" owner="SeleniumLibrary">
<arg>xpath://a[text()='Log out']</arg>
<arg>10s</arg>
<doc>Waits until the element ``locator`` is visible.</doc>
<status status="PASS" start="2026-02-20T12:03:39.269804" elapsed="0.029141"/>
</kw>
<kw name="Click Link" owner="SeleniumLibrary">
<msg time="2026-02-20T12:03:39.299487" level="INFO">Clicking link 'Log out'.</msg>
<arg>Log out</arg>
<doc>Clicks a link identified by ``locator``.</doc>
<status status="PASS" start="2026-02-20T12:03:39.298945" elapsed="0.923352"/>
</kw>
<kw name="Wait Until Element Is Visible" owner="SeleniumLibrary">
<arg>xpath://a[text()='Log in']</arg>
<arg>10s</arg>
<doc>Waits until the element ``locator`` is visible.</doc>
<status status="PASS" start="2026-02-20T12:03:40.223298" elapsed="0.044179"/>
</kw>
<kw name="Log" owner="BuiltIn">
<msg time="2026-02-20T12:03:40.267477" level="INFO">===== Logout Successful =====</msg>
<arg>===== Logout Successful =====</arg>
<doc>Logs the given message with the given level.</doc>
<status status="PASS" start="2026-02-20T12:03:40.267477" elapsed="0.001495"/>
</kw>
<status status="PASS" start="2026-02-20T12:03:39.268798" elapsed="1.000174"/>
</kw>
<kw name="Login User" owner="login_keywords">
<kw name="Log" owner="BuiltIn">
<msg time="2026-02-20T12:03:40.270292" level="INFO">===== Step: Logging in as sana0285@test.com =====</msg>
<arg>===== Step: Logging in as ${email} =====</arg>
<doc>Logs the given message with the given level.</doc>
<status status="PASS" start="2026-02-20T12:03:40.270292" elapsed="0.000000"/>
</kw>
<kw name="Click Link" owner="SeleniumLibrary">
<msg time="2026-02-20T12:03:40.271331" level="INFO">Clicking link 'Log in'.</msg>
<arg>Log in</arg>
<doc>Clicks a link identified by ``locator``.</doc>
<status status="PASS" start="2026-02-20T12:03:40.270292" elapsed="0.589127"/>
</kw>
<kw name="Wait Until Element Is Visible" owner="SeleniumLibrary">
<arg>id:Email</arg>
<arg>10s</arg>
<doc>Waits until the element ``locator`` is visible.</doc>
<status status="PASS" start="2026-02-20T12:03:40.860740" elapsed="0.033907"/>
</kw>
<kw name="Input Text" owner="SeleniumLibrary">
<msg time="2026-02-20T12:03:40.896214" level="INFO">Typing text 'sana0285@test.com' into text field 'id:Email'.</msg>
<arg>id:Email</arg>
<arg>${email}</arg>
<doc>Types the given ``text`` into the text field identified by ``locator``.</doc>
<status status="PASS" start="2026-02-20T12:03:40.894647" elapsed="0.131698"/>
</kw>
<kw name="Input Text" owner="SeleniumLibrary">
<msg time="2026-02-20T12:03:41.027856" level="INFO">Typing text 'Test@789' into text field 'id:Password'.</msg>
<arg>id:Password</arg>
<arg>${password}</arg>
<doc>Types the given ``text`` into the text field identified by ``locator``.</doc>
<status status="PASS" start="2026-02-20T12:03:41.026345" elapsed="0.150929"/>
</kw>
<kw name="Click Button" owner="SeleniumLibrary">
<msg time="2026-02-20T12:03:41.178310" level="INFO">Clicking button 'xpath://input[@value='Log in']'.</msg>
<arg>xpath://input[@value='Log in']</arg>
<doc>Clicks the button identified by ``locator``.</doc>
<status status="PASS" start="2026-02-20T12:03:41.178310" elapsed="0.969390"/>
</kw>
<kw name="Wait Until Element Is Visible" owner="SeleniumLibrary">
<arg>xpath://a[text()='Log out']</arg>
<arg>10s</arg>
<doc>Waits until the element ``locator`` is visible.</doc>
<status status="PASS" start="2026-02-20T12:03:42.149724" elapsed="0.040200"/>
</kw>
<kw name="Log" owner="BuiltIn">
<msg time="2026-02-20T12:03:42.190430" level="INFO">===== Login Successful for sana0285@test.com =====</msg>
<arg>===== Login Successful for ${email} =====</arg>
<doc>Logs the given message with the given level.</doc>
<status status="PASS" start="2026-02-20T12:03:42.190430" elapsed="0.001018"/>
</kw>
<arg>${generated_email}</arg>
<arg>${password}</arg>
<status status="PASS" start="2026-02-20T12:03:40.268972" elapsed="1.922476"/>
</kw>
<kw name="Search Product" owner="search_keywords">
<kw name="Log" owner="BuiltIn">
<msg time="2026-02-20T12:03:42.193513" level="INFO">===== Step: Searching for Music 2 =====</msg>
<arg>===== Step: Searching for ${search_item} =====</arg>
<doc>Logs the given message with the given level.</doc>
<status status="PASS" start="2026-02-20T12:03:42.192462" elapsed="0.001051"/>
</kw>
<kw name="Wait Until Element Is Visible" owner="SeleniumLibrary">
<arg>id:small-searchterms</arg>
<arg>10s</arg>
<doc>Waits until the element ``locator`` is visible.</doc>
<status status="PASS" start="2026-02-20T12:03:42.193513" elapsed="0.033722"/>
</kw>
<kw name="Input Text" owner="SeleniumLibrary">
<msg time="2026-02-20T12:03:42.228234" level="INFO">Typing text 'Music 2' into text field 'id:small-searchterms'.</msg>
<arg>id:small-searchterms</arg>
<arg>${search_item}</arg>
<doc>Types the given ``text`` into the text field identified by ``locator``.</doc>
<status status="PASS" start="2026-02-20T12:03:42.227235" elapsed="0.199395"/>
</kw>
<kw name="Click Button" owner="SeleniumLibrary">
<msg time="2026-02-20T12:03:42.427823" level="INFO">Clicking button 'xpath://input[@value='Search']'.</msg>
<arg>xpath://input[@value='Search']</arg>
<doc>Clicks the button identified by ``locator``.</doc>
<status status="PASS" start="2026-02-20T12:03:42.427823" elapsed="1.099566"/>
</kw>
<kw name="Wait Until Page Contains" owner="SeleniumLibrary">
<arg>${search_item}</arg>
<arg>10s</arg>
<doc>Waits until ``text`` appears on the current page.</doc>
<status status="PASS" start="2026-02-20T12:03:43.528627" elapsed="0.019827"/>
</kw>
<kw name="Page Should Contain" owner="SeleniumLibrary">
<msg time="2026-02-20T12:03:43.566539" level="INFO">Current page contains text 'Music 2'.</msg>
<arg>${search_item}</arg>
<doc>Verifies that current page contains ``text``.</doc>
<status status="PASS" start="2026-02-20T12:03:43.549528" elapsed="0.017011"/>
</kw>
<arg>${search_item}</arg>
<status status="PASS" start="2026-02-20T12:03:42.191448" elapsed="1.375091"/>
</kw>
<kw name="Open First Product Details" owner="product_details_keywords">
<kw name="Log" owner="BuiltIn">
<msg time="2026-02-20T12:03:43.568558" level="INFO">Opening first product from search results</msg>
<arg>Opening first product from search results</arg>
<doc>Logs the given message with the given level.</doc>
<status status="PASS" start="2026-02-20T12:03:43.567550" elapsed="0.001008"/>
</kw>
<kw name="Wait Until Page Contains Element" owner="SeleniumLibrary">
<arg>css:.product-item</arg>
<arg>15s</arg>
<doc>Waits until the element ``locator`` appears on the current page.</doc>
<status status="PASS" start="2026-02-20T12:03:43.569557" elapsed="0.017548"/>
</kw>
<kw name="Click Element" owner="SeleniumLibrary">
<msg time="2026-02-20T12:03:43.588611" level="INFO">Clicking element 'xpath:(//h2[@class='product-title']/a)[1]'.</msg>
<arg>xpath:(//h2[@class='product-title']/a)[1]</arg>
<doc>Click the element identified by ``locator``.</doc>
<status status="PASS" start="2026-02-20T12:03:43.588104" elapsed="1.555997"/>
</kw>
<kw name="Wait Until Page Contains Element" owner="SeleniumLibrary">
<arg>css:.product-name</arg>
<arg>15s</arg>
<doc>Waits until the element ``locator`` appears on the current page.</doc>
<status status="PASS" start="2026-02-20T12:03:45.145121" elapsed="0.023373"/>
</kw>
<kw name="Log" owner="BuiltIn">
<msg time="2026-02-20T12:03:45.169495" level="INFO">===== Product Details Page Loaded =====</msg>
<arg>===== Product Details Page Loaded =====</arg>
<doc>Logs the given message with the given level.</doc>
<status status="PASS" start="2026-02-20T12:03:45.168494" elapsed="0.001001"/>
</kw>
<status status="PASS" start="2026-02-20T12:03:43.567550" elapsed="1.601945"/>
</kw>
<kw name="Add Product To Cart" owner="add_to_cart_keywords">
<kw name="Log" owner="BuiltIn">
<msg time="2026-02-20T12:03:45.170509" level="INFO">Adding product to cart</msg>
<arg>Adding product to cart</arg>
<doc>Logs the given message with the given level.</doc>
<status status="PASS" start="2026-02-20T12:03:45.170509" elapsed="0.000000"/>
</kw>
<kw name="Click Element" owner="SeleniumLibrary">
<msg time="2026-02-20T12:03:45.171512" level="INFO">Clicking element 'xpath://input[contains(@class,'add-to-cart-button')]'.</msg>
<arg>xpath://input[contains(@class,'add-to-cart-button')]</arg>
<doc>Click the element identified by ``locator``.</doc>
<status status="PASS" start="2026-02-20T12:03:45.170509" elapsed="0.132082"/>
</kw>
<kw name="Wait Until Page Contains" owner="SeleniumLibrary">
<arg>The product has been added</arg>
<arg>10s</arg>
<doc>Waits until ``text`` appears on the current page.</doc>
<status status="PASS" start="2026-02-20T12:03:45.303887" elapsed="0.369771"/>
</kw>
<kw name="Log" owner="BuiltIn">
<msg time="2026-02-20T12:03:45.675169" level="INFO">===== Product Added To Cart Successfully =====</msg>
<arg>===== Product Added To Cart Successfully =====</arg>
<doc>Logs the given message with the given level.</doc>
<status status="PASS" start="2026-02-20T12:03:45.675169" elapsed="0.000000"/>
</kw>
<status status="PASS" start="2026-02-20T12:03:45.169495" elapsed="0.505674"/>
</kw>
<kw name="Open Cart" owner="update_cart">
<kw name="Log" owner="BuiltIn">
<msg time="2026-02-20T12:03:45.676925" level="INFO">Opening shopping cart</msg>
<arg>Opening shopping cart</arg>
<doc>Logs the given message with the given level.</doc>
<status status="PASS" start="2026-02-20T12:03:45.676419" elapsed="0.000506"/>
</kw>
<kw name="Wait Until Element Is Not Visible" owner="SeleniumLibrary">
<arg>css:div.bar-notification.success</arg>
<arg>5s</arg>
<doc>Waits until the element ``locator`` is not visible.</doc>
<status status="PASS" start="2026-02-20T12:03:45.676925" elapsed="4.258891"/>
</kw>
<kw name="Click Element" owner="SeleniumLibrary">
<msg time="2026-02-20T12:03:49.935816" level="INFO">Clicking element 'class:ico-cart'.</msg>
<arg>class:ico-cart</arg>
<doc>Click the element identified by ``locator``.</doc>
<status status="PASS" start="2026-02-20T12:03:49.935816" elapsed="0.726662"/>
</kw>
<kw name="Wait Until Element Is Visible" owner="SeleniumLibrary">
<arg>class:qty-input</arg>
<arg>5s</arg>
<doc>Waits until the element ``locator`` is visible.</doc>
<status status="PASS" start="2026-02-20T12:03:50.663644" elapsed="0.037328"/>
</kw>
<kw name="Log" owner="BuiltIn">
<msg time="2026-02-20T12:03:50.701975" level="INFO">===== Cart Page Opened Successfully =====</msg>
<arg>===== Cart Page Opened Successfully =====</arg>
<doc>Logs the given message with the given level.</doc>
<status status="PASS" start="2026-02-20T12:03:50.700972" elapsed="0.001003"/>
</kw>
<status status="PASS" start="2026-02-20T12:03:45.675169" elapsed="5.026806"/>
</kw>
<kw name="Update Cart Quantity" owner="update_cart">
<kw name="Log" owner="BuiltIn">
<msg time="2026-02-20T12:03:50.703484" level="INFO">Updating quantity to: 3</msg>
<arg>Updating quantity to: ${quantity}</arg>
<doc>Logs the given message with the given level.</doc>
<status status="PASS" start="2026-02-20T12:03:50.703484" elapsed="0.000000"/>
</kw>
<kw name="Wait Until Element Is Visible" owner="SeleniumLibrary">
<arg>class:qty-input</arg>
<arg>10s</arg>
<doc>Waits until the element ``locator`` is visible.</doc>
<status status="PASS" start="2026-02-20T12:03:50.704516" elapsed="0.047781"/>
</kw>
<kw name="Clear Element Text" owner="SeleniumLibrary">
<arg>class:qty-input</arg>
<doc>Clears the value of the text-input-element identified by ``locator``.</doc>
<status status="PASS" start="2026-02-20T12:03:50.752297" elapsed="0.064894"/>
</kw>
<kw name="Input Text" owner="SeleniumLibrary">
<msg time="2026-02-20T12:03:50.817191" level="INFO">Typing text '3' into text field 'class:qty-input'.</msg>
<arg>class:qty-input</arg>
<arg>${quantity}</arg>
<doc>Types the given ``text`` into the text field identified by ``locator``.</doc>
<status status="PASS" start="2026-02-20T12:03:50.817191" elapsed="0.139865"/>
</kw>
<kw name="Click Button" owner="SeleniumLibrary">
<msg time="2026-02-20T12:03:50.957056" level="INFO">Clicking button 'name:updatecart'.</msg>
<arg>name:updatecart</arg>
<doc>Clicks the button identified by ``locator``.</doc>
<status status="PASS" start="2026-02-20T12:03:50.957056" elapsed="0.601336"/>
</kw>
<kw name="Wait Until Page Contains" owner="SeleniumLibrary">
<arg>Shopping cart</arg>
<arg>10s</arg>
<doc>Waits until ``text`` appears on the current page.</doc>
<status status="PASS" start="2026-02-20T12:03:51.558392" elapsed="0.086227"/>
</kw>
<kw name="Log" owner="BuiltIn">
<msg time="2026-02-20T12:03:51.646348" level="INFO">===== Quantity Updated Successfully =====</msg>
<arg>===== Quantity Updated Successfully =====</arg>
<doc>Logs the given message with the given level.</doc>
<status status="PASS" start="2026-02-20T12:03:51.644619" elapsed="0.001729"/>
</kw>
<arg>${quantity}</arg>
<status status="PASS" start="2026-02-20T12:03:50.702974" elapsed="0.943374"/>
</kw>
<kw name="Remove Item From Cart" owner="remove_from_cart_keywords">
<kw name="Log" owner="BuiltIn">
<msg time="2026-02-20T12:03:51.648367" level="INFO">===== Step: Removing Item from Cart =====</msg>
<arg>===== Step: Removing Item from Cart =====</arg>
<doc>Logs the given message with the given level.</doc>
<status status="PASS" start="2026-02-20T12:03:51.647374" elapsed="0.000993"/>
</kw>
<kw name="Wait Until Element Is Visible" owner="SeleniumLibrary">
<arg>name:removefromcart</arg>
<arg>10s</arg>
<doc>Waits until the element ``locator`` is visible.</doc>
<status status="PASS" start="2026-02-20T12:03:51.649364" elapsed="0.029714"/>
</kw>
<kw name="Select Checkbox" owner="SeleniumLibrary">
<msg time="2026-02-20T12:03:51.681251" level="INFO">Selecting checkbox 'name:removefromcart'.</msg>
<arg>name:removefromcart</arg>
<doc>Selects the checkbox identified by ``locator``.</doc>
<status status="PASS" start="2026-02-20T12:03:51.681251" elapsed="0.153162"/>
</kw>
<kw name="Click Button" owner="SeleniumLibrary">
<msg time="2026-02-20T12:03:51.836862" level="INFO">Clicking button 'name:updatecart'.</msg>
<arg>name:updatecart</arg>
<doc>Clicks the button identified by ``locator``.</doc>
<status status="PASS" start="2026-02-20T12:03:51.835865" elapsed="0.509639"/>
</kw>
<kw name="Wait Until Page Contains" owner="SeleniumLibrary">
<arg>Your Shopping Cart is empty!</arg>
<arg>10s</arg>
<doc>Waits until ``text`` appears on the current page.</doc>
<status status="PASS" start="2026-02-20T12:03:52.345504" elapsed="0.213555"/>
</kw>
<kw name="Log" owner="BuiltIn">
<msg time="2026-02-20T12:03:52.560567" level="INFO">===== Cart Cleared =====</msg>
<arg>===== Cart Cleared =====</arg>
<doc>Logs the given message with the given level.</doc>
<status status="PASS" start="2026-02-20T12:03:52.560567" elapsed="0.000000"/>
</kw>
<status status="PASS" start="2026-02-20T12:03:51.647374" elapsed="0.914231"/>
</kw>
<kw name="Logout User" owner="logout_keywords">
<kw name="Log" owner="BuiltIn">
<msg time="2026-02-20T12:03:52.562787" level="INFO">===== Step: Logging Out =====</msg>
<arg>===== Step: Logging Out =====</arg>
<doc>Logs the given message with the given level.</doc>
<status status="PASS" start="2026-02-20T12:03:52.562787" elapsed="0.001077"/>
</kw>
<kw name="Wait Until Element Is Visible" owner="SeleniumLibrary">
<arg>xpath://a[text()='Log out']</arg>
<arg>10s</arg>
<doc>Waits until the element ``locator`` is visible.</doc>
<status status="PASS" start="2026-02-20T12:03:52.563864" elapsed="0.031693"/>
</kw>
<kw name="Click Link" owner="SeleniumLibrary">
<msg time="2026-02-20T12:03:52.596554" level="INFO">Clicking link 'Log out'.</msg>
<arg>Log out</arg>
<doc>Clicks a link identified by ``locator``.</doc>
<status status="PASS" start="2026-02-20T12:03:52.595557" elapsed="1.041591"/>
</kw>
<kw name="Wait Until Element Is Visible" owner="SeleniumLibrary">
<arg>xpath://a[text()='Log in']</arg>
<arg>10s</arg>
<doc>Waits until the element ``locator`` is visible.</doc>
<status status="PASS" start="2026-02-20T12:03:53.637148" elapsed="0.048759"/>
</kw>
<kw name="Log" owner="BuiltIn">
<msg time="2026-02-20T12:03:53.687356" level="INFO">===== Logout Successful =====</msg>
<arg>===== Logout Successful =====</arg>
<doc>Logs the given message with the given level.</doc>
<status status="PASS" start="2026-02-20T12:03:53.687356" elapsed="0.000000"/>
</kw>
<status status="PASS" start="2026-02-20T12:03:52.561605" elapsed="1.125751"/>
</kw>
<arg>firstname=Sana</arg>
<arg>lastname=Bano</arg>
<arg>email=sana@test.com</arg>
<arg>password=Test@789</arg>
<arg>confirm_password=Test@789</arg>
<arg>search_item=Music 2</arg>
<arg>quantity=3</arg>
<status status="PASS" start="2026-02-20T12:03:36.408986" elapsed="17.278370"/>
</kw>
<kw name="Close Browser Session" owner="common" type="TEARDOWN">
<kw name="Close All Browsers" owner="SeleniumLibrary">
<doc>Closes all open browsers and resets the browser cache.</doc>
<status status="PASS" start="2026-02-20T12:03:53.689284" elapsed="2.597913"/>
</kw>
<status status="PASS" start="2026-02-20T12:03:53.689284" elapsed="2.597913"/>
</kw>
<status status="PASS" start="2026-02-20T12:03:30.819795" elapsed="25.467402"/>
</test>
<test id="s1-t4" name="Complete E2E Flow for Sree Bhargav Reddy" line="19">
<kw name="Open Browser To Application" owner="common" type="SETUP">
<kw name="Open Browser" owner="SeleniumLibrary">
<msg time="2026-02-20T12:03:56.292440" level="INFO">Opening browser 'edge' to base url 'https://demowebshop.tricentis.com'.</msg>
<arg>${BASE_URL}</arg>
<arg>${BROWSER}</arg>
<doc>Opens a new browser instance to the optional ``url``.</doc>
<status status="PASS" start="2026-02-20T12:03:56.290904" elapsed="4.933652"/>
</kw>
<kw name="Maximize Browser Window" owner="SeleniumLibrary">
<doc>Maximizes current browser window.</doc>
<status status="PASS" start="2026-02-20T12:04:01.224556" elapsed="0.096999"/>
</kw>
<kw name="Set Selenium Timeout" owner="SeleniumLibrary">
<arg>10s</arg>
<doc>Sets the timeout that is used by various keywords.</doc>
<status status="PASS" start="2026-02-20T12:04:01.321555" elapsed="0.003464"/>
</kw>
<kw name="Set Selenium Implicit Wait" owner="SeleniumLibrary">
<arg>2s</arg>
<doc>Sets the implicit wait value used by Selenium.</doc>
<status status="PASS" start="2026-02-20T12:04:01.326082" elapsed="0.002345"/>
</kw>
<kw name="Set Selenium Speed" owner="SeleniumLibrary">
<arg>0</arg>
<doc>Sets the delay that is waited after each Selenium command.</doc>
<status status="PASS" start="2026-02-20T12:04:01.329425" elapsed="0.000000"/>
</kw>
<status status="PASS" start="2026-02-20T12:03:56.290904" elapsed="5.038521"/>
</kw>
<kw name="Execute Complete Flow">
<kw name="Log" owner="BuiltIn">
<msg time="2026-02-20T12:04:01.332435" level="INFO">===== Starting Complete E2E Flow =====</msg>
<arg>===== Starting Complete E2E Flow =====</arg>
<doc>Logs the given message with the given level.</doc>
<status status="PASS" start="2026-02-20T12:04:01.331429" elapsed="0.001006"/>
</kw>
<kw name="Register New User" owner="register_keywords">
<kw name="Generate Random String" owner="String">
<msg time="2026-02-20T12:04:01.335966" level="INFO">${random} = 4824</msg>
<var>${random}</var>
<arg>4</arg>
<arg>[NUMBERS]</arg>
<doc>Generates a string with a desired ``length`` from the given ``chars``.</doc>
<status status="PASS" start="2026-02-20T12:04:01.334961" elapsed="0.001005"/>
</kw>
<kw name="Split String" owner="String">
<msg time="2026-02-20T12:04:01.337709" level="INFO">${parts} = ['bhargav', 'test.com']</msg>
<var>${parts}</var>
<arg>${email}</arg>
<arg>@</arg>
<doc>Splits the ``string`` using ``separator`` as a delimiter string.</doc>
<status status="PASS" start="2026-02-20T12:04:01.335966" elapsed="0.001743"/>
</kw>
<kw name="Set Variable" owner="BuiltIn">
<msg time="2026-02-20T12:04:01.340727" level="INFO">${unique_email} = bhargav4824@test.com</msg>
<var>${unique_email}</var>
<arg>${parts[0]}${random}@${parts[1]}</arg>
<doc>Returns the given values which can then be assigned to a variables.</doc>
<status status="PASS" start="2026-02-20T12:04:01.337709" elapsed="0.003018"/>
</kw>
<kw name="Log" owner="BuiltIn">
<msg time="2026-02-20T12:04:01.341868" level="INFO">===== Step: Starting Registration for bhargav4824@test.com =====</msg>
<arg>===== Step: Starting Registration for ${unique_email} =====</arg>
<doc>Logs the given message with the given level.</doc>
<status status="PASS" start="2026-02-20T12:04:01.340727" elapsed="0.001141"/>
</kw>
<kw name="Click Link" owner="SeleniumLibrary">
<msg time="2026-02-20T12:04:01.343322" level="INFO">Clicking link 'xpath://a[text()='Register']'.</msg>
<arg>xpath://a[text()='Register']</arg>
<doc>Clicks a link identified by ``locator``.</doc>
<status status="PASS" start="2026-02-20T12:04:01.341868" elapsed="0.684090"/>
</kw>
<kw name="Wait Until Element Is Visible" owner="SeleniumLibrary">
<arg>id:FirstName</arg>
<arg>10s</arg>
<doc>Waits until the element ``locator`` is visible.</doc>
<status status="PASS" start="2026-02-20T12:04:02.027474" elapsed="0.043078"/>
</kw>
<kw name="Click Element" owner="SeleniumLibrary">
<msg time="2026-02-20T12:04:02.071579" level="INFO">Clicking element 'id:gender-female'.</msg>
<arg>id:gender-female</arg>
<doc>Click the element identified by ``locator``.</doc>
<status status="PASS" start="2026-02-20T12:04:02.070552" elapsed="0.160855"/>
</kw>
<kw name="Input Text" owner="SeleniumLibrary">
<msg time="2026-02-20T12:04:02.232421" level="INFO">Typing text 'Sree Bhargav Reddy' into text field 'id:FirstName'.</msg>
<arg>id:FirstName</arg>
<arg>${firstname}</arg>
<doc>Types the given ``text`` into the text field identified by ``locator``.</doc>
<status status="PASS" start="2026-02-20T12:04:02.232421" elapsed="0.193168"/>
</kw>
<kw name="Input Text" owner="SeleniumLibrary">
<msg time="2026-02-20T12:04:02.425589" level="INFO">Typing text 'Daggula' into text field 'id:LastName'.</msg>
<arg>id:LastName</arg>
<arg>${lastname}</arg>
<doc>Types the given ``text`` into the text field identified by ``locator``.</doc>
<status status="PASS" start="2026-02-20T12:04:02.425589" elapsed="0.154021"/>
</kw>
<kw name="Input Text" owner="SeleniumLibrary">
<msg time="2026-02-20T12:04:02.580605" level="INFO">Typing text 'bhargav4824@test.com' into text field 'id:Email'.</msg>
<arg>id:Email</arg>
[...]
</kw>
<kw name="Input Text" owner="SeleniumLibrary">
<msg time="2026-02-20T12:04:28.095783" level="INFO">Typing text 'Hello@456' into text field 'id:Password'.</msg>
<arg>id:Password</arg>
<arg>${password}</arg>
<doc>Types the given ``text`` into the text field identified by ``locator``.</doc>
<status status="PASS" start="2026-02-20T12:04:28.094268" elapsed="0.148057"/>
</kw>
<kw name="Input Text" owner="SeleniumLibrary">
<msg time="2026-02-20T12:04:28.243325" level="INFO">Typing text 'Hello@456' into text field 'id:ConfirmPassword'.</msg>
<arg>id:ConfirmPassword</arg>
<arg>${confirm_password}</arg>
<doc>Types the given ``text`` into the text field identified by ``locator``.</doc>
<status status="PASS" start="2026-02-20T12:04:28.243325" elapsed="0.158406"/>
</kw>
<kw name="Click Button" owner="SeleniumLibrary">
<msg time="2026-02-20T12:04:28.402727" level="INFO">Clicking button 'id:register-button'.</msg>
<arg>id:register-button</arg>
<doc>Clicks the button identified by ``locator``.</doc>
<status status="PASS" start="2026-02-20T12:04:28.402727" elapsed="1.021060"/>
</kw>
<kw name="Wait Until Page Contains" owner="SeleniumLibrary">
<arg>Your registration completed</arg>
<arg>10s</arg>
<doc>Waits until ``text`` appears on the current page.</doc>
<status status="PASS" start="2026-02-20T12:04:29.424837" elapsed="0.023214"/>
</kw>
<kw name="Log" owner="BuiltIn">
<msg time="2026-02-20T12:04:29.449055" level="INFO">===== Registration Successful for amulya2685@test.com =====</msg>
<arg>===== Registration Successful for ${unique_email} =====</arg>
<doc>Logs the given message with the given level.</doc>
<status status="PASS" start="2026-02-20T12:04:29.448051" elapsed="0.001004"/>
</kw>
<return>
<value>${unique_email}</value>
<status status="PASS" start="2026-02-20T12:04:29.449055" elapsed="0.000000"/>
</return>
<msg time="2026-02-20T12:04:29.449055" level="INFO">${generated_email} = amulya2685@test.com</msg>
<var>${generated_email}</var>
<arg>${firstname}</arg>
<arg>${lastname}</arg>
<arg>${email}</arg>
<arg>${password}</arg>
<arg>${confirm_password}</arg>
<status status="PASS" start="2026-02-20T12:04:26.626564" elapsed="2.822491"/>
</kw>
<kw name="Logout User" owner="logout_keywords">
<kw name="Log" owner="BuiltIn">
<msg time="2026-02-20T12:04:29.450590" level="INFO">===== Step: Logging Out =====</msg>
<arg>===== Step: Logging Out =====</arg>
<doc>Logs the given message with the given level.</doc>
<status status="PASS" start="2026-02-20T12:04:29.449055" elapsed="0.001535"/>
</kw>
<kw name="Wait Until Element Is Visible" owner="SeleniumLibrary">
<arg>xpath://a[text()='Log out']</arg>
<arg>10s</arg>
<doc>Waits until the element ``locator`` is visible.</doc>
<status status="PASS" start="2026-02-20T12:04:29.450590" elapsed="0.032973"/>
</kw>
<kw name="Click Link" owner="SeleniumLibrary">
<msg time="2026-02-20T12:04:29.484556" level="INFO">Clicking link 'Log out'.</msg>
<arg>Log out</arg>
<doc>Clicks a link identified by ``locator``.</doc>
<status status="PASS" start="2026-02-20T12:04:29.483563" elapsed="0.888031"/>
</kw>
<kw name="Wait Until Element Is Visible" owner="SeleniumLibrary">
<arg>xpath://a[text()='Log in']</arg>
<arg>10s</arg>
<doc>Waits until the element ``locator`` is visible.</doc>
<status status="PASS" start="2026-02-20T12:04:30.371594" elapsed="0.036296"/>
</kw>
<kw name="Log" owner="BuiltIn">
<msg time="2026-02-20T12:04:30.409393" level="INFO">===== Logout Successful =====</msg>
<arg>===== Logout Successful =====</arg>
<doc>Logs the given message with the given level.</doc>
<status status="PASS" start="2026-02-20T12:04:30.408885" elapsed="0.000508"/>
</kw>
<status status="PASS" start="2026-02-20T12:04:29.449055" elapsed="0.960338"/>
</kw>
<kw name="Login User" owner="login_keywords">
<kw name="Log" owner="BuiltIn">
<msg time="2026-02-20T12:04:30.411434" level="INFO">===== Step: Logging in as amulya2685@test.com =====</msg>
<arg>===== Step: Logging in as ${email} =====</arg>
<doc>Logs the given message with the given level.</doc>
<status status="PASS" start="2026-02-20T12:04:30.410400" elapsed="0.001034"/>
</kw>
<kw name="Click Link" owner="SeleniumLibrary">
<msg time="2026-02-20T12:04:30.412459" level="INFO">Clicking link 'Log in'.</msg>
<arg>Log in</arg>
<doc>Clicks a link identified by ``locator``.</doc>
<status status="PASS" start="2026-02-20T12:04:30.412459" elapsed="0.566342"/>
</kw>
<kw name="Wait Until Element Is Visible" owner="SeleniumLibrary">
<arg>id:Email</arg>
<arg>10s</arg>
<doc>Waits until the element ``locator`` is visible.</doc>
<status status="PASS" start="2026-02-20T12:04:30.978801" elapsed="0.028663"/>
</kw>
<kw name="Input Text" owner="SeleniumLibrary">
<msg time="2026-02-20T12:04:31.009389" level="INFO">Typing text 'amulya2685@test.com' into text field 'id:Email'.</msg>
<arg>id:Email</arg>
<arg>${email}</arg>
<doc>Types the given ``text`` into the text field identified by ``locator``.</doc>
<status status="PASS" start="2026-02-20T12:04:31.007464" elapsed="0.131498"/>
</kw>
<kw name="Input Text" owner="SeleniumLibrary">
<msg time="2026-02-20T12:04:31.139961" level="INFO">Typing text 'Hello@456' into text field 'id:Password'.</msg>
<arg>id:Password</arg>
<arg>${password}</arg>
<doc>Types the given ``text`` into the text field identified by ``locator``.</doc>
<status status="PASS" start="2026-02-20T12:04:31.139961" elapsed="0.154316"/>
</kw>
<kw name="Click Button" owner="SeleniumLibrary">
<msg time="2026-02-20T12:04:31.294277" level="INFO">Clicking button 'xpath://input[@value='Log in']'.</msg>
<arg>xpath://input[@value='Log in']</arg>
<doc>Clicks the button identified by ``locator``.</doc>
<status status="PASS" start="2026-02-20T12:04:31.294277" elapsed="0.876596"/>
</kw>
<kw name="Wait Until Element Is Visible" owner="SeleniumLibrary">
<arg>xpath://a[text()='Log out']</arg>
<arg>10s</arg>
<doc>Waits until the element ``locator`` is visible.</doc>
<status status="PASS" start="2026-02-20T12:04:32.170873" elapsed="0.028776"/>
</kw>
<kw name="Log" owner="BuiltIn">
<msg time="2026-02-20T12:04:32.200744" level="INFO">===== Login Successful for amulya2685@test.com =====</msg>
<arg>===== Login Successful for ${email} =====</arg>
<doc>Logs the given message with the given level.</doc>
<status status="PASS" start="2026-02-20T12:04:32.200744" elapsed="0.000000"/>
</kw>
<arg>${generated_email}</arg>
<arg>${password}</arg>
<status status="PASS" start="2026-02-20T12:04:30.410400" elapsed="1.790344"/>
</kw>
<kw name="Search Product" owner="search_keywords">
<kw name="Log" owner="BuiltIn">
<msg time="2026-02-20T12:04:32.202844" level="INFO">===== Step: Searching for Black &amp; White Diamond Heart =====</msg>
<arg>===== Step: Searching for ${search_item} =====</arg>
<doc>Logs the given message with the given level.</doc>
<status status="PASS" start="2026-02-20T12:04:32.202844" elapsed="0.000000"/>
</kw>
<kw name="Wait Until Element Is Visible" owner="SeleniumLibrary">
<arg>id:small-searchterms</arg>
<arg>10s</arg>
<doc>Waits until the element ``locator`` is visible.</doc>
<status status="PASS" start="2026-02-20T12:04:32.202844" elapsed="0.046470"/>
</kw>
<kw name="Input Text" owner="SeleniumLibrary">
<msg time="2026-02-20T12:04:32.250603" level="INFO">Typing text 'Black &amp; White Diamond Heart' into text field 'id:small-searchterms'.</msg>
<arg>id:small-searchterms</arg>
<arg>${search_item}</arg>
<doc>Types the given ``text`` into the text field identified by ``locator``.</doc>
<status status="PASS" start="2026-02-20T12:04:32.250603" elapsed="0.221895"/>
</kw>
<kw name="Click Button" owner="SeleniumLibrary">
<msg time="2026-02-20T12:04:32.472498" level="INFO">Clicking button 'xpath://input[@value='Search']'.</msg>
<arg>xpath://input[@value='Search']</arg>
<doc>Clicks the button identified by ``locator``.</doc>
<status status="PASS" start="2026-02-20T12:04:32.472498" elapsed="0.959603"/>
</kw>
<kw name="Wait Until Page Contains" owner="SeleniumLibrary">
<arg>${search_item}</arg>
<arg>10s</arg>
<doc>Waits until ``text`` appears on the current page.</doc>
<status status="PASS" start="2026-02-20T12:04:33.433100" elapsed="0.023215"/>
</kw>
<kw name="Page Should Contain" owner="SeleniumLibrary">
<msg time="2026-02-20T12:04:33.474970" level="INFO">Current page contains text 'Black &amp; White Diamond Heart'.</msg>
<arg>${search_item}</arg>
<doc>Verifies that current page contains ``text``.</doc>
<status status="PASS" start="2026-02-20T12:04:33.456315" elapsed="0.018655"/>
</kw>
<arg>${search_item}</arg>
<status status="PASS" start="2026-02-20T12:04:32.202256" elapsed="1.272714"/>
</kw>
<kw name="Open First Product Details" owner="product_details_keywords">
<kw name="Log" owner="BuiltIn">
<msg time="2026-02-20T12:04:33.476968" level="INFO">Opening first product from search results</msg>
<arg>Opening first product from search results</arg>
<doc>Logs the given message with the given level.</doc>
<status status="PASS" start="2026-02-20T12:04:33.475968" elapsed="0.001000"/>
</kw>
<kw name="Wait Until Page Contains Element" owner="SeleniumLibrary">
<arg>css:.product-item</arg>
<arg>15s</arg>
<doc>Waits until the element ``locator`` appears on the current page.</doc>
<status status="PASS" start="2026-02-20T12:04:33.476968" elapsed="0.018101"/>
</kw>
<kw name="Click Element" owner="SeleniumLibrary">
<msg time="2026-02-20T12:04:33.496069" level="INFO">Clicking element 'xpath:(//h2[@class='product-title']/a)[1]'.</msg>
<arg>xpath:(//h2[@class='product-title']/a)[1]</arg>
<doc>Click the element identified by ``locator``.</doc>
<status status="PASS" start="2026-02-20T12:04:33.495069" elapsed="1.494740"/>
</kw>
<kw name="Wait Until Page Contains Element" owner="SeleniumLibrary">
<arg>css:.product-name</arg>
<arg>15s</arg>
<doc>Waits until the element ``locator`` appears on the current page.</doc>
<status status="PASS" start="2026-02-20T12:04:34.991019" elapsed="0.019776"/>
</kw>
<kw name="Log" owner="BuiltIn">
<msg time="2026-02-20T12:04:35.011915" level="INFO">===== Product Details Page Loaded =====</msg>
<arg>===== Product Details Page Loaded =====</arg>
<doc>Logs the given message with the given level.</doc>
<status status="PASS" start="2026-02-20T12:04:35.010795" elapsed="0.001120"/>
</kw>
<status status="PASS" start="2026-02-20T12:04:33.475968" elapsed="1.535947"/>
</kw>
<kw name="Add Product To Cart" owner="add_to_cart_keywords">
<kw name="Log" owner="BuiltIn">
<msg time="2026-02-20T12:04:35.014204" level="INFO">Adding product to cart</msg>
<arg>Adding product to cart</arg>
<doc>Logs the given message with the given level.</doc>
<status status="PASS" start="2026-02-20T12:04:35.012967" elapsed="0.001237"/>
</kw>
<kw name="Click Element" owner="SeleniumLibrary">
<msg time="2026-02-20T12:04:35.014204" level="INFO">Clicking element 'xpath://input[contains(@class,'add-to-cart-button')]'.</msg>
<arg>xpath://input[contains(@class,'add-to-cart-button')]</arg>
<doc>Click the element identified by ``locator``.</doc>
<status status="PASS" start="2026-02-20T12:04:35.014204" elapsed="0.138109"/>
</kw>
<kw name="Wait Until Page Contains" owner="SeleniumLibrary">
<arg>The product has been added</arg>
<arg>10s</arg>
<doc>Waits until ``text`` appears on the current page.</doc>
<status status="PASS" start="2026-02-20T12:04:35.152313" elapsed="0.365997"/>
</kw>
<kw name="Log" owner="BuiltIn">
<msg time="2026-02-20T12:04:35.519606" level="INFO">===== Product Added To Cart Successfully =====</msg>
<arg>===== Product Added To Cart Successfully =====</arg>
<doc>Logs the given message with the given level.</doc>
<status status="PASS" start="2026-02-20T12:04:35.519606" elapsed="0.000000"/>
</kw>
<status status="PASS" start="2026-02-20T12:04:35.012967" elapsed="0.506639"/>
</kw>
<kw name="Open Cart" owner="update_cart">
<kw name="Log" owner="BuiltIn">
<msg time="2026-02-20T12:04:35.521412" level="INFO">Opening shopping cart</msg>
<arg>Opening shopping cart</arg>
<doc>Logs the given message with the given level.</doc>
<status status="PASS" start="2026-02-20T12:04:35.521412" elapsed="0.000000"/>
</kw>
<kw name="Wait Until Element Is Not Visible" owner="SeleniumLibrary">
<arg>css:div.bar-notification.success</arg>
<arg>5s</arg>
<doc>Waits until the element ``locator`` is not visible.</doc>
<status status="PASS" start="2026-02-20T12:04:35.521412" elapsed="4.163189"/>
</kw>
<kw name="Click Element" owner="SeleniumLibrary">
<msg time="2026-02-20T12:04:39.685672" level="INFO">Clicking element 'class:ico-cart'.</msg>
<arg>class:ico-cart</arg>
<doc>Click the element identified by ``locator``.</doc>
<status status="PASS" start="2026-02-20T12:04:39.685672" elapsed="0.773046"/>
</kw>
<kw name="Wait Until Element Is Visible" owner="SeleniumLibrary">
<arg>class:qty-input</arg>
<arg>5s</arg>
<doc>Waits until the element ``locator`` is visible.</doc>
<status status="PASS" start="2026-02-20T12:04:40.458718" elapsed="0.032534"/>
</kw>
<kw name="Log" owner="BuiltIn">
<msg time="2026-02-20T12:04:40.493085" level="INFO">===== Cart Page Opened Successfully =====</msg>
<arg>===== Cart Page Opened Successfully =====</arg>
<doc>Logs the given message with the given level.</doc>
<status status="PASS" start="2026-02-20T12:04:40.491252" elapsed="0.001833"/>
</kw>
<status status="PASS" start="2026-02-20T12:04:35.519606" elapsed="4.973479"/>
</kw>
<kw name="Update Cart Quantity" owner="update_cart">
<kw name="Log" owner="BuiltIn">
<msg time="2026-02-20T12:04:40.494124" level="INFO">Updating quantity to: 5</msg>
<arg>Updating quantity to: ${quantity}</arg>
<doc>Logs the given message with the given level.</doc>
<status status="PASS" start="2026-02-20T12:04:40.494124" elapsed="0.000000"/>
</kw>
<kw name="Wait Until Element Is Visible" owner="SeleniumLibrary">
<arg>class:qty-input</arg>
<arg>10s</arg>
<doc>Waits until the element ``locator`` is visible.</doc>
<status status="PASS" start="2026-02-20T12:04:40.495124" elapsed="0.025463"/>
</kw>
<kw name="Clear Element Text" owner="SeleniumLibrary">
<arg>class:qty-input</arg>
<doc>Clears the value of the text-input-element identified by ``locator``.</doc>
<status status="PASS" start="2026-02-20T12:04:40.520587" elapsed="0.066162"/>
</kw>
<kw name="Input Text" owner="SeleniumLibrary">
<msg time="2026-02-20T12:04:40.589277" level="INFO">Typing text '5' into text field 'class:qty-input'.</msg>
<arg>class:qty-input</arg>
<arg>${quantity}</arg>
<doc>Types the given ``text`` into the text field identified by ``locator``.</doc>
<status status="PASS" start="2026-02-20T12:04:40.588261" elapsed="0.139015"/>
</kw>
<kw name="Click Button" owner="SeleniumLibrary">
<msg time="2026-02-20T12:04:40.728690" level="INFO">Clicking button 'name:updatecart'.</msg>
<arg>name:updatecart</arg>
<doc>Clicks the button identified by ``locator``.</doc>
<status status="PASS" start="2026-02-20T12:04:40.727276" elapsed="0.634129"/>
</kw>
<kw name="Wait Until Page Contains" owner="SeleniumLibrary">
<arg>Shopping cart</arg>
<arg>10s</arg>
<doc>Waits until ``text`` appears on the current page.</doc>
<status status="PASS" start="2026-02-20T12:04:41.362417" elapsed="0.109287"/>
</kw>
<kw name="Log" owner="BuiltIn">
<msg time="2026-02-20T12:04:41.472740" level="INFO">===== Quantity Updated Successfully =====</msg>
<arg>===== Quantity Updated Successfully =====</arg>
<doc>Logs the given message with the given level.</doc>
<status status="PASS" start="2026-02-20T12:04:41.471704" elapsed="0.001036"/>
</kw>
<arg>${quantity}</arg>
<status status="PASS" start="2026-02-20T12:04:40.493085" elapsed="0.979655"/>
</kw>
<kw name="Remove Item From Cart" owner="remove_from_cart_keywords">
<kw name="Log" owner="BuiltIn">
<msg time="2026-02-20T12:04:41.473737" level="INFO">===== Step: Removing Item from Cart =====</msg>
<arg>===== Step: Removing Item from Cart =====</arg>
<doc>Logs the given message with the given level.</doc>
<status status="PASS" start="2026-02-20T12:04:41.473737" elapsed="0.000000"/>
</kw>
<kw name="Wait Until Element Is Visible" owner="SeleniumLibrary">
<arg>name:removefromcart</arg>
<arg>10s</arg>
<doc>Waits until the element ``locator`` is visible.</doc>
<status status="PASS" start="2026-02-20T12:04:41.474750" elapsed="0.031065"/>
</kw>
<kw name="Select Checkbox" owner="SeleniumLibrary">
<msg time="2026-02-20T12:04:41.506813" level="INFO">Selecting checkbox 'name:removefromcart'.</msg>
<arg>name:removefromcart</arg>
<doc>Selects the checkbox identified by ``locator``.</doc>
<status status="PASS" start="2026-02-20T12:04:41.505815" elapsed="0.157229"/>
</kw>
<kw name="Click Button" owner="SeleniumLibrary">
<msg time="2026-02-20T12:04:41.663044" level="INFO">Clicking button 'name:updatecart'.</msg>
<arg>name:updatecart</arg>
<doc>Clicks the button identified by ``locator``.</doc>
<status status="PASS" start="2026-02-20T12:04:41.663044" elapsed="0.146548"/>
</kw>
<kw name="Wait Until Page Contains" owner="SeleniumLibrary">
<arg>Your Shopping Cart is empty!</arg>
<arg>10s</arg>
<doc>Waits until ``text`` appears on the current page.</doc>
<status status="PASS" start="2026-02-20T12:04:41.810608" elapsed="0.582027"/>
</kw>
<kw name="Log" owner="BuiltIn">
<msg time="2026-02-20T12:04:42.393691" level="INFO">===== Cart Cleared =====</msg>
<arg>===== Cart Cleared =====</arg>
<doc>Logs the given message with the given level.</doc>
<status status="PASS" start="2026-02-20T12:04:42.392635" elapsed="0.001056"/>
</kw>
<status status="PASS" start="2026-02-20T12:04:41.472740" elapsed="0.920951"/>
</kw>
<kw name="Logout User" owner="logout_keywords">
<kw name="Log" owner="BuiltIn">
<msg time="2026-02-20T12:04:42.395197" level="INFO">===== Step: Logging Out =====</msg>
<arg>===== Step: Logging Out =====</arg>
<doc>Logs the given message with the given level.</doc>
<status status="PASS" start="2026-02-20T12:04:42.394683" elapsed="0.000514"/>
</kw>
<kw name="Wait Until Element Is Visible" owner="SeleniumLibrary">
<arg>xpath://a[text()='Log out']</arg>
<arg>10s</arg>
<doc>Waits until the element ``locator`` is visible.</doc>
<status status="PASS" start="2026-02-20T12:04:42.395197" elapsed="0.029940"/>
</kw>
<kw name="Click Link" owner="SeleniumLibrary">
<msg time="2026-02-20T12:04:42.426681" level="INFO">Clicking link 'Log out'.</msg>
<arg>Log out</arg>
<doc>Clicks a link identified by ``locator``.</doc>
<status status="PASS" start="2026-02-20T12:04:42.425137" elapsed="1.011463"/>
</kw>
<kw name="Wait Until Element Is Visible" owner="SeleniumLibrary">
<arg>xpath://a[text()='Log in']</arg>
<arg>10s</arg>
<doc>Waits until the element ``locator`` is visible.</doc>
<status status="PASS" start="2026-02-20T12:04:43.436600" elapsed="0.031271"/>
</kw>
<kw name="Log" owner="BuiltIn">
<msg time="2026-02-20T12:04:43.469291" level="INFO">===== Logout Successful =====</msg>
<arg>===== Logout Successful =====</arg>
<doc>Logs the given message with the given level.</doc>
<status status="PASS" start="2026-02-20T12:04:43.467871" elapsed="0.001420"/>
</kw>
<status status="PASS" start="2026-02-20T12:04:42.393691" elapsed="1.076693"/>
</kw>
<arg>firstname=Amulya Rani</arg>
<arg>lastname=Noonela</arg>
<arg>email=amulya@test.com</arg>
<arg>password=Hello@456</arg>
<arg>confirm_password=Hello@456</arg>
<arg>search_item=Black &amp; White Diamond Heart</arg>
<arg>quantity=5</arg>
<status status="PASS" start="2026-02-20T12:04:26.624565" elapsed="16.845819"/>
</kw>
<kw name="Close Browser Session" owner="common" type="TEARDOWN">
<kw name="Close All Browsers" owner="SeleniumLibrary">
<doc>Closes all open browsers and resets the browser cache.</doc>
<status status="PASS" start="2026-02-20T12:04:43.471931" elapsed="2.605223"/>
</kw>
<status status="PASS" start="2026-02-20T12:04:43.470384" elapsed="2.607791"/>
</kw>
<status status="PASS" start="2026-02-20T12:04:21.034214" elapsed="25.043961"/>
</test>
<status status="PASS" start="2026-02-20T12:02:38.006467" elapsed="128.090843"/>
</suite>
<statistics>
<total>
<stat pass="5" fail="0" skip="0">All Tests</stat>
</total>
<tag>
</tag>
<suite>
<stat name="E2E flow" id="s1" pass="5" fail="0" skip="0">E2E flow</stat>
</suite>
</statistics>
<errors>
</errors>
</robot>
