<?xml version="1.0" encoding="UTF-8"?>
<robot generator="Robot 7.4.1 (Python 3.11.9 on win32)" generated="2026-02-24T08:38:29.000998" rpa="false" schemaversion="5">
<suite id="s1" name="Robot" source="C:\Users\kalla\OneDrive\Desktop\Capstone\Robot">
<suite id="s1-s1" name="Tests" source="C:\Users\kalla\OneDrive\Desktop\Capstone\Robot\tests">
<suite id="s1-s1-s1" name="End2End Flow" source="C:\Users\kalla\OneDrive\Desktop\Capstone\Robot\tests\end2end_flow.robot">
<test id="s1-s1-s1-t1" name="E2E Flow for user ROHITH" line="15">
<kw name="Open Browser To Application" owner="common" type="SETUP">
<kw name="Run Keyword If" owner="BuiltIn">
<kw name="Open Chrome Browser" owner="common">
<kw name="Evaluate" owner="BuiltIn">
<msg time="2026-02-24T08:38:29.747090" level="INFO">${options} = &lt;selenium.webdriver.chrome.options.Options object at 0x0000020D490E0110&gt;</msg>
<var>${options}</var>
<arg>sys.modules['selenium.webdriver'].ChromeOptions()</arg>
<arg>sys</arg>
<doc>Evaluates the given expression in Python and returns the result.</doc>
<status status="PASS" start="2026-02-24T08:38:29.747090" elapsed="0.000000"/>
</kw>
<kw name="Call Method" owner="BuiltIn">
<arg>${options}</arg>
<arg>add_argument</arg>
<arg>--ignore-certificate-errors</arg>
<doc>Calls the named method of the given object with the provided arguments.</doc>
<status status="PASS" start="2026-02-24T08:38:29.748091" elapsed="0.000000"/>
</kw>
<kw name="Call Method" owner="BuiltIn">
<arg>${options}</arg>
<arg>add_argument</arg>
<arg>--allow-running-insecure-content</arg>
<doc>Calls the named method of the given object with the provided arguments.</doc>
<status status="PASS" start="2026-02-24T08:38:29.748091" elapsed="0.000999"/>
</kw>
<kw name="Open Browser" owner="SeleniumLibrary">
<msg time="2026-02-24T08:38:29.750088" level="INFO">Opening browser 'chrome' to base url 'https://demowebshop.tricentis.com'.</msg>
<arg>${BASE_URL}</arg>
<arg>chrome</arg>
<arg>options=${options}</arg>
<doc>Opens a new browser instance to the optional ``url``.</doc>
<status status="PASS" start="2026-02-24T08:38:29.749090" elapsed="4.959077"/>
</kw>
<kw name="Sleep" owner="BuiltIn">
<msg time="2026-02-24T08:38:36.709636" level="INFO">Slept 2 seconds.</msg>
<arg>2s</arg>
<doc>Pauses the test executed for the given time.</doc>
<status status="PASS" start="2026-02-24T08:38:34.708167" elapsed="2.001469"/>
</kw>
<kw name="Press Keys" owner="SeleniumLibrary">
<msg time="2026-02-24T08:38:36.711163" level="INFO">Sending key(s) ('thisisunsafe',) to page.</msg>
<msg time="2026-02-24T08:38:36.711163" level="INFO">Sending keys thisisunsafe</msg>
<arg>NONE</arg>
<arg>thisisunsafe</arg>
<doc>Simulates the user pressing key(s) to an element or on the active browser.</doc>
<status status="PASS" start="2026-02-24T08:38:36.710148" elapsed="0.032541"/>
</kw>
<status status="PASS" start="2026-02-24T08:38:29.746089" elapsed="6.996600"/>
</kw>
<arg>'${BROWSER}' == 'chrome'</arg>
<arg>Open Chrome Browser</arg>
<arg>ELSE IF</arg>
<arg>'${BROWSER}' == 'firefox'</arg>
<arg>Open Firefox Browser</arg>
<arg>ELSE IF</arg>
<arg>'${BROWSER}' == 'edge'</arg>
<arg>Open Edge Browser</arg>
<arg>ELSE</arg>
<arg>Fail</arg>
<arg>Unsupported browser: ${BROWSER}</arg>
<doc>Runs the given keyword with the given arguments, if ``condition`` is true.</doc>
<status status="PASS" start="2026-02-24T08:38:29.745087" elapsed="6.997602"/>
</kw>
<kw name="Maximize Browser Window" owner="SeleniumLibrary">
<doc>Maximizes current browser window.</doc>
<status status="PASS" start="2026-02-24T08:38:36.742689" elapsed="0.044516"/>
</kw>
<kw name="Register Keyword To Run On Failure" owner="SeleniumLibrary">
<msg time="2026-02-24T08:38:36.788207" level="INFO">Capture Page Screenshot will be run on failure.</msg>
<arg>Capture Page Screenshot</arg>
<doc>Sets the keyword to execute, when a SeleniumLibrary keyword fails.</doc>
<status status="PASS" start="2026-02-24T08:38:36.788207" elapsed="0.001000"/>
</kw>
<status status="PASS" start="2026-02-24T08:38:29.743086" elapsed="7.046121"/>
</kw>
<kw name="Complete User Flow">
<kw name="Register New User" owner="register_keyword">
<kw name="Click Element" owner="SeleniumLibrary">
<msg time="2026-02-24T08:38:36.792206" level="INFO">Clicking element 'link:Register'.</msg>
<arg>${REGISTER_LINK}</arg>
<doc>Click the element identified by ``locator``.</doc>
<status status="PASS" start="2026-02-24T08:38:36.791205" elapsed="0.661477"/>
</kw>
<kw name="Wait Until Element Is Visible" owner="SeleniumLibrary">
<arg>${FIRSTNAME_FIELD}</arg>
<arg>10s</arg>
<doc>Waits until the element ``locator`` is visible.</doc>
<status status="PASS" start="2026-02-24T08:38:37.453683" elapsed="0.037999"/>
</kw>
<kw name="Convert To Lower Case" owner="String">
<msg time="2026-02-24T08:38:37.492681" level="INFO">${gender_lower} = male</msg>
<var>${gender_lower}</var>
<arg>${gender}</arg>
<doc>Converts string to lower case.</doc>
<status status="PASS" start="2026-02-24T08:38:37.491682" elapsed="0.000999"/>
</kw>
<kw name="Click Element" owner="SeleniumLibrary">
<msg time="2026-02-24T08:38:37.493686" level="INFO">Clicking element 'id:gender-male'.</msg>
<arg>id:gender-${gender_lower}</arg>
<doc>Click the element identified by ``locator``.</doc>
<status status="PASS" start="2026-02-24T08:38:37.492681" elapsed="0.160841"/>
</kw>
<kw name="Input Text" owner="SeleniumLibrary">
<msg time="2026-02-24T08:38:37.653522" level="INFO">Typing text 'ROHITH' into text field 'id:FirstName'.</msg>
<arg>${FIRSTNAME_FIELD}</arg>
<arg>${firstname}</arg>
<doc>Types the given ``text`` into the text field identified by ``locator``.</doc>
<status status="PASS" start="2026-02-24T08:38:37.653522" elapsed="0.176638"/>
</kw>
<kw name="Input Text" owner="SeleniumLibrary">
<msg time="2026-02-24T08:38:37.831174" level="INFO">Typing text 'V H' into text field 'id:LastName'.</msg>
<arg>${LASTNAME_FIELD}</arg>
<arg>${lastname}</arg>
<doc>Types the given ``text`` into the text field identified by ``locator``.</doc>
<status status="PASS" start="2026-02-24T08:38:37.830160" elapsed="0.140561"/>
</kw>
<kw name="Generate Random String" owner="String">
<msg time="2026-02-24T08:38:37.971716" level="INFO">${random} = 4494</msg>
<var>${random}</var>
<arg>4</arg>
<arg>[NUMBERS]</arg>
<doc>Generates a string with a desired ``length`` from the given ``chars``.</doc>
<status status="PASS" start="2026-02-24T08:38:37.971716" elapsed="0.000000"/>
</kw>
<kw name="Set Variable" owner="BuiltIn">
<msg time="2026-02-24T08:38:37.972719" level="INFO">${email} = test4494@mail.com</msg>
<var>${email}</var>
<arg>test${random}@mail.com</arg>
<doc>Returns the given values which can then be assigned to a variables.</doc>
<status status="PASS" start="2026-02-24T08:38:37.971716" elapsed="0.001003"/>
</kw>
<kw name="Input Text" owner="SeleniumLibrary">
<msg time="2026-02-24T08:38:37.973719" level="INFO">Typing text 'test4494@mail.com' into text field 'id:Email'.</msg>
<arg>${EMAIL_FIELD}</arg>
<arg>${email}</arg>
<doc>Types the given ``text`` into the text field identified by ``locator``.</doc>
<status status="PASS" start="2026-02-24T08:38:37.972719" elapsed="0.152549"/>
</kw>
<kw name="Input Text" owner="SeleniumLibrary">
<msg time="2026-02-24T08:38:38.126263" level="INFO">Typing text 'Test@123' into text field 'id:Password'.</msg>
<arg>${PASSWORD_FIELD}</arg>
<arg>${password}</arg>
<doc>Types the given ``text`` into the text field identified by ``locator``.</doc>
<status status="PASS" start="2026-02-24T08:38:38.126263" elapsed="0.132641"/>
</kw>
<kw name="Input Text" owner="SeleniumLibrary">
<msg time="2026-02-24T08:38:38.259903" level="INFO">Typing text 'Test@123' into text field 'id:ConfirmPassword'.</msg>
<arg>${CONFIRM_PASSWORD}</arg>
<arg>${password}</arg>
<doc>Types the given ``text`` into the text field identified by ``locator``.</doc>
<status status="PASS" start="2026-02-24T08:38:38.258904" elapsed="0.120537"/>
</kw>
<kw name="Click Element" owner="SeleniumLibrary">
<msg time="2026-02-24T08:38:38.380445" level="INFO">Clicking element 'id:register-button'.</msg>
<arg>${REGISTER_BUTTON}</arg>
<doc>Click the element identified by ``locator``.</doc>
<status status="PASS" start="2026-02-24T08:38:38.379441" elapsed="1.221451"/>
</kw>
<kw name="Wait Until Page Contains" owner="SeleniumLibrary">
<arg>Your registration completed</arg>
<arg>10s</arg>
<doc>Waits until ``text`` appears on the current page.</doc>
<status status="PASS" start="2026-02-24T08:38:39.600892" elapsed="0.020017"/>
</kw>
<return>
<value>${email}</value>
<status status="PASS" start="2026-02-24T08:38:39.620909" elapsed="0.000000"/>
</return>
<msg time="2026-02-24T08:38:39.620909" level="INFO">${email} = test4494@mail.com</msg>
<var>${email}</var>
<arg>${firstname}</arg>
<arg>${lastname}</arg>
<arg>${password}</arg>
<arg>${gender}</arg>
<status status="PASS" start="2026-02-24T08:38:36.791205" elapsed="2.829704"/>
</kw>
<kw name="Logout From Application" owner="login_keyword">
<kw name="Click Element" owner="SeleniumLibrary">
<msg time="2026-02-24T08:38:39.622910" level="INFO">Clicking element 'link:Log out'.</msg>
<arg>${LOGOUT_LINK}</arg>
<doc>Click the element identified by ``locator``.</doc>
<status status="PASS" start="2026-02-24T08:38:39.621905" elapsed="0.862513"/>
</kw>
<kw name="Wait Until Page Contains" owner="SeleniumLibrary">
<arg>Log in</arg>
<arg>10s</arg>
<doc>Waits until ``text`` appears on the current page.</doc>
<status status="PASS" start="2026-02-24T08:38:40.485415" elapsed="0.021003"/>
</kw>
<status status="PASS" start="2026-02-24T08:38:39.621905" elapsed="0.884513"/>
</kw>
<kw name="Login To Application" owner="login_keyword">
<kw name="Click Element" owner="SeleniumLibrary">
<msg time="2026-02-24T08:38:40.508422" level="INFO">Clicking element 'link:Log in'.</msg>
<arg>${LOGIN_LINK}</arg>
<doc>Click the element identified by ``locator``.</doc>
<status status="PASS" start="2026-02-24T08:38:40.508422" elapsed="0.558164"/>
</kw>
<kw name="Wait Until Element Is Visible" owner="SeleniumLibrary">
<arg>${EMAIL_FIELD}</arg>
<arg>10s</arg>
<doc>Waits until the element ``locator`` is visible.</doc>
<status status="PASS" start="2026-02-24T08:38:41.066586" elapsed="0.021989"/>
</kw>
<kw name="Input Text" owner="SeleniumLibrary">
<msg time="2026-02-24T08:38:41.088575" level="INFO">Typing text 'test4494@mail.com' into text field 'id:Email'.</msg>
<arg>${EMAIL_FIELD}</arg>
<arg>${email}</arg>
<doc>Types the given ``text`` into the text field identified by ``locator``.</doc>
<status status="PASS" start="2026-02-24T08:38:41.088575" elapsed="0.102067"/>
</kw>
<kw name="Input Text" owner="SeleniumLibrary">
<msg time="2026-02-24T08:38:41.191653" level="INFO">Typing text 'Test@123' into text field 'id:Password'.</msg>
<arg>${PASSWORD_FIELD}</arg>
<arg>${password}</arg>
<doc>Types the given ``text`` into the text field identified by ``locator``.</doc>
<status status="PASS" start="2026-02-24T08:38:41.191653" elapsed="0.110082"/>
</kw>
<kw name="Click Element" owner="SeleniumLibrary">
<msg time="2026-02-24T08:38:41.302733" level="INFO">Clicking element 'xpath://input[@value='Log in']'.</msg>
<arg>${LOGIN_BUTTON}</arg>
<doc>Click the element identified by ``locator``.</doc>
<status status="PASS" start="2026-02-24T08:38:41.301735" elapsed="0.799451"/>
</kw>
<kw name="Wait Until Page Contains" owner="SeleniumLibrary">
<arg>Log out</arg>
<arg>10s</arg>
<doc>Waits until ``text`` appears on the current page.</doc>
<status status="PASS" start="2026-02-24T08:38:42.102184" elapsed="0.025013"/>
</kw>
<arg>${email}</arg>
<arg>${password}</arg>
<status status="PASS" start="2026-02-24T08:38:40.507423" elapsed="1.620778"/>
</kw>
<kw name="Search Product" owner="search_keyword">
<kw name="Input Text" owner="SeleniumLibrary">
<msg time="2026-02-24T08:38:42.129194" level="INFO">Typing text 'laptop' into text field 'id:small-searchterms'.</msg>
<arg>${SEARCH_BOX}</arg>
<arg>${product}</arg>
<doc>Types the given ``text`` into the text field identified by ``locator``.</doc>
<status status="PASS" start="2026-02-24T08:38:42.129194" elapsed="0.144053"/>
</kw>
<kw name="Click Element" owner="SeleniumLibrary">
<msg time="2026-02-24T08:38:42.274243" level="INFO">Clicking element 'xpath://input[@value='Search']'.</msg>
<arg>${SEARCH_BUTTON}</arg>
<doc>Click the element identified by ``locator``.</doc>
<status status="PASS" start="2026-02-24T08:38:42.274243" elapsed="0.103036"/>
</kw>
<kw name="Wait Until Page Contains" owner="SeleniumLibrary">
<arg>${product}</arg>
<arg>10s</arg>
<doc>Waits until ``text`` appears on the current page.</doc>
<status status="PASS" start="2026-02-24T08:38:42.377279" elapsed="0.708333"/>
</kw>
<arg>${product}</arg>
<status status="PASS" start="2026-02-24T08:38:42.128201" elapsed="0.957411"/>
</kw>
<kw name="Add Product To Cart" owner="cart_keyword">
<kw name="Click Element" owner="SeleniumLibrary">
<msg time="2026-02-24T08:38:43.086613" level="INFO">Clicking element 'xpath:(//h2[@class='product-title']/a)[1]'.</msg>
<arg>${FIRST_PRODUCT}</arg>
<doc>Click the element identified by ``locator``.</doc>
<status status="PASS" start="2026-02-24T08:38:43.086613" elapsed="1.372883"/>
</kw>
<kw name="Wait Until Element Is Visible" owner="SeleniumLibrary">
<arg>${ADD_TO_CART_BUTTON}</arg>
<arg>10s</arg>
<doc>Waits until the element ``locator`` is visible.</doc>
<status status="PASS" start="2026-02-24T08:38:44.460493" elapsed="0.035003"/>
</kw>
<kw name="Click Element" owner="SeleniumLibrary">
<msg time="2026-02-24T08:38:44.496490" level="INFO">Clicking element 'xpath://input[@value='Add to cart']'.</msg>
<arg>${ADD_TO_CART_BUTTON}</arg>
<doc>Click the element identified by ``locator``.</doc>
<status status="PASS" start="2026-02-24T08:38:44.496490" elapsed="0.122547"/>
</kw>
<kw name="Wait Until Element Is Visible" owner="SeleniumLibrary">
<arg>${NOTIFICATION_BAR}</arg>
<arg>10s</arg>
<doc>Waits until the element ``locator`` is visible.</doc>
<status status="PASS" start="2026-02-24T08:38:44.620033" elapsed="0.485755"/>
</kw>
<status status="PASS" start="2026-02-24T08:38:43.086613" elapsed="2.019175"/>
</kw>
<kw name="Go To Cart And Remove Item" owner="cart_keyword">
<kw name="Click Element" owner="SeleniumLibrary">
<msg time="2026-02-24T08:38:45.106790" level="INFO">Clicking element 'xpath://span[text()='Shopping cart']'.</msg>
<arg>${CART_LINK}</arg>
<doc>Click the element identified by ``locator``.</doc>
<status status="PASS" start="2026-02-24T08:38:45.106790" elapsed="0.731754"/>
</kw>
<kw name="Wait Until Page Contains" owner="SeleniumLibrary">
<arg>Shopping cart</arg>
<arg>10s</arg>
<doc>Waits until ``text`` appears on the current page.</doc>
<status status="PASS" start="2026-02-24T08:38:45.838544" elapsed="0.021521"/>
</kw>
<kw name="Select Checkbox" owner="SeleniumLibrary">
<msg time="2026-02-24T08:38:45.860065" level="INFO">Selecting checkbox 'xpath://input[@name='removefromcart']'.</msg>
<arg>${REMOVE_CHECKBOX}</arg>
<doc>Selects the checkbox identified by ``locator``.</doc>
<status status="PASS" start="2026-02-24T08:38:45.860065" elapsed="0.141148"/>
</kw>
<kw name="Click Element" owner="SeleniumLibrary">
<msg time="2026-02-24T08:38:46.002212" level="INFO">Clicking element 'xpath://input[@name='updatecart']'.</msg>
<arg>${UPDATE_CART_BUTTON}</arg>
<doc>Click the element identified by ``locator``.</doc>
<status status="PASS" start="2026-02-24T08:38:46.001213" elapsed="0.439180"/>
</kw>
<kw name="Wait Until Page Contains" owner="SeleniumLibrary">
<arg>Your Shopping Cart is empty!</arg>
<arg>10s</arg>
<doc>Waits until ``text`` appears on the current page.</doc>
<status status="PASS" start="2026-02-24T08:38:46.441407" elapsed="0.200663"/>
</kw>
<status status="PASS" start="2026-02-24T08:38:45.105788" elapsed="1.536282"/>
</kw>
<kw name="Logout From Application" owner="login_keyword">
<kw name="Click Element" owner="SeleniumLibrary">
<msg time="2026-02-24T08:38:46.644075" level="INFO">Clicking element 'link:Log out'.</msg>
<arg>${LOGOUT_LINK}</arg>
<doc>Click the element identified by ``locator``.</doc>
<status status="PASS" start="2026-02-24T08:38:46.644075" elapsed="1.072919"/>
</kw>
<kw name="Wait Until Page Contains" owner="SeleniumLibrary">
<arg>Log in</arg>
<arg>10s</arg>
<doc>Waits until ``text`` appears on the current page.</doc>
<status status="PASS" start="2026-02-24T08:38:47.717995" elapsed="0.016016"/>
</kw>
<status status="PASS" start="2026-02-24T08:38:46.642070" elapsed="1.092939"/>
</kw>
<arg>firstname=ROHITH</arg>
<arg>lastname=V H</arg>
<arg>password=Test@123</arg>
<arg>product=laptop</arg>
<arg>gender=male</arg>
<status status="PASS" start="2026-02-24T08:38:36.790208" elapsed="10.944801"/>
</kw>
<kw name="Close Browser Session" owner="common" type="TEARDOWN">
<kw name="Close Browser" owner="SeleniumLibrary">
<doc>Closes the current browser.</doc>
<status status="PASS" start="2026-02-24T08:38:47.737006" elapsed="2.380074"/>
</kw>
<status status="PASS" start="2026-02-24T08:38:47.736009" elapsed="2.381071"/>
</kw>
<status status="PASS" start="2026-02-24T08:38:29.740089" elapsed="20.377995"/>
</test>
<test id="s1-s1-s1-t2" name="E2E Flow for user Kalla" line="15">
<kw name="Open Browser To Application" owner="common" type="SETUP">
<kw name="Run Keyword If" owner="BuiltIn">
<kw name="Open Chrome Browser" owner="common">
<kw name="Evaluate" owner="BuiltIn">
<msg time="2026-02-24T08:38:50.125092" level="INFO">${options} = &lt;selenium.webdriver.chrome.options.Options object at 0x0000020D49105F90&gt;</msg>
<var>${options}</var>
<arg>sys.modules['selenium.webdriver'].ChromeOptions()</arg>
<arg>sys</arg>
<doc>Evaluates the given expression in Python and returns the result.</doc>
<status status="PASS" start="2026-02-24T08:38:50.123093" elapsed="0.001999"/>
</kw>
<kw name="Call Method" owner="BuiltIn">
<arg>${options}</arg>
<arg>add_argument</arg>
<arg>--ignore-certificate-errors</arg>
<doc>Calls the named method of the given object with the provided arguments.</doc>
<status status="PASS" start="2026-02-24T08:38:50.126091" elapsed="0.000000"/>
</kw>
<kw name="Call Method" owner="BuiltIn">
<arg>${options}</arg>
<arg>add_argument</arg>
<arg>--allow-running-insecure-content</arg>
<doc>Calls the named method of the given object with the provided arguments.</doc>
<status status="PASS" start="2026-02-24T08:38:50.126091" elapsed="0.001000"/>
</kw>
<kw name="Open Browser" owner="SeleniumLibrary">
<msg time="2026-02-24T08:38:50.127091" level="INFO">Opening browser 'chrome' to base url 'https://demowebshop.tricentis.com'.</msg>
<arg>${BASE_URL}</arg>
<arg>chrome</arg>
<arg>options=${options}</arg>
<doc>Opens a new browser instance to the optional ``url``.</doc>
<status status="PASS" start="2026-02-24T08:38:50.127091" elapsed="4.072017"/>
</kw>
<kw name="Sleep" owner="BuiltIn">
<msg time="2026-02-24T08:38:56.200671" level="INFO">Slept 2 seconds.</msg>
<arg>2s</arg>
<doc>Pauses the test executed for the given time.</doc>
<status status="PASS" start="2026-02-24T08:38:54.199108" elapsed="2.001563"/>
</kw>
<kw name="Press Keys" owner="SeleniumLibrary">
<msg time="2026-02-24T08:38:56.201686" level="INFO">Sending key(s) ('thisisunsafe',) to page.</msg>
<msg time="2026-02-24T08:38:56.201686" level="INFO">Sending keys thisisunsafe</msg>
<arg>NONE</arg>
<arg>thisisunsafe</arg>
<doc>Simulates the user pressing key(s) to an element or on the active browser.</doc>
<status status="PASS" start="2026-02-24T08:38:56.200671" elapsed="0.029015"/>
</kw>
<status status="PASS" start="2026-02-24T08:38:50.122093" elapsed="6.107593"/>
</kw>
<arg>'${BROWSER}' == 'chrome'</arg>
<arg>Open Chrome Browser</arg>
<arg>ELSE IF</arg>
<arg>'${BROWSER}' == 'firefox'</arg>
<arg>Open Firefox Browser</arg>
<arg>ELSE IF</arg>
<arg>'${BROWSER}' == 'edge'</arg>
<arg>Open Edge Browser</arg>
<arg>ELSE</arg>
<arg>Fail</arg>
<arg>Unsupported browser: ${BROWSER}</arg>
<doc>Runs the given keyword with the given arguments, if ``condition`` is true.</doc>
<status status="PASS" start="2026-02-24T08:38:50.122093" elapsed="6.107593"/>
</kw>
<kw name="Maximize Browser Window" owner="SeleniumLibrary">
<doc>Maximizes current browser window.</doc>
<status status="PASS" start="2026-02-24T08:38:56.230687" elapsed="0.041533"/>
</kw>
<kw name="Register Keyword To Run On Failure" owner="SeleniumLibrary">
<msg time="2026-02-24T08:38:56.273219" level="INFO">Capture Page Screenshot will be run on failure.</msg>
<arg>Capture Page Screenshot</arg>
<doc>Sets the keyword to execute, when a SeleniumLibrary keyword fails.</doc>
<status status="PASS" start="2026-02-24T08:38:56.273219" elapsed="0.000000"/>
</kw>
<status status="PASS" start="2026-02-24T08:38:50.121090" elapsed="6.152129"/>
</kw>
<kw name="Complete User Flow">
<kw name="Register New User" owner="register_keyword">
<kw name="Click Element" owner="SeleniumLibrary">
<msg time="2026-02-24T08:38:56.277223" level="INFO">Clicking element 'link:Register'.</msg>
<arg>${REGISTER_LINK}</arg>
<doc>Click the element identified by ``locator``.</doc>
<status status="PASS" start="2026-02-24T08:38:56.277223" elapsed="0.735852"/>
</kw>
<kw name="Wait Until Element Is Visible" owner="SeleniumLibrary">
<arg>${FIRSTNAME_FIELD}</arg>
<arg>10s</arg>
<doc>Waits until the element ``locator`` is visible.</doc>
<status status="PASS" start="2026-02-24T08:38:57.013075" elapsed="0.029009"/>
</kw>
<kw name="Convert To Lower Case" owner="String">
<msg time="2026-02-24T08:38:57.043089" level="INFO">${gender_lower} = female</msg>
<var>${gender_lower}</var>
<arg>${gender}</arg>
<doc>Converts string to lower case.</doc>
<status status="PASS" start="2026-02-24T08:38:57.042084" elapsed="0.001005"/>
</kw>
<kw name="Click Element" owner="SeleniumLibrary">
<msg time="2026-02-24T08:38:57.044089" level="INFO">Clicking element 'id:gender-female'.</msg>
<arg>id:gender-${gender_lower}</arg>
<doc>Click the element identified by ``locator``.</doc>
<status status="PASS" start="2026-02-24T08:38:57.043089" elapsed="0.102526"/>
</kw>
<kw name="Input Text" owner="SeleniumLibrary">
<msg time="2026-02-24T08:38:57.146615" level="INFO">Typing text 'Kalla' into text field 'id:FirstName'.</msg>
<arg>${FIRSTNAME_FIELD}</arg>
<arg>${firstname}</arg>
<doc>Types the given ``text`` into the text field identified by ``locator``.</doc>
<status status="PASS" start="2026-02-24T08:38:57.146615" elapsed="0.146037"/>
</kw>
<kw name="Input Text" owner="SeleniumLibrary">
<msg time="2026-02-24T08:38:57.293656" level="INFO">Typing text 'Pavani' into text field 'id:LastName'.</msg>
<arg>${LASTNAME_FIELD}</arg>
<arg>${lastname}</arg>
<doc>Types the given ``text`` into the text field identified by ``locator``.</doc>
<status status="PASS" start="2026-02-24T08:38:57.293656" elapsed="0.128525"/>
</kw>
<kw name="Generate Random String" owner="String">
<msg time="2026-02-24T08:38:57.423179" level="INFO">${random} = 9183</msg>
<var>${random}</var>
<arg>4</arg>
<arg>[NUMBERS]</arg>
<doc>Generates a string with a desired ``length`` from the given ``chars``.</doc>
<status status="PASS" start="2026-02-24T08:38:57.423179" elapsed="0.000000"/>
</kw>
<kw name="Set Variable" owner="BuiltIn">
<msg time="2026-02-24T08:38:57.424178" level="INFO">${email} = test9183@mail.com</msg>
<var>${email}</var>
<arg>test${random}@mail.com</arg>
<doc>Returns the given values which can then be assigned to a variables.</doc>
<status status="PASS" start="2026-02-24T08:38:57.424178" elapsed="0.000000"/>
</kw>
<kw name="Input Text" owner="SeleniumLibrary">
<msg time="2026-02-24T08:38:57.425181" level="INFO">Typing text 'test9183@mail.com' into text field 'id:Email'.</msg>
<arg>${EMAIL_FIELD}</arg>
<arg>${email}</arg>
<doc>Types the given ``text`` into the text field identified by ``locator``.</doc>
<status status="PASS" start="2026-02-24T08:38:57.425181" elapsed="0.173070"/>
</kw>
<kw name="Input Text" owner="SeleniumLibrary">
<msg time="2026-02-24T08:38:57.599248" level="INFO">Typing text 'Test@456' into text field 'id:Password'.</msg>
<arg>${PASSWORD_FIELD}</arg>
<arg>${password}</arg>
<doc>Types the given ``text`` into the text field identified by ``locator``.</doc>
<status status="PASS" start="2026-02-24T08:38:57.599248" elapsed="0.114147"/>
</kw>
<kw name="Input Text" owner="SeleniumLibrary">
<msg time="2026-02-24T08:38:57.714396" level="INFO">Typing text 'Test@456' into text field 'id:ConfirmPassword'.</msg>
<arg>${CONFIRM_PASSWORD}</arg>
<arg>${password}</arg>
<doc>Types the given ``text`` into the text field identified by ``locator``.</doc>
<status status="PASS" start="2026-02-24T08:38:57.714396" elapsed="0.111214"/>
</kw>
<kw name="Click Element" owner="SeleniumLibrary">
<msg time="2026-02-24T08:38:57.826609" level="INFO">Clicking element 'id:register-button'.</msg>
<arg>${REGISTER_BUTTON}</arg>
<doc>Click the element identified by ``locator``.</doc>
<status status="PASS" start="2026-02-24T08:38:57.825610" elapsed="1.095049"/>
</kw>
<kw name="Wait Until Page Contains" owner="SeleniumLibrary">
<arg>Your registration completed</arg>
<arg>10s</arg>
<doc>Waits until ``text`` appears on the current page.</doc>
<status status="PASS" start="2026-02-24T08:38:58.921659" elapsed="0.014997"/>
</kw>
<return>
<value>${email}</value>
<status status="PASS" start="2026-02-24T08:38:58.937654" elapsed="0.000000"/>
</return>
<msg time="2026-02-24T08:38:58.937654" level="INFO">${email} = test9183@mail.com</msg>
<var>${email}</var>
<arg>${firstname}</arg>
<arg>${lastname}</arg>
<arg>${password}</arg>
<arg>${gender}</arg>
<status status="PASS" start="2026-02-24T08:38:56.275223" elapsed="2.662431"/>
</kw>
<kw name="Logout From Application" owner="login_keyword">
<kw name="Click Element" owner="SeleniumLibrary">
<msg time="2026-02-24T08:38:58.938653" level="INFO">Clicking element 'link:Log out'.</msg>
<arg>${LOGOUT_LINK}</arg>
<doc>Click the element identified by ``locator``.</doc>
<status status="PASS" start="2026-02-24T08:38:58.938653" elapsed="0.824051"/>
</kw>
<kw name="Wait Until Page Contains" owner="SeleniumLibrary">
<arg>Log in</arg>
<arg>10s</arg>
<doc>Waits until ``text`` appears on the current page.</doc>
<status status="PASS" start="2026-02-24T08:38:59.762704" elapsed="0.018999"/>
</kw>
<status status="PASS" start="2026-02-24T08:38:58.937654" elapsed="0.844049"/>
</kw>
<kw name="Login To Application" owner="login_keyword">
<kw name="Click Element" owner="SeleniumLibrary">
<msg time="2026-02-24T08:38:59.783701" level="INFO">Clicking element 'link:Log in'.</msg>
<arg>${LOGIN_LINK}</arg>
<doc>Click the element identified by ``locator``.</doc>
<status status="PASS" start="2026-02-24T08:38:59.782701" elapsed="0.536682"/>
</kw>
<kw name="Wait Until Element Is Visible" owner="SeleniumLibrary">
<arg>${EMAIL_FIELD}</arg>
<arg>10s</arg>
<doc>Waits until the element ``locator`` is visible.</doc>
<status status="PASS" start="2026-02-24T08:39:00.319383" elapsed="0.019999"/>
</kw>
<kw name="Input Text" owner="SeleniumLibrary">
<msg time="2026-02-24T08:39:00.340379" level="INFO">Typing text 'test9183@mail.com' into text field 'id:Email'.</msg>
<arg>${EMAIL_FIELD}</arg>
<arg>${email}</arg>
<doc>Types the given ``text`` into the text field identified by ``locator``.</doc>
<status status="PASS" start="2026-02-24T08:39:00.340379" elapsed="0.150072"/>
</kw>
<kw name="Input Text" owner="SeleniumLibrary">
<msg time="2026-02-24T08:39:00.490451" level="INFO">Typing text 'Test@456' into text field 'id:Password'.</msg>
<arg>${PASSWORD_FIELD}</arg>
<arg>${password}</arg>
<doc>Types the given ``text`` into the text field identified by ``locator``.</doc>
<status status="PASS" start="2026-02-24T08:39:00.490451" elapsed="0.136546"/>
</kw>
<kw name="Click Element" owner="SeleniumLibrary">
<msg time="2026-02-24T08:39:00.628995" level="INFO">Clicking element 'xpath://input[@value='Log in']'.</msg>
<arg>${LOGIN_BUTTON}</arg>
<doc>Click the element identified by ``locator``.</doc>
<status status="PASS" start="2026-02-24T08:39:00.628006" elapsed="0.788298"/>
</kw>
<kw name="Wait Until Page Contains" owner="SeleniumLibrary">
<arg>Log out</arg>
<arg>10s</arg>
<doc>Waits until ``text`` appears on the current page.</doc>
<status status="PASS" start="2026-02-24T08:39:01.416304" elapsed="0.018001"/>
</kw>
<arg>${email}</arg>
<arg>${password}</arg>
<status status="PASS" start="2026-02-24T08:38:59.781703" elapsed="1.652602"/>
</kw>
<kw name="Search Product" owner="search_keyword">
<kw name="Input Text" owner="SeleniumLibrary">
<msg time="2026-02-24T08:39:01.435310" level="INFO">Typing text 'Blue Jeans' into text field 'id:small-searchterms'.</msg>
<arg>${SEARCH_BOX}</arg>
<arg>${product}</arg>
<doc>Types the given ``text`` into the text field identified by ``locator``.</doc>
<status status="PASS" start="2026-02-24T08:39:01.435310" elapsed="0.164781"/>
</kw>
<kw name="Click Element" owner="SeleniumLibrary">
<msg time="2026-02-24T08:39:01.601086" level="INFO">Clicking element 'xpath://input[@value='Search']'.</msg>
<arg>${SEARCH_BUTTON}</arg>
<doc>Click the element identified by ``locator``.</doc>
<status status="PASS" start="2026-02-24T08:39:01.601086" elapsed="0.104476"/>
</kw>
<kw name="Wait Until Page Contains" owner="SeleniumLibrary">
<arg>${product}</arg>
<arg>10s</arg>
<doc>Waits until ``text`` appears on the current page.</doc>
<status status="PASS" start="2026-02-24T08:39:01.706566" elapsed="1.001775"/>
</kw>
<arg>${product}</arg>
<status status="PASS" start="2026-02-24T08:39:01.434305" elapsed="1.274036"/>
</kw>
<kw name="Add Product To Cart" owner="cart_keyword">
<kw name="Click Element" owner="SeleniumLibrary">
<msg time="2026-02-24T08:39:02.709335" level="INFO">Clicking element 'xpath:(//h2[@class='product-title']/a)[1]'.</msg>
<arg>${FIRST_PRODUCT}</arg>
<doc>Click the element identified by ``locator``.</doc>
<status status="PASS" start="2026-02-24T08:39:02.709335" elapsed="0.852867"/>
</kw>
<kw name="Wait Until Element Is Visible" owner="SeleniumLibrary">
<arg>${ADD_TO_CART_BUTTON}</arg>
<arg>10s</arg>
<doc>Waits until the element ``locator`` is visible.</doc>
<status status="PASS" start="2026-02-24T08:39:03.562202" elapsed="0.031014"/>
</kw>
<kw name="Click Element" owner="SeleniumLibrary">
<msg time="2026-02-24T08:39:03.594218" level="INFO">Clicking element 'xpath://input[@value='Add to cart']'.</msg>
<arg>${ADD_TO_CART_BUTTON}</arg>
<doc>Click the element identified by ``locator``.</doc>
<status status="PASS" start="2026-02-24T08:39:03.594218" elapsed="0.128535"/>
</kw>
<kw name="Wait Until Element Is Visible" owner="SeleniumLibrary">
<arg>${NOTIFICATION_BAR}</arg>
<arg>10s</arg>
<doc>Waits until the element ``locator`` is visible.</doc>
<status status="PASS" start="2026-02-24T08:39:03.723753" elapsed="0.489761"/>
</kw>
<status status="PASS" start="2026-02-24T08:39:02.709335" elapsed="1.504179"/>
</kw>
<kw name="Go To Cart And Remove Item" owner="cart_keyword">
<kw name="Click Element" owner="SeleniumLibrary">
<msg time="2026-02-24T08:39:04.215514" level="INFO">Clicking element 'xpath://span[text()='Shopping cart']'.</msg>
<arg>${CART_LINK}</arg>
<doc>Click the element identified by ``locator``.</doc>
<status status="PASS" start="2026-02-24T08:39:04.215514" elapsed="0.720765"/>
</kw>
<kw name="Wait Until Page Contains" owner="SeleniumLibrary">
<arg>Shopping cart</arg>
<arg>10s</arg>
<doc>Waits until ``text`` appears on the current page.</doc>
<status status="PASS" start="2026-02-24T08:39:04.937278" elapsed="0.023017"/>
</kw>
<kw name="Select Checkbox" owner="SeleniumLibrary">
<msg time="2026-02-24T08:39:04.961295" level="INFO">Selecting checkbox 'xpath://input[@name='removefromcart']'.</msg>
<arg>${REMOVE_CHECKBOX}</arg>
<doc>Selects the checkbox identified by ``locator``.</doc>
<status status="PASS" start="2026-02-24T08:39:04.961295" elapsed="0.160065"/>
</kw>
<kw name="Click Element" owner="SeleniumLibrary">
<msg time="2026-02-24T08:39:05.122368" level="INFO">Clicking element 'xpath://input[@name='updatecart']'.</msg>
<arg>${UPDATE_CART_BUTTON}</arg>
<doc>Click the element identified by ``locator``.</doc>
<status status="PASS" start="2026-02-24T08:39:05.122368" elapsed="0.497496"/>
</kw>
<kw name="Wait Until Page Contains" owner="SeleniumLibrary">
<arg>Your Shopping Cart is empty!</arg>
<arg>10s</arg>
<doc>Waits until ``text`` appears on the current page.</doc>
<status status="PASS" start="2026-02-24T08:39:05.619864" elapsed="0.208069"/>
</kw>
<status status="PASS" start="2026-02-24T08:39:04.214515" elapsed="1.614418"/>
</kw>
<kw name="Logout From Application" owner="login_keyword">
<kw name="Click Element" owner="SeleniumLibrary">
<msg time="2026-02-24T08:39:05.829932" level="INFO">Clicking element 'link:Log out'.</msg>
<arg>${LOGOUT_LINK}</arg>
<doc>Click the element identified by ``locator``.</doc>
<status status="PASS" start="2026-02-24T08:39:05.829932" elapsed="1.339418"/>
</kw>
<kw name="Wait Until Page Contains" owner="SeleniumLibrary">
<arg>Log in</arg>
<arg>10s</arg>
<doc>Waits until ``text`` appears on the current page.</doc>
<status status="PASS" start="2026-02-24T08:39:07.170689" elapsed="0.015223"/>
</kw>
<status status="PASS" start="2026-02-24T08:39:05.828933" elapsed="1.356979"/>
</kw>
<arg>firstname=Kalla</arg>
<arg>lastname=Pavani</arg>
<arg>password=Test@456</arg>
<arg>product=Blue Jeans</arg>
<arg>gender=female</arg>
<status status="PASS" start="2026-02-24T08:38:56.274225" elapsed="10.911687"/>
</kw>
<kw name="Close Browser Session" owner="common" type="TEARDOWN">
<kw name="Close Browser" owner="SeleniumLibrary">
<doc>Closes the current browser.</doc>
<status status="PASS" start="2026-02-24T08:39:07.186863" elapsed="2.448495"/>
</kw>
<status status="PASS" start="2026-02-24T08:39:07.186863" elapsed="2.448495"/>
</kw>
<status status="PASS" start="2026-02-24T08:38:50.119083" elapsed="19.516275"/>
</test>
<test id="s1-s1-s1-t3" name="E2E Flow for user Sree Bhargav Reddy" line="15">
<kw name="Open Browser To Application" owner="common" type="SETUP">
<kw name="Run Keyword If" owner="BuiltIn">
<kw name="Open Chrome Browser" owner="common">
<kw name="Evaluate" owner="BuiltIn">
<msg time="2026-02-24T08:39:09.641353" level="INFO">${options} = &lt;selenium.webdriver.chrome.options.Options object at 0x0000020D49106190&gt;</msg>
<var>${options}</var>
<arg>sys.modules['selenium.webdriver'].ChromeOptions()</arg>
<arg>sys</arg>
<doc>Evaluates the given expression in Python and returns the result.</doc>
<status status="PASS" start="2026-02-24T08:39:09.640353" elapsed="0.001000"/>
</kw>
<kw name="Call Method" owner="BuiltIn">
<arg>${options}</arg>
<arg>add_argument</arg>
<arg>--ignore-certificate-errors</arg>
<doc>Calls the named method of the given object with the provided arguments.</doc>
<status status="PASS" start="2026-02-24T08:39:09.641353" elapsed="0.000000"/>
</kw>
<kw name="Call Method" owner="BuiltIn">
<arg>${options}</arg>
<arg>add_argument</arg>
<arg>--allow-running-insecure-content</arg>
<doc>Calls the named method of the given object with the provided arguments.</doc>
<status status="PASS" start="2026-02-24T08:39:09.641353" elapsed="0.000999"/>
</kw>
<kw name="Open Browser" owner="SeleniumLibrary">
<msg time="2026-02-24T08:39:09.642352" level="INFO">Opening browser 'chrome' to base url 'https://demowebshop.tricentis.com'.</msg>
<arg>${BASE_URL}</arg>
<arg>chrome</arg>
<arg>options=${options}</arg>
<doc>Opens a new browser instance to the optional ``url``.</doc>
<status status="PASS" start="2026-02-24T08:39:09.642352" elapsed="4.160254"/>
</kw>
<kw name="Sleep" owner="BuiltIn">
<msg time="2026-02-24T08:39:15.804013" level="INFO">Slept 2 seconds.</msg>
<arg>2s</arg>
<doc>Pauses the test executed for the given time.</doc>
<status status="PASS" start="2026-02-24T08:39:13.802606" elapsed="2.001407"/>
</kw>
<kw name="Press Keys" owner="SeleniumLibrary">
<msg time="2026-02-24T08:39:15.805025" level="INFO">Sending key(s) ('thisisunsafe',) to page.</msg>
<msg time="2026-02-24T08:39:15.805025" level="INFO">Sending keys thisisunsafe</msg>
<arg>NONE</arg>
<arg>thisisunsafe</arg>
<doc>Simulates the user pressing key(s) to an element or on the active browser.</doc>
<status status="PASS" start="2026-02-24T08:39:15.804013" elapsed="0.051712"/>
</kw>
<status status="PASS" start="2026-02-24T08:39:09.640353" elapsed="6.215372"/>
</kw>
<arg>'${BROWSER}' == 'chrome'</arg>
<arg>Open Chrome Browser</arg>
<arg>ELSE IF</arg>
<arg>'${BROWSER}' == 'firefox'</arg>
<arg>Open Firefox Browser</arg>
<arg>ELSE IF</arg>
<arg>'${BROWSER}' == 'edge'</arg>
<arg>Open Edge Browser</arg>
<arg>ELSE</arg>
<arg>Fail</arg>
<arg>Unsupported browser: ${BROWSER}</arg>
<doc>Runs the given keyword with the given arguments, if ``condition`` is true.</doc>
<status status="PASS" start="2026-02-24T08:39:09.638352" elapsed="6.217373"/>
</kw>
<kw name="Maximize Browser Window" owner="SeleniumLibrary">
<doc>Maximizes current browser window.</doc>
<status status="PASS" start="2026-02-24T08:39:15.856722" elapsed="0.041224"/>
</kw>
<kw name="Register Keyword To Run On Failure" owner="SeleniumLibrary">
<msg time="2026-02-24T08:39:15.899535" level="INFO">Capture Page Screenshot will be run on failure.</msg>
<arg>Capture Page Screenshot</arg>
<doc>Sets the keyword to execute, when a SeleniumLibrary keyword fails.</doc>
<status status="PASS" start="2026-02-24T08:39:15.899535" elapsed="0.000000"/>
</kw>
<status status="PASS" start="2026-02-24T08:39:09.638352" elapsed="6.261637"/>
</kw>
<kw name="Complete User Flow">
<kw name="Register New User" owner="register_keyword">
<kw name="Click Element" owner="SeleniumLibrary">
<msg time="2026-02-24T08:39:15.901360" level="INFO">Clicking element 'link:Register'.</msg>
<arg>${REGISTER_LINK}</arg>
<doc>Click the element identified by ``locator``.</doc>
<status status="PASS" start="2026-02-24T08:39:15.901360" elapsed="0.596854"/>
</kw>
<kw name="Wait Until Element Is Visible" owner="SeleniumLibrary">
<arg>${FIRSTNAME_FIELD}</arg>
<arg>10s</arg>
<doc>Waits until the element ``locator`` is visible.</doc>
<status status="PASS" start="2026-02-24T08:39:16.498214" elapsed="0.031390"/>
</kw>
<kw name="Convert To Lower Case" owner="String">
<msg time="2026-02-24T08:39:16.530214" level="INFO">${gender_lower} = male</msg>
<var>${gender_lower}</var>
<arg>${gender}</arg>
<doc>Converts string to lower case.</doc>
<status status="PASS" start="2026-02-24T08:39:16.530214" elapsed="0.000000"/>
</kw>
<kw name="Click Element" owner="SeleniumLibrary">
<msg time="2026-02-24T08:39:16.531213" level="INFO">Clicking element 'id:gender-male'.</msg>
<arg>id:gender-${gender_lower}</arg>
<doc>Click the element identified by ``locator``.</doc>
<status status="PASS" start="2026-02-24T08:39:16.530214" elapsed="0.103531"/>
</kw>
<kw name="Input Text" owner="SeleniumLibrary">
<msg time="2026-02-24T08:39:16.634743" level="INFO">Typing text 'Sree Bhargav Reddy' into text field 'id:FirstName'.</msg>
<arg>${FIRSTNAME_FIELD}</arg>
<arg>${firstname}</arg>
<doc>Types the given ``text`` into the text field identified by ``locator``.</doc>
<status status="PASS" start="2026-02-24T08:39:16.634743" elapsed="0.185027"/>
</kw>
<kw name="Input Text" owner="SeleniumLibrary">
<msg time="2026-02-24T08:39:16.820770" level="INFO">Typing text 'Daggula' into text field 'id:LastName'.</msg>
<arg>${LASTNAME_FIELD}</arg>
<arg>${lastname}</arg>
<doc>Types the given ``text`` into the text field identified by ``locator``.</doc>
<status status="PASS" start="2026-02-24T08:39:16.819770" elapsed="0.130391"/>
</kw>
<kw name="Generate Random String" owner="String">
<msg time="2026-02-24T08:39:16.951161" level="INFO">${random} = 1962</msg>
<var>${random}</var>
<arg>4</arg>
<arg>[NUMBERS]</arg>
<doc>Generates a string with a desired ``length`` from the given ``chars``.</doc>
<status status="PASS" start="2026-02-24T08:39:16.951161" elapsed="0.000000"/>
</kw>
<kw name="Set Variable" owner="BuiltIn">
<msg time="2026-02-24T08:39:16.953162" level="INFO">${email} = test1962@mail.com</msg>
<var>${email}</var>
<arg>test${random}@mail.com</arg>
<doc>Returns the given values which can then be assigned to a variables.</doc>
<status status="PASS" start="2026-02-24T08:39:16.952162" elapsed="0.001000"/>
</kw>
<kw name="Input Text" owner="SeleniumLibrary">
<msg time="2026-02-24T08:39:16.954161" level="INFO">Typing text 'test1962@mail.com' into text field 'id:Email'.</msg>
<arg>${EMAIL_FIELD}</arg>
<arg>${email}</arg>
<doc>Types the given ``text`` into the text field identified by ``locator``.</doc>
<status status="PASS" start="2026-02-24T08:39:16.953162" elapsed="0.159627"/>
</kw>
<kw name="Input Text" owner="SeleniumLibrary">
<msg time="2026-02-24T08:39:17.113786" level="INFO">Typing text 'Test@789' into text field 'id:Password'.</msg>
<arg>${PASSWORD_FIELD}</arg>
<arg>${password}</arg>
<doc>Types the given ``text`` into the text field identified by ``locator``.</doc>
<status status="PASS" start="2026-02-24T08:39:17.113786" elapsed="0.113062"/>
</kw>
<kw name="Input Text" owner="SeleniumLibrary">
<msg time="2026-02-24T08:39:17.227849" level="INFO">Typing text 'Test@789' into text field 'id:ConfirmPassword'.</msg>
<arg>${CONFIRM_PASSWORD}</arg>
<arg>${password}</arg>
<doc>Types the given ``text`` into the text field identified by ``locator``.</doc>
<status status="PASS" start="2026-02-24T08:39:17.226848" elapsed="0.111092"/>
</kw>
<kw name="Click Element" owner="SeleniumLibrary">
<msg time="2026-02-24T08:39:17.338936" level="INFO">Clicking element 'id:register-button'.</msg>
<arg>${REGISTER_BUTTON}</arg>
<doc>Click the element identified by ``locator``.</doc>
<status status="PASS" start="2026-02-24T08:39:17.337940" elapsed="0.982761"/>
</kw>
<kw name="Wait Until Page Contains" owner="SeleniumLibrary">
<arg>Your registration completed</arg>
<arg>10s</arg>
<doc>Waits until ``text`` appears on the current page.</doc>
<status status="PASS" start="2026-02-24T08:39:18.320701" elapsed="0.016997"/>
</kw>
<return>
<value>${email}</value>
<status status="PASS" start="2026-02-24T08:39:18.337698" elapsed="0.000000"/>
</return>
<msg time="2026-02-24T08:39:18.338697" level="INFO">${email} = test1962@mail.com</msg>
<var>${email}</var>
<arg>${firstname}</arg>
<arg>${lastname}</arg>
<arg>${password}</arg>
<arg>${gender}</arg>
<status status="PASS" start="2026-02-24T08:39:15.901360" elapsed="2.437337"/>
</kw>
<kw name="Logout From Application" owner="login_keyword">
<kw name="Click Element" owner="SeleniumLibrary">
<msg time="2026-02-24T08:39:18.339696" level="INFO">Clicking element 'link:Log out'.</msg>
<arg>${LOGOUT_LINK}</arg>
<doc>Click the element identified by ``locator``.</doc>
<status status="PASS" start="2026-02-24T08:39:18.338697" elapsed="0.786009"/>
</kw>
<kw name="Wait Until Page Contains" owner="SeleniumLibrary">
<arg>Log in</arg>
<arg>10s</arg>
<doc>Waits until ``text`` appears on the current page.</doc>
<status status="PASS" start="2026-02-24T08:39:19.124706" elapsed="0.017005"/>
</kw>
<status status="PASS" start="2026-02-24T08:39:18.338697" elapsed="0.804007"/>
</kw>
<kw name="Login To Application" owner="login_keyword">
<kw name="Click Element" owner="SeleniumLibrary">
<msg time="2026-02-24T08:39:19.143712" level="INFO">Clicking element 'link:Log in'.</msg>
<arg>${LOGIN_LINK}</arg>
<doc>Click the element identified by ``locator``.</doc>
<status status="PASS" start="2026-02-24T08:39:19.143712" elapsed="0.529084"/>
</kw>
<kw name="Wait Until Element Is Visible" owner="SeleniumLibrary">
<arg>${EMAIL_FIELD}</arg>
<arg>10s</arg>
<doc>Waits until the element ``locator`` is visible.</doc>
<status status="PASS" start="2026-02-24T08:39:19.673796" elapsed="0.021217"/>
</kw>
<kw name="Input Text" owner="SeleniumLibrary">
<msg time="2026-02-24T08:39:19.696008" level="INFO">Typing text 'test1962@mail.com' into text field 'id:Email'.</msg>
<arg>${EMAIL_FIELD}</arg>
<arg>${email}</arg>
<doc>Types the given ``text`` into the text field identified by ``locator``.</doc>
<status status="PASS" start="2026-02-24T08:39:19.696008" elapsed="0.150178"/>
</kw>
<kw name="Input Text" owner="SeleniumLibrary">
<msg time="2026-02-24T08:39:19.847179" level="INFO">Typing text 'Test@789' into text field 'id:Password'.</msg>
<arg>${PASSWORD_FIELD}</arg>
<arg>${password}</arg>
<doc>Types the given ``text`` into the text field identified by ``locator``.</doc>
<status status="PASS" start="2026-02-24T08:39:19.847179" elapsed="0.136073"/>
</kw>
<kw name="Click Element" owner="SeleniumLibrary">
<msg time="2026-02-24T08:39:19.985262" level="INFO">Clicking element 'xpath://input[@value='Log in']'.</msg>
<arg>${LOGIN_BUTTON}</arg>
<doc>Click the element identified by ``locator``.</doc>
<status status="PASS" start="2026-02-24T08:39:19.984259" elapsed="0.780613"/>
</kw>
<kw name="Wait Until Page Contains" owner="SeleniumLibrary">
<arg>Log out</arg>
<arg>10s</arg>
<doc>Waits until ``text`` appears on the current page.</doc>
<status status="PASS" start="2026-02-24T08:39:20.764872" elapsed="0.018828"/>
</kw>
<arg>${email}</arg>
<arg>${password}</arg>
<status status="PASS" start="2026-02-24T08:39:19.142704" elapsed="1.640996"/>
</kw>
<kw name="Search Product" owner="search_keyword">
<kw name="Input Text" owner="SeleniumLibrary">
<msg time="2026-02-24T08:39:20.784697" level="INFO">Typing text 'Music 2' into text field 'id:small-searchterms'.</msg>
<arg>${SEARCH_BOX}</arg>
<arg>${product}</arg>
<doc>Types the given ``text`` into the text field identified by ``locator``.</doc>
<status status="PASS" start="2026-02-24T08:39:20.784697" elapsed="0.158535"/>
</kw>
<kw name="Click Element" owner="SeleniumLibrary">
<msg time="2026-02-24T08:39:20.944232" level="INFO">Clicking element 'xpath://input[@value='Search']'.</msg>
<arg>${SEARCH_BUTTON}</arg>
<doc>Click the element identified by ``locator``.</doc>
<status status="PASS" start="2026-02-24T08:39:20.943232" elapsed="0.098532"/>
</kw>
<kw name="Wait Until Page Contains" owner="SeleniumLibrary">
<arg>${product}</arg>
<arg>10s</arg>
<doc>Waits until ``text`` appears on the current page.</doc>
<status status="PASS" start="2026-02-24T08:39:21.042761" elapsed="0.783497"/>
</kw>
<arg>${product}</arg>
<status status="PASS" start="2026-02-24T08:39:20.784697" elapsed="1.041561"/>
</kw>
<kw name="Add Product To Cart" owner="cart_keyword">
<kw name="Click Element" owner="SeleniumLibrary">
<msg time="2026-02-24T08:39:21.827255" level="INFO">Clicking element 'xpath:(//h2[@class='product-title']/a)[1]'.</msg>
<arg>${FIRST_PRODUCT}</arg>
<doc>Click the element identified by ``locator``.</doc>
<status status="PASS" start="2026-02-24T08:39:21.827255" elapsed="1.671723"/>
</kw>
<kw name="Wait Until Element Is Visible" owner="SeleniumLibrary">
<arg>${ADD_TO_CART_BUTTON}</arg>
<arg>10s</arg>
<doc>Waits until the element ``locator`` is visible.</doc>
<status status="PASS" start="2026-02-24T08:39:23.498978" elapsed="0.031995"/>
</kw>
<kw name="Click Element" owner="SeleniumLibrary">
<msg time="2026-02-24T08:39:23.532977" level="INFO">Clicking element 'xpath://input[@value='Add to cart']'.</msg>
<arg>${ADD_TO_CART_BUTTON}</arg>
<doc>Click the element identified by ``locator``.</doc>
<status status="PASS" start="2026-02-24T08:39:23.531974" elapsed="0.122606"/>
</kw>
<kw name="Wait Until Element Is Visible" owner="SeleniumLibrary">
<arg>${NOTIFICATION_BAR}</arg>
<arg>10s</arg>
<doc>Waits until the element ``locator`` is visible.</doc>
<status status="PASS" start="2026-02-24T08:39:23.654580" elapsed="0.492335"/>
</kw>
<status status="PASS" start="2026-02-24T08:39:21.827255" elapsed="2.321142"/>
</kw>
<kw name="Go To Cart And Remove Item" owner="cart_keyword">
<kw name="Click Element" owner="SeleniumLibrary">
<msg time="2026-02-24T08:39:24.149914" level="INFO">Clicking element 'xpath://span[text()='Shopping cart']'.</msg>
<arg>${CART_LINK}</arg>
<doc>Click the element identified by ``locator``.</doc>
<status status="PASS" start="2026-02-24T08:39:24.148916" elapsed="0.713824"/>
</kw>
<kw name="Wait Until Page Contains" owner="SeleniumLibrary">
<arg>Shopping cart</arg>
<arg>10s</arg>
<doc>Waits until ``text`` appears on the current page.</doc>
<status status="PASS" start="2026-02-24T08:39:24.862740" elapsed="0.024193"/>
</kw>
<kw name="Select Checkbox" owner="SeleniumLibrary">
<msg time="2026-02-24T08:39:24.887746" level="INFO">Selecting checkbox 'xpath://input[@name='removefromcart']'.</msg>
<arg>${REMOVE_CHECKBOX}</arg>
<doc>Selects the checkbox identified by ``locator``.</doc>
<status status="PASS" start="2026-02-24T08:39:24.886933" elapsed="0.149766"/>
</kw>
<kw name="Click Element" owner="SeleniumLibrary">
<msg time="2026-02-24T08:39:25.037702" level="INFO">Clicking element 'xpath://input[@name='updatecart']'.</msg>
<arg>${UPDATE_CART_BUTTON}</arg>
<doc>Click the element identified by ``locator``.</doc>
<status status="PASS" start="2026-02-24T08:39:25.036699" elapsed="0.470700"/>
</kw>
<kw name="Wait Until Page Contains" owner="SeleniumLibrary">
<arg>Your Shopping Cart is empty!</arg>
<arg>10s</arg>
<doc>Waits until ``text`` appears on the current page.</doc>
<status status="PASS" start="2026-02-24T08:39:25.507399" elapsed="0.211054"/>
</kw>
<status status="PASS" start="2026-02-24T08:39:24.148916" elapsed="1.570531"/>
</kw>
<kw name="Logout From Application" owner="login_keyword">
<kw name="Click Element" owner="SeleniumLibrary">
<msg time="2026-02-24T08:39:25.720450" level="INFO">Clicking element 'link:Log out'.</msg>
<arg>${LOGOUT_LINK}</arg>
<doc>Click the element identified by ``locator``.</doc>
<status status="PASS" start="2026-02-24T08:39:25.719447" elapsed="0.921129"/>
</kw>
<kw name="Wait Until Page Contains" owner="SeleniumLibrary">
<arg>Log in</arg>
<arg>10s</arg>
<doc>Waits until ``text`` appears on the current page.</doc>
<status status="PASS" start="2026-02-24T08:39:26.640576" elapsed="0.033006"/>
</kw>
<status status="PASS" start="2026-02-24T08:39:25.719447" elapsed="0.954135"/>
</kw>
<arg>firstname=Sree Bhargav Reddy</arg>
<arg>lastname=Daggula</arg>
<arg>password=Test@789</arg>
<arg>product=Music 2</arg>
<arg>gender=male</arg>
<status status="PASS" start="2026-02-24T08:39:15.899989" elapsed="10.774585"/>
</kw>
<kw name="Close Browser Session" owner="common" type="TEARDOWN">
<kw name="Close Browser" owner="SeleniumLibrary">
<doc>Closes the current browser.</doc>
<status status="PASS" start="2026-02-24T08:39:26.675577" elapsed="2.384423"/>
</kw>
<status status="PASS" start="2026-02-24T08:39:26.674574" elapsed="2.385426"/>
</kw>
<status status="PASS" start="2026-02-24T08:39:09.636699" elapsed="19.423301"/>
</test>
<test id="s1-s1-s1-t4" name="E2E Flow for user Sana" line="15">
<kw name="Open Browser To Application" owner="common" type="SETUP">
<kw name="Run Keyword If" owner="BuiltIn">
<kw name="Open Chrome Browser" owner="common">
<kw name="Evaluate" owner="BuiltIn">
<msg time="2026-02-24T08:39:29.065002" level="INFO">${options} = &lt;selenium.webdriver.chrome.options.Options object at 0x0000020D491409D0&gt;</msg>
<var>${options}</var>
<arg>sys.modules['selenium.webdriver'].ChromeOptions()</arg>
<arg>sys</arg>
<doc>Evaluates the given expression in Python and returns the result.</doc>
<status status="PASS" start="2026-02-24T08:39:29.065002" elapsed="0.000000"/>
</kw>
<kw name="Call Method" owner="BuiltIn">
<arg>${options}</arg>
<arg>add_argument</arg>
<arg>--ignore-certificate-errors</arg>
<doc>Calls the named method of the given object with the provided arguments.</doc>
<status status="PASS" start="2026-02-24T08:39:29.065002" elapsed="0.001001"/>
</kw>
<kw name="Call Method" owner="BuiltIn">
<arg>${options}</arg>
<arg>add_argument</arg>
<arg>--allow-running-insecure-content</arg>
<doc>Calls the named method of the given object with the provided arguments.</doc>
<status status="PASS" start="2026-02-24T08:39:29.066003" elapsed="0.000000"/>
</kw>
<kw name="Open Browser" owner="SeleniumLibrary">
<msg time="2026-02-24T08:39:29.067003" level="INFO">Opening browser 'chrome' to base url 'https://demowebshop.tricentis.com'.</msg>
<arg>${BASE_URL}</arg>
<arg>chrome</arg>
<arg>options=${options}</arg>
<doc>Opens a new browser instance to the optional ``url``.</doc>
<status status="PASS" start="2026-02-24T08:39:29.067003" elapsed="4.079386"/>
</kw>
<kw name="Sleep" owner="BuiltIn">
<msg time="2026-02-24T08:39:35.147604" level="INFO">Slept 2 seconds.</msg>
<arg>2s</arg>
<doc>Pauses the test executed for the given time.</doc>
<status status="PASS" start="2026-02-24T08:39:33.147395" elapsed="2.000209"/>
</kw>
<kw name="Press Keys" owner="SeleniumLibrary">
<msg time="2026-02-24T08:39:35.148702" level="INFO">Sending key(s) ('thisisunsafe',) to page.</msg>
<msg time="2026-02-24T08:39:35.149698" level="INFO">Sending keys thisisunsafe</msg>
<arg>NONE</arg>
<arg>thisisunsafe</arg>
<doc>Simulates the user pressing key(s) to an element or on the active browser.</doc>
<status status="PASS" start="2026-02-24T08:39:35.147604" elapsed="0.033090"/>
</kw>
<status status="PASS" start="2026-02-24T08:39:29.063998" elapsed="6.116696"/>
</kw>
<arg>'${BROWSER}' == 'chrome'</arg>
<arg>Open Chrome Browser</arg>
<arg>ELSE IF</arg>
<arg>'${BROWSER}' == 'firefox'</arg>
<arg>Open Firefox Browser</arg>
<arg>ELSE IF</arg>
<arg>'${BROWSER}' == 'edge'</arg>
<arg>Open Edge Browser</arg>
<arg>ELSE</arg>
<arg>Fail</arg>
<arg>Unsupported browser: ${BROWSER}</arg>
<doc>Runs the given keyword with the given arguments, if ``condition`` is true.</doc>
<status status="PASS" start="2026-02-24T08:39:29.062998" elapsed="6.118698"/>
</kw>
<kw name="Maximize Browser Window" owner="SeleniumLibrary">
<doc>Maximizes current browser window.</doc>
<status status="PASS" start="2026-02-24T08:39:35.181696" elapsed="0.056093"/>
</kw>
<kw name="Register Keyword To Run On Failure" owner="SeleniumLibrary">
<msg time="2026-02-24T08:39:35.238794" level="INFO">Capture Page Screenshot will be run on failure.</msg>
<arg>Capture Page Screenshot</arg>
<doc>Sets the keyword to execute, when a SeleniumLibrary keyword fails.</doc>
<status status="PASS" start="2026-02-24T08:39:35.238794" elapsed="0.000000"/>
</kw>
<status status="PASS" start="2026-02-24T08:39:29.062998" elapsed="6.175796"/>
</kw>
<kw name="Complete User Flow">
<kw name="Register New User" owner="register_keyword">
<kw name="Click Element" owner="SeleniumLibrary">
<msg time="2026-02-24T08:39:35.242791" level="INFO">Clicking element 'link:Register'.</msg>
<arg>${REGISTER_LINK}</arg>
<doc>Click the element identified by ``locator``.</doc>
<status status="PASS" start="2026-02-24T08:39:35.241791" elapsed="0.592814"/>
</kw>
<kw name="Wait Until Element Is Visible" owner="SeleniumLibrary">
<arg>${FIRSTNAME_FIELD}</arg>
<arg>10s</arg>
<doc>Waits until the element ``locator`` is visible.</doc>
<status status="PASS" start="2026-02-24T08:39:35.834605" elapsed="0.027003"/>
</kw>
<kw name="Convert To Lower Case" owner="String">
<msg time="2026-02-24T08:39:35.862611" level="INFO">${gender_lower} = female</msg>
<var>${gender_lower}</var>
<arg>${gender}</arg>
<doc>Converts string to lower case.</doc>
<status status="PASS" start="2026-02-24T08:39:35.861608" elapsed="0.001003"/>
</kw>
<kw name="Click Element" owner="SeleniumLibrary">
<msg time="2026-02-24T08:39:35.862611" level="INFO">Clicking element 'id:gender-female'.</msg>
<arg>id:gender-${gender_lower}</arg>
<doc>Click the element identified by ``locator``.</doc>
<status status="PASS" start="2026-02-24T08:39:35.862611" elapsed="0.092026"/>
</kw>
<kw name="Input Text" owner="SeleniumLibrary">
<msg time="2026-02-24T08:39:35.955631" level="INFO">Typing text 'Sana' into text field 'id:FirstName'.</msg>
<arg>${FIRSTNAME_FIELD}</arg>
<arg>${firstname}</arg>
<doc>Types the given ``text`` into the text field identified by ``locator``.</doc>
<status status="PASS" start="2026-02-24T08:39:35.954637" elapsed="0.130043"/>
</kw>
<kw name="Input Text" owner="SeleniumLibrary">
<msg time="2026-02-24T08:39:36.085681" level="INFO">Typing text 'Bano' into text field 'id:LastName'.</msg>
<arg>${LASTNAME_FIELD}</arg>
<arg>${lastname}</arg>
<doc>Types the given ``text`` into the text field identified by ``locator``.</doc>
<status status="PASS" start="2026-02-24T08:39:36.084680" elapsed="0.123605"/>
</kw>
<kw name="Generate Random String" owner="String">
<msg time="2026-02-24T08:39:36.209284" level="INFO">${random} = 8541</msg>
<var>${random}</var>
<arg>4</arg>
<arg>[NUMBERS]</arg>
<doc>Generates a string with a desired ``length`` from the given ``chars``.</doc>
<status status="PASS" start="2026-02-24T08:39:36.208285" elapsed="0.000999"/>
</kw>
<kw name="Set Variable" owner="BuiltIn">
<msg time="2026-02-24T08:39:36.210286" level="INFO">${email} = test8541@mail.com</msg>
<var>${email}</var>
<arg>test${random}@mail.com</arg>
<doc>Returns the given values which can then be assigned to a variables.</doc>
<status status="PASS" start="2026-02-24T08:39:36.209284" elapsed="0.001002"/>
</kw>
<kw name="Input Text" owner="SeleniumLibrary">
<msg time="2026-02-24T08:39:36.211289" level="INFO">Typing text 'test8541@mail.com' into text field 'id:Email'.</msg>
<arg>${EMAIL_FIELD}</arg>
<arg>${email}</arg>
<doc>Types the given ``text`` into the text field identified by ``locator``.</doc>
<status status="PASS" start="2026-02-24T08:39:36.211289" elapsed="0.157053"/>
</kw>
<kw name="Input Text" owner="SeleniumLibrary">
<msg time="2026-02-24T08:39:36.369343" level="INFO">Typing text 'Hello@123' into text field 'id:Password'.</msg>
<arg>${PASSWORD_FIELD}</arg>
<arg>${password}</arg>
<doc>Types the given ``text`` into the text field identified by ``locator``.</doc>
<status status="PASS" start="2026-02-24T08:39:36.369343" elapsed="0.117538"/>
</kw>
<kw name="Input Text" owner="SeleniumLibrary">
<msg time="2026-02-24T08:39:36.488875" level="INFO">Typing text 'Hello@123' into text field 'id:ConfirmPassword'.</msg>
<arg>${CONFIRM_PASSWORD}</arg>
<arg>${password}</arg>
<doc>Types the given ``text`` into the text field identified by ``locator``.</doc>
<status status="PASS" start="2026-02-24T08:39:36.487876" elapsed="0.110532"/>
</kw>
<kw name="Click Element" owner="SeleniumLibrary">
<msg time="2026-02-24T08:39:36.598408" level="INFO">Clicking element 'id:register-button'.</msg>
<arg>${REGISTER_BUTTON}</arg>
<doc>Click the element identified by ``locator``.</doc>
<status status="PASS" start="2026-02-24T08:39:36.598408" elapsed="0.956239"/>
</kw>
<kw name="Wait Until Page Contains" owner="SeleniumLibrary">
<arg>Your registration completed</arg>
<arg>10s</arg>
<doc>Waits until ``text`` appears on the current page.</doc>
<status status="PASS" start="2026-02-24T08:39:37.554647" elapsed="0.018000"/>
</kw>
<return>
<value>${email}</value>
<status status="PASS" start="2026-02-24T08:39:37.572647" elapsed="0.000000"/>
</return>
<msg time="2026-02-24T08:39:37.572647" level="INFO">${email} = test8541@mail.com</msg>
<var>${email}</var>
<arg>${firstname}</arg>
<arg>${lastname}</arg>
<arg>${password}</arg>
<arg>${gender}</arg>
<status status="PASS" start="2026-02-24T08:39:35.240792" elapsed="2.331855"/>
</kw>
<kw name="Logout From Application" owner="login_keyword">
<kw name="Click Element" owner="SeleniumLibrary">
<msg time="2026-02-24T08:39:37.573650" level="INFO">Clicking element 'link:Log out'.</msg>
<arg>${LOGOUT_LINK}</arg>
<doc>Click the element identified by ``locator``.</doc>
<status status="PASS" start="2026-02-24T08:39:37.573650" elapsed="0.823246"/>
</kw>
<kw name="Wait Until Page Contains" owner="SeleniumLibrary">
<arg>Log in</arg>
<arg>10s</arg>
<doc>Waits until ``text`` appears on the current page.</doc>
<status status="PASS" start="2026-02-24T08:39:38.397895" elapsed="0.016014"/>
</kw>
<status status="PASS" start="2026-02-24T08:39:37.573650" elapsed="0.840259"/>
</kw>
<kw name="Login To Application" owner="login_keyword">
<kw name="Click Element" owner="SeleniumLibrary">
<msg time="2026-02-24T08:39:38.415905" level="INFO">Clicking element 'link:Log in'.</msg>
<arg>${LOGIN_LINK}</arg>
<doc>Click the element identified by ``locator``.</doc>
<status status="PASS" start="2026-02-24T08:39:38.414908" elapsed="0.502073"/>
</kw>
<kw name="Wait Until Element Is Visible" owner="SeleniumLibrary">
<arg>${EMAIL_FIELD}</arg>
<arg>10s</arg>
<doc>Waits until the element ``locator`` is visible.</doc>
<status status="PASS" start="2026-02-24T08:39:38.916981" elapsed="0.018516"/>
</kw>
<kw name="Input Text" owner="SeleniumLibrary">
<msg time="2026-02-24T08:39:38.936495" level="INFO">Typing text 'test8541@mail.com' into text field 'id:Email'.</msg>
<arg>${EMAIL_FIELD}</arg>
<arg>${email}</arg>
<doc>Types the given ``text`` into the text field identified by ``locator``.</doc>
<status status="PASS" start="2026-02-24T08:39:38.935497" elapsed="0.141064"/>
</kw>
<kw name="Input Text" owner="SeleniumLibrary">
<msg time="2026-02-24T08:39:39.077561" level="INFO">Typing text 'Hello@123' into text field 'id:Password'.</msg>
<arg>${PASSWORD_FIELD}</arg>
<arg>${password}</arg>
<doc>Types the given ``text`` into the text field identified by ``locator``.</doc>
<status status="PASS" start="2026-02-24T08:39:39.077561" elapsed="0.123528"/>
</kw>
<kw name="Click Element" owner="SeleniumLibrary">
<msg time="2026-02-24T08:39:39.202091" level="INFO">Clicking element 'xpath://input[@value='Log in']'.</msg>
<arg>${LOGIN_BUTTON}</arg>
<doc>Click the element identified by ``locator``.</doc>
<status status="PASS" start="2026-02-24T08:39:39.202091" elapsed="0.760545"/>
</kw>
<kw name="Wait Until Page Contains" owner="SeleniumLibrary">
<arg>Log out</arg>
<arg>10s</arg>
<doc>Waits until ``text`` appears on the current page.</doc>
<status status="PASS" start="2026-02-24T08:39:39.963633" elapsed="0.018003"/>
</kw>
<arg>${email}</arg>
<arg>${password}</arg>
<status status="PASS" start="2026-02-24T08:39:38.414908" elapsed="1.567724"/>
</kw>
<kw name="Search Product" owner="search_keyword">
<kw name="Input Text" owner="SeleniumLibrary">
<msg time="2026-02-24T08:39:39.984633" level="INFO">Typing text 'Fiction' into text field 'id:small-searchterms'.</msg>
<arg>${SEARCH_BOX}</arg>
<arg>${product}</arg>
<doc>Types the given ``text`` into the text field identified by ``locator``.</doc>
<status status="PASS" start="2026-02-24T08:39:39.983634" elapsed="0.156362"/>
</kw>
<kw name="Click Element" owner="SeleniumLibrary">
<msg time="2026-02-24T08:39:40.140991" level="INFO">Clicking element 'xpath://input[@value='Search']'.</msg>
<arg>${SEARCH_BUTTON}</arg>
<doc>Click the element identified by ``locator``.</doc>
<status status="PASS" start="2026-02-24T08:39:40.140991" elapsed="0.871793"/>
</kw>
<kw name="Wait Until Page Contains" owner="SeleniumLibrary">
<arg>${product}</arg>
<arg>10s</arg>
<doc>Waits until ``text`` appears on the current page.</doc>
<status status="PASS" start="2026-02-24T08:39:41.012784" elapsed="0.017522"/>
</kw>
<arg>${product}</arg>
<status status="PASS" start="2026-02-24T08:39:39.982632" elapsed="1.047674"/>
</kw>
<kw name="Add Product To Cart" owner="cart_keyword">
<kw name="Click Element" owner="SeleniumLibrary">
<msg time="2026-02-24T08:39:41.031306" level="INFO">Clicking element 'xpath:(//h2[@class='product-title']/a)[1]'.</msg>
<arg>${FIRST_PRODUCT}</arg>
<doc>Click the element identified by ``locator``.</doc>
<status status="PASS" start="2026-02-24T08:39:41.031306" elapsed="1.950632"/>
</kw>
<kw name="Wait Until Element Is Visible" owner="SeleniumLibrary">
<arg>${ADD_TO_CART_BUTTON}</arg>
<arg>10s</arg>
<doc>Waits until the element ``locator`` is visible.</doc>
<status status="PASS" start="2026-02-24T08:39:42.981938" elapsed="0.029004"/>
</kw>
<kw name="Click Element" owner="SeleniumLibrary">
<msg time="2026-02-24T08:39:43.011939" level="INFO">Clicking element 'xpath://input[@value='Add to cart']'.</msg>
<arg>${ADD_TO_CART_BUTTON}</arg>
<doc>Click the element identified by ``locator``.</doc>
<status status="PASS" start="2026-02-24T08:39:43.010942" elapsed="0.110120"/>
</kw>
<kw name="Wait Until Element Is Visible" owner="SeleniumLibrary">
<arg>${NOTIFICATION_BAR}</arg>
<arg>10s</arg>
<doc>Waits until the element ``locator`` is visible.</doc>
<status status="PASS" start="2026-02-24T08:39:43.122065" elapsed="0.479628"/>
</kw>
<status status="PASS" start="2026-02-24T08:39:41.030306" elapsed="2.571387"/>
</kw>
<kw name="Go To Cart And Remove Item" owner="cart_keyword">
<kw name="Click Element" owner="SeleniumLibrary">
<msg time="2026-02-24T08:39:43.602695" level="INFO">Clicking element 'xpath://span[text()='Shopping cart']'.</msg>
<arg>${CART_LINK}</arg>
<doc>Click the element identified by ``locator``.</doc>
<status status="PASS" start="2026-02-24T08:39:43.602695" elapsed="0.728353"/>
</kw>
<kw name="Wait Until Page Contains" owner="SeleniumLibrary">
<arg>Shopping cart</arg>
<arg>10s</arg>
<doc>Waits until ``text`` appears on the current page.</doc>
<status status="PASS" start="2026-02-24T08:39:44.331048" elapsed="0.020996"/>
</kw>
<kw name="Select Checkbox" owner="SeleniumLibrary">
<msg time="2026-02-24T08:39:44.353047" level="INFO">Selecting checkbox 'xpath://input[@name='removefromcart']'.</msg>
<arg>${REMOVE_CHECKBOX}</arg>
<doc>Selects the checkbox identified by ``locator``.</doc>
<status status="PASS" start="2026-02-24T08:39:44.352044" elapsed="0.139366"/>
</kw>
<kw name="Click Element" owner="SeleniumLibrary">
<msg time="2026-02-24T08:39:44.492409" level="INFO">Clicking element 'xpath://input[@name='updatecart']'.</msg>
<arg>${UPDATE_CART_BUTTON}</arg>
<doc>Click the element identified by ``locator``.</doc>
<status status="PASS" start="2026-02-24T08:39:44.491410" elapsed="0.443681"/>
</kw>
<kw name="Wait Until Page Contains" owner="SeleniumLibrary">
<arg>Your Shopping Cart is empty!</arg>
<arg>10s</arg>
<doc>Waits until ``text`` appears on the current page.</doc>
<status status="PASS" start="2026-02-24T08:39:44.935091" elapsed="0.204064"/>
</kw>
<status status="PASS" start="2026-02-24T08:39:43.601693" elapsed="1.538462"/>
</kw>
<kw name="Logout From Application" owner="login_keyword">
<kw name="Click Element" owner="SeleniumLibrary">
<msg time="2026-02-24T08:39:45.141153" level="INFO">Clicking element 'link:Log out'.</msg>
<arg>${LOGOUT_LINK}</arg>
<doc>Click the element identified by ``locator``.</doc>
<status status="PASS" start="2026-02-24T08:39:45.141153" elapsed="0.939711"/>
</kw>
<kw name="Wait Until Page Contains" owner="SeleniumLibrary">
<arg>Log in</arg>
<arg>10s</arg>
<doc>Waits until ``text`` appears on the current page.</doc>
<status status="PASS" start="2026-02-24T08:39:46.081861" elapsed="0.014001"/>
</kw>
<status status="PASS" start="2026-02-24T08:39:45.140155" elapsed="0.955707"/>
</kw>
<arg>firstname=Sana</arg>
<arg>lastname=Bano</arg>
<arg>password=Hello@123</arg>
<arg>product=Fiction</arg>
<arg>gender=female</arg>
<status status="PASS" start="2026-02-24T08:39:35.239791" elapsed="10.856071"/>
</kw>
<kw name="Close Browser Session" owner="common" type="TEARDOWN">
<kw name="Close Browser" owner="SeleniumLibrary">
<doc>Closes the current browser.</doc>
<status status="PASS" start="2026-02-24T08:39:46.096865" elapsed="2.391035"/>
</kw>
<status status="PASS" start="2026-02-24T08:39:46.096865" elapsed="2.391035"/>
</kw>
<status status="PASS" start="2026-02-24T08:39:29.061004" elapsed="19.426896"/>
</test>
<test id="s1-s1-s1-t5" name="E2E Flow for user Amulya Rani" line="15">
<kw name="Open Browser To Application" owner="common" type="SETUP">
<kw name="Run Keyword If" owner="BuiltIn">
<kw name="Open Chrome Browser" owner="common">
<kw name="Evaluate" owner="BuiltIn">
<msg time="2026-02-24T08:39:48.493904" level="INFO">${options} = &lt;selenium.webdriver.chrome.options.Options object at 0x0000020D49160A90&gt;</msg>
<var>${options}</var>
<arg>sys.modules['selenium.webdriver'].ChromeOptions()</arg>
<arg>sys</arg>
<doc>Evaluates the given expression in Python and returns the result.</doc>
<status status="PASS" start="2026-02-24T08:39:48.492905" elapsed="0.000999"/>
</kw>
<kw name="Call Method" owner="BuiltIn">
<arg>${options}</arg>
<arg>add_argument</arg>
<arg>--ignore-certificate-errors</arg>
<doc>Calls the named method of the given object with the provided arguments.</doc>
<status status="PASS" start="2026-02-24T08:39:48.493904" elapsed="0.001001"/>
</kw>
<kw name="Call Method" owner="BuiltIn">
<arg>${options}</arg>
<arg>add_argument</arg>
<arg>--allow-running-insecure-content</arg>
<doc>Calls the named method of the given object with the provided arguments.</doc>
<status status="PASS" start="2026-02-24T08:39:48.494905" elapsed="0.000000"/>
</kw>
<kw name="Open Browser" owner="SeleniumLibrary">
<msg time="2026-02-24T08:39:48.495904" level="INFO">Opening browser 'chrome' to base url 'https://demowebshop.tricentis.com'.</msg>
<arg>${BASE_URL}</arg>
<arg>chrome</arg>
<arg>options=${options}</arg>
<doc>Opens a new browser instance to the optional ``url``.</doc>
<status status="PASS" start="2026-02-24T08:39:48.494905" elapsed="4.108006"/>
</kw>
<kw name="Sleep" owner="BuiltIn">
<msg time="2026-02-24T08:39:54.604270" level="INFO">Slept 2 seconds.</msg>
<arg>2s</arg>
<doc>Pauses the test executed for the given time.</doc>
<status status="PASS" start="2026-02-24T08:39:52.602911" elapsed="2.001359"/>
</kw>
<kw name="Press Keys" owner="SeleniumLibrary">
<msg time="2026-02-24T08:39:54.605281" level="INFO">Sending key(s) ('thisisunsafe',) to page.</msg>
<msg time="2026-02-24T08:39:54.605281" level="INFO">Sending keys thisisunsafe</msg>
<arg>NONE</arg>
<arg>thisisunsafe</arg>
<doc>Simulates the user pressing key(s) to an element or on the active browser.</doc>
<status status="PASS" start="2026-02-24T08:39:54.604270" elapsed="0.026471"/>
</kw>
<status status="PASS" start="2026-02-24T08:39:48.492905" elapsed="6.137836"/>
</kw>
<arg>'${BROWSER}' == 'chrome'</arg>
<arg>Open Chrome Browser</arg>
<arg>ELSE IF</arg>
<arg>'${BROWSER}' == 'firefox'</arg>
<arg>Open Firefox Browser</arg>
<arg>ELSE IF</arg>
<arg>'${BROWSER}' == 'edge'</arg>
<arg>Open Edge Browser</arg>
<arg>ELSE</arg>
<arg>Fail</arg>
<arg>Unsupported browser: ${BROWSER}</arg>
<doc>Runs the given keyword with the given arguments, if ``condition`` is true.</doc>
<status status="PASS" start="2026-02-24T08:39:48.491901" elapsed="6.138840"/>
</kw>
<kw name="Maximize Browser Window" owner="SeleniumLibrary">
<doc>Maximizes current browser window.</doc>
<status status="PASS" start="2026-02-24T08:39:54.631249" elapsed="0.037357"/>
</kw>
<kw name="Register Keyword To Run On Failure" owner="SeleniumLibrary">
<msg time="2026-02-24T08:39:54.670084" level="INFO">Capture Page Screenshot will be run on failure.</msg>
<arg>Capture Page Screenshot</arg>
<doc>Sets the keyword to execute, when a SeleniumLibrary keyword fails.</doc>
<status status="PASS" start="2026-02-24T08:39:54.669617" elapsed="0.000467"/>
</kw>
<status status="PASS" start="2026-02-24T08:39:48.490893" elapsed="6.179191"/>
</kw>
<kw name="Complete User Flow">
<kw name="Register New User" owner="register_keyword">
<kw name="Click Element" owner="SeleniumLibrary">
<msg time="2026-02-24T08:39:54.672696" level="INFO">Clicking element 'link:Register'.</msg>
<arg>${REGISTER_LINK}</arg>
<doc>Click the element identified by ``locator``.</doc>
<status status="PASS" start="2026-02-24T08:39:54.671095" elapsed="0.567772"/>
</kw>
<kw name="Wait Until Element Is Visible" owner="SeleniumLibrary">
<arg>${FIRSTNAME_FIELD}</arg>
<arg>10s</arg>
<doc>Waits until the element ``locator`` is visible.</doc>
<status status="PASS" start="2026-02-24T08:39:55.238867" elapsed="0.030997"/>
</kw>
<kw name="Convert To Lower Case" owner="String">
<msg time="2026-02-24T08:39:55.270862" level="INFO">${gender_lower} = female</msg>
<var>${gender_lower}</var>
<arg>${gender}</arg>
<doc>Converts string to lower case.</doc>
<status status="PASS" start="2026-02-24T08:39:55.269864" elapsed="0.000998"/>
</kw>
<kw name="Click Element" owner="SeleniumLibrary">
<msg time="2026-02-24T08:39:55.271862" level="INFO">Clicking element 'id:gender-female'.</msg>
<arg>id:gender-${gender_lower}</arg>
<doc>Click the element identified by ``locator``.</doc>
<status status="PASS" start="2026-02-24T08:39:55.270862" elapsed="0.104051"/>
</kw>
<kw name="Input Text" owner="SeleniumLibrary">
<msg time="2026-02-24T08:39:55.375906" level="INFO">Typing text 'Amulya Rani' into text field 'id:FirstName'.</msg>
<arg>${FIRSTNAME_FIELD}</arg>
<arg>${firstname}</arg>
<doc>Types the given ``text`` into the text field identified by ``locator``.</doc>
<status status="PASS" start="2026-02-24T08:39:55.374913" elapsed="0.173052"/>
</kw>
<kw name="Input Text" owner="SeleniumLibrary">
<msg time="2026-02-24T08:39:55.548970" level="INFO">Typing text 'Noonela' into text field 'id:LastName'.</msg>
<arg>${LASTNAME_FIELD}</arg>
<arg>${lastname}</arg>
<doc>Types the given ``text`` into the text field identified by ``locator``.</doc>
<status status="PASS" start="2026-02-24T08:39:55.548970" elapsed="0.133090"/>
</kw>
<kw name="Generate Random String" owner="String">
<msg time="2026-02-24T08:39:55.683059" level="INFO">${random} = 0104</msg>
<var>${random}</var>
<arg>4</arg>
<arg>[NUMBERS]</arg>
<doc>Generates a string with a desired ``length`` from the given ``chars``.</doc>
<status status="PASS" start="2026-02-24T08:39:55.683059" elapsed="0.000000"/>
</kw>
<kw name="Set Variable" owner="BuiltIn">
<msg time="2026-02-24T08:39:55.684059" level="INFO">${email} = test0104@mail.com</msg>
<var>${email}</var>
<arg>test${random}@mail.com</arg>
<doc>Returns the given values which can then be assigned to a variables.</doc>
<status status="PASS" start="2026-02-24T08:39:55.684059" elapsed="0.000000"/>
</kw>
<kw name="Input Text" owner="SeleniumLibrary">
<msg time="2026-02-24T08:39:55.685058" level="INFO">Typing text 'test0104@mail.com' into text field 'id:Email'.</msg>
<arg>${EMAIL_FIELD}</arg>
<arg>${email}</arg>
<doc>Types the given ``text`` into the text field identified by ``locator``.</doc>
<status status="PASS" start="2026-02-24T08:39:55.685058" elapsed="0.158084"/>
</kw>
<kw name="Input Text" owner="SeleniumLibrary">
<msg time="2026-02-24T08:39:55.844139" level="INFO">Typing text 'Test@123' into text field 'id:Password'.</msg>
<arg>${PASSWORD_FIELD}</arg>
<arg>${password}</arg>
<doc>Types the given ``text`` into the text field identified by ``locator``.</doc>
<status status="PASS" start="2026-02-24T08:39:55.844139" elapsed="0.157526"/>
</kw>
<kw name="Input Text" owner="SeleniumLibrary">
<msg time="2026-02-24T08:39:56.001665" level="INFO">Typing text 'Test@123' into text field 'id:ConfirmPassword'.</msg>
<arg>${CONFIRM_PASSWORD}</arg>
<arg>${password}</arg>
<doc>Types the given ``text`` into the text field identified by ``locator``.</doc>
<status status="PASS" start="2026-02-24T08:39:56.001665" elapsed="0.110522"/>
</kw>
<kw name="Click Element" owner="SeleniumLibrary">
<msg time="2026-02-24T08:39:56.113187" level="INFO">Clicking element 'id:register-button'.</msg>
<arg>${REGISTER_BUTTON}</arg>
<doc>Click the element identified by ``locator``.</doc>
<status status="PASS" start="2026-02-24T08:39:56.112187" elapsed="1.079232"/>
</kw>
<kw name="Wait Until Page Contains" owner="SeleniumLibrary">
<arg>Your registration completed</arg>
<arg>10s</arg>
<doc>Waits until ``text`` appears on the current page.</doc>
<status status="PASS" start="2026-02-24T08:39:57.191419" elapsed="0.019998"/>
</kw>
<return>
<value>${email}</value>
<status status="PASS" start="2026-02-24T08:39:57.212420" elapsed="0.000000"/>
</return>
<msg time="2026-02-24T08:39:57.212420" level="INFO">${email} = test0104@mail.com</msg>
<var>${email}</var>
<arg>${firstname}</arg>
<arg>${lastname}</arg>
<arg>${password}</arg>
<arg>${gender}</arg>
<status status="PASS" start="2026-02-24T08:39:54.671095" elapsed="2.541325"/>
</kw>
<kw name="Logout From Application" owner="login_keyword">
<kw name="Click Element" owner="SeleniumLibrary">
<msg time="2026-02-24T08:39:57.213413" level="INFO">Clicking element 'link:Log out'.</msg>
<arg>${LOGOUT_LINK}</arg>
<doc>Click the element identified by ``locator``.</doc>
<status status="PASS" start="2026-02-24T08:39:57.213413" elapsed="0.859020"/>
</kw>
<kw name="Wait Until Page Contains" owner="SeleniumLibrary">
<arg>Log in</arg>
<arg>10s</arg>
<doc>Waits until ``text`` appears on the current page.</doc>
<status status="PASS" start="2026-02-24T08:39:58.073430" elapsed="0.017001"/>
</kw>
<status status="PASS" start="2026-02-24T08:39:57.212420" elapsed="0.878011"/>
</kw>
<kw name="Login To Application" owner="login_keyword">
<kw name="Click Element" owner="SeleniumLibrary">
<msg time="2026-02-24T08:39:58.091431" level="INFO">Clicking element 'link:Log in'.</msg>
<arg>${LOGIN_LINK}</arg>
<doc>Click the element identified by ``locator``.</doc>
<status status="PASS" start="2026-02-24T08:39:58.091431" elapsed="0.516820"/>
</kw>
<kw name="Wait Until Element Is Visible" owner="SeleniumLibrary">
<arg>${EMAIL_FIELD}</arg>
<arg>10s</arg>
<doc>Waits until the element ``locator`` is visible.</doc>
<status status="PASS" start="2026-02-24T08:39:58.608251" elapsed="0.021016"/>
</kw>
<kw name="Input Text" owner="SeleniumLibrary">
<msg time="2026-02-24T08:39:58.630263" level="INFO">Typing text 'test0104@mail.com' into text field 'id:Email'.</msg>
<arg>${EMAIL_FIELD}</arg>
<arg>${email}</arg>
<doc>Types the given ``text`` into the text field identified by ``locator``.</doc>
<status status="PASS" start="2026-02-24T08:39:58.630263" elapsed="0.149121"/>
</kw>
<kw name="Input Text" owner="SeleniumLibrary">
<msg time="2026-02-24T08:39:58.780383" level="INFO">Typing text 'Test@123' into text field 'id:Password'.</msg>
<arg>${PASSWORD_FIELD}</arg>
<arg>${password}</arg>
<doc>Types the given ``text`` into the text field identified by ``locator``.</doc>
<status status="PASS" start="2026-02-24T08:39:58.779384" elapsed="0.140200"/>
</kw>
<kw name="Click Element" owner="SeleniumLibrary">
<msg time="2026-02-24T08:39:58.920580" level="INFO">Clicking element 'xpath://input[@value='Log in']'.</msg>
<arg>${LOGIN_BUTTON}</arg>
<doc>Click the element identified by ``locator``.</doc>
<status status="PASS" start="2026-02-24T08:39:58.919584" elapsed="0.804613"/>
</kw>
<kw name="Wait Until Page Contains" owner="SeleniumLibrary">
<arg>Log out</arg>
<arg>10s</arg>
<doc>Waits until ``text`` appears on the current page.</doc>
<status status="PASS" start="2026-02-24T08:39:59.724197" elapsed="0.021194"/>
</kw>
<arg>${email}</arg>
<arg>${password}</arg>
<status status="PASS" start="2026-02-24T08:39:58.090431" elapsed="1.654960"/>
</kw>
<kw name="Search Product" owner="search_keyword">
<kw name="Input Text" owner="SeleniumLibrary">
<msg time="2026-02-24T08:39:59.747387" level="INFO">Typing text 'laptop' into text field 'id:small-searchterms'.</msg>
<arg>${SEARCH_BOX}</arg>
<arg>${product}</arg>
<doc>Types the given ``text`` into the text field identified by ``locator``.</doc>
<status status="PASS" start="2026-02-24T08:39:59.747387" elapsed="0.150111"/>
</kw>
<kw name="Click Element" owner="SeleniumLibrary">
<msg time="2026-02-24T08:39:59.898500" level="INFO">Clicking element 'xpath://input[@value='Search']'.</msg>
<arg>${SEARCH_BUTTON}</arg>
<doc>Click the element identified by ``locator``.</doc>
<status status="PASS" start="2026-02-24T08:39:59.897498" elapsed="0.107545"/>
</kw>
<kw name="Wait Until Page Contains" owner="SeleniumLibrary">
<arg>${product}</arg>
<arg>10s</arg>
<doc>Waits until ``text`` appears on the current page.</doc>
<status status="PASS" start="2026-02-24T08:40:00.005043" elapsed="0.902889"/>
</kw>
<arg>${product}</arg>
<status status="PASS" start="2026-02-24T08:39:59.746391" elapsed="1.161541"/>
</kw>
<kw name="Add Product To Cart" owner="cart_keyword">
<kw name="Click Element" owner="SeleniumLibrary">
<msg time="2026-02-24T08:40:00.908931" level="INFO">Clicking element 'xpath:(//h2[@class='product-title']/a)[1]'.</msg>
<arg>${FIRST_PRODUCT}</arg>
<doc>Click the element identified by ``locator``.</doc>
<status status="PASS" start="2026-02-24T08:40:00.908931" elapsed="0.741100"/>
</kw>
<kw name="Wait Until Element Is Visible" owner="SeleniumLibrary">
<arg>${ADD_TO_CART_BUTTON}</arg>
<arg>10s</arg>
<doc>Waits until the element ``locator`` is visible.</doc>
<status status="PASS" start="2026-02-24T08:40:01.650031" elapsed="0.027003"/>
</kw>
<kw name="Click Element" owner="SeleniumLibrary">
<msg time="2026-02-24T08:40:01.678032" level="INFO">Clicking element 'xpath://input[@value='Add to cart']'.</msg>
<arg>${ADD_TO_CART_BUTTON}</arg>
<doc>Click the element identified by ``locator``.</doc>
<status status="PASS" start="2026-02-24T08:40:01.678032" elapsed="0.100285"/>
</kw>
<kw name="Wait Until Element Is Visible" owner="SeleniumLibrary">
<arg>${NOTIFICATION_BAR}</arg>
<arg>10s</arg>
<doc>Waits until the element ``locator`` is visible.</doc>
<status status="PASS" start="2026-02-24T08:40:01.779316" elapsed="0.472124"/>
</kw>
<status status="PASS" start="2026-02-24T08:40:00.907932" elapsed="1.343508"/>
</kw>
<kw name="Go To Cart And Remove Item" owner="cart_keyword">
<kw name="Click Element" owner="SeleniumLibrary">
<msg time="2026-02-24T08:40:02.253438" level="INFO">Clicking element 'xpath://span[text()='Shopping cart']'.</msg>
<arg>${CART_LINK}</arg>
<doc>Click the element identified by ``locator``.</doc>
<status status="PASS" start="2026-02-24T08:40:02.252436" elapsed="0.732754"/>
</kw>
<kw name="Wait Until Page Contains" owner="SeleniumLibrary">
<arg>Shopping cart</arg>
<arg>10s</arg>
<doc>Waits until ``text`` appears on the current page.</doc>
<status status="PASS" start="2026-02-24T08:40:02.985190" elapsed="0.022999"/>
</kw>
<kw name="Select Checkbox" owner="SeleniumLibrary">
<msg time="2026-02-24T08:40:03.009190" level="INFO">Selecting checkbox 'xpath://input[@name='removefromcart']'.</msg>
<arg>${REMOVE_CHECKBOX}</arg>
<doc>Selects the checkbox identified by ``locator``.</doc>
<status status="PASS" start="2026-02-24T08:40:03.009190" elapsed="0.151078"/>
</kw>
<kw name="Click Element" owner="SeleniumLibrary">
<msg time="2026-02-24T08:40:03.161267" level="INFO">Clicking element 'xpath://input[@name='updatecart']'.</msg>
<arg>${UPDATE_CART_BUTTON}</arg>
<doc>Click the element identified by ``locator``.</doc>
<status status="PASS" start="2026-02-24T08:40:03.160268" elapsed="0.468143"/>
</kw>
<kw name="Wait Until Page Contains" owner="SeleniumLibrary">
<arg>Your Shopping Cart is empty!</arg>
<arg>10s</arg>
<doc>Waits until ``text`` appears on the current page.</doc>
<status status="PASS" start="2026-02-24T08:40:03.629411" elapsed="0.219902"/>
</kw>
<status status="PASS" start="2026-02-24T08:40:02.252436" elapsed="1.596877"/>
</kw>
<kw name="Logout From Application" owner="login_keyword">
<kw name="Click Element" owner="SeleniumLibrary">
<msg time="2026-02-24T08:40:03.851313" level="INFO">Clicking element 'link:Log out'.</msg>
<arg>${LOGOUT_LINK}</arg>
<doc>Click the element identified by ``locator``.</doc>
<status status="PASS" start="2026-02-24T08:40:03.850312" elapsed="0.941832"/>
</kw>
<kw name="Wait Until Page Contains" owner="SeleniumLibrary">
<arg>Log in</arg>
<arg>10s</arg>
<doc>Waits until ``text`` appears on the current page.</doc>
<status status="PASS" start="2026-02-24T08:40:04.792144" elapsed="0.016996"/>
</kw>
<status status="PASS" start="2026-02-24T08:40:03.850312" elapsed="0.958828"/>
</kw>
<arg>firstname=Amulya Rani</arg>
<arg>lastname=Noonela</arg>
<arg>password=Test@123</arg>
<arg>product=laptop</arg>
<arg>gender=female</arg>
<status status="PASS" start="2026-02-24T08:39:54.671095" elapsed="10.138045"/>
</kw>
<kw name="Close Browser Session" owner="common" type="TEARDOWN">
<kw name="Close Browser" owner="SeleniumLibrary">
<doc>Closes the current browser.</doc>
<status status="PASS" start="2026-02-24T08:40:04.811141" elapsed="2.365557"/>
</kw>
<status status="PASS" start="2026-02-24T08:40:04.810138" elapsed="2.366560"/>
</kw>
<status status="PASS" start="2026-02-24T08:39:48.488922" elapsed="18.687776"/>
</test>
<status status="PASS" start="2026-02-24T08:38:29.092067" elapsed="98.085630"/>
</suite>
<status status="PASS" start="2026-02-24T08:38:29.089065" elapsed="98.089632"/>
</suite>
<status status="PASS" start="2026-02-24T08:38:29.004999" elapsed="98.174698"/>
</suite>
<statistics>
<total>
<stat pass="5" fail="0" skip="0">All Tests</stat>
</total>
<tag>
</tag>
<suite>
<stat name="Robot" id="s1" pass="5" fail="0" skip="0">Robot</stat>
<stat name="Tests" id="s1-s1" pass="5" fail="0" skip="0">Robot.Tests</stat>
<stat name="End2End Flow" id="s1-s1-s1" pass="5" fail="0" skip="0">Robot.Tests.End2End Flow</stat>
</suite>
</statistics>
<errors>
</errors>
</robot>
